# StreamVersion 1.1
ExposeEvent 0 959 0 0 0 0
RenderEvent 0 959 0 0 0 0
MouseMoveEvent 534 680 0 0 0 0
MouseMoveEvent 534 678 0 0 0 0
MouseMoveEvent 534 677 0 0 0 0
MouseMoveEvent 534 676 0 0 0 0
MouseMoveEvent 535 676 0 0 0 0
LeftButtonPressEvent 535 676 0 0 0 0
StartInteractionEvent 535 676 0 0 0 0
MouseMoveEvent 535 674 0 0 0 0
RenderEvent 535 674 0 0 0 0
InteractionEvent 535 674 0 0 0 0
MouseMoveEvent 535 670 0 0 0 0
RenderEvent 535 670 0 0 0 0
InteractionEvent 535 670 0 0 0 0
MouseMoveEvent 535 666 0 0 0 0
RenderEvent 535 666 0 0 0 0
InteractionEvent 535 666 0 0 0 0
MouseMoveEvent 535 662 0 0 0 0
RenderEvent 535 662 0 0 0 0
InteractionEvent 535 662 0 0 0 0
MouseMoveEvent 535 646 0 0 0 0
RenderEvent 535 646 0 0 0 0
InteractionEvent 535 646 0 0 0 0
MouseMoveEvent 530 631 0 0 0 0
RenderEvent 530 631 0 0 0 0
InteractionEvent 530 631 0 0 0 0
MouseMoveEvent 526 611 0 0 0 0
RenderEvent 526 611 0 0 0 0
InteractionEvent 526 611 0 0 0 0
MouseMoveEvent 517 591 0 0 0 0
RenderEvent 517 591 0 0 0 0
InteractionEvent 517 591 0 0 0 0
MouseMoveEvent 509 572 0 0 0 0
RenderEvent 509 572 0 0 0 0
InteractionEvent 509 572 0 0 0 0
MouseMoveEvent 502 552 0 0 0 0
RenderEvent 502 552 0 0 0 0
InteractionEvent 502 552 0 0 0 0
MouseMoveEvent 491 528 0 0 0 0
RenderEvent 491 528 0 0 0 0
InteractionEvent 491 528 0 0 0 0
MouseMoveEvent 484 506 0 0 0 0
RenderEvent 484 506 0 0 0 0
InteractionEvent 484 506 0 0 0 0
MouseMoveEvent 477 484 0 0 0 0
RenderEvent 477 484 0 0 0 0
InteractionEvent 477 484 0 0 0 0
MouseMoveEvent 467 464 0 0 0 0
RenderEvent 467 464 0 0 0 0
InteractionEvent 467 464 0 0 0 0
MouseMoveEvent 462 452 0 0 0 0
RenderEvent 462 452 0 0 0 0
InteractionEvent 462 452 0 0 0 0
MouseMoveEvent 459 448 0 0 0 0
RenderEvent 459 448 0 0 0 0
InteractionEvent 459 448 0 0 0 0
MouseMoveEvent 455 442 0 0 0 0
RenderEvent 455 442 0 0 0 0
InteractionEvent 455 442 0 0 0 0
MouseMoveEvent 450 438 0 0 0 0
RenderEvent 450 438 0 0 0 0
InteractionEvent 450 438 0 0 0 0
MouseMoveEvent 445 435 0 0 0 0
RenderEvent 445 435 0 0 0 0
InteractionEvent 445 435 0 0 0 0
MouseMoveEvent 441 433 0 0 0 0
RenderEvent 441 433 0 0 0 0
InteractionEvent 441 433 0 0 0 0
MouseMoveEvent 438 432 0 0 0 0
RenderEvent 438 432 0 0 0 0
InteractionEvent 438 432 0 0 0 0
MouseMoveEvent 436 432 0 0 0 0
RenderEvent 436 432 0 0 0 0
InteractionEvent 436 432 0 0 0 0
MouseMoveEvent 435 431 0 0 0 0
RenderEvent 435 431 0 0 0 0
InteractionEvent 435 431 0 0 0 0
MouseMoveEvent 433 431 0 0 0 0
RenderEvent 433 431 0 0 0 0
InteractionEvent 433 431 0 0 0 0
MouseMoveEvent 432 431 0 0 0 0
RenderEvent 432 431 0 0 0 0
InteractionEvent 432 431 0 0 0 0
MouseMoveEvent 430 431 0 0 0 0
RenderEvent 430 431 0 0 0 0
InteractionEvent 430 431 0 0 0 0
MouseMoveEvent 428 431 0 0 0 0
RenderEvent 428 431 0 0 0 0
InteractionEvent 428 431 0 0 0 0
MouseMoveEvent 426 431 0 0 0 0
RenderEvent 426 431 0 0 0 0
InteractionEvent 426 431 0 0 0 0
MouseMoveEvent 423 431 0 0 0 0
RenderEvent 423 431 0 0 0 0
InteractionEvent 423 431 0 0 0 0
MouseMoveEvent 421 431 0 0 0 0
RenderEvent 421 431 0 0 0 0
InteractionEvent 421 431 0 0 0 0
MouseMoveEvent 419 430 0 0 0 0
RenderEvent 419 430 0 0 0 0
InteractionEvent 419 430 0 0 0 0
MouseMoveEvent 418 430 0 0 0 0
RenderEvent 418 430 0 0 0 0
InteractionEvent 418 430 0 0 0 0
LeftButtonReleaseEvent 418 430 0 0 0 0
EndInteractionEvent 418 430 0 0 0 0
RenderEvent 418 430 0 0 0 0
MouseMoveEvent 418 430 0 0 0 0
MouseMoveEvent 417 430 0 0 0 0
MouseMoveEvent 416 431 0 0 0 0
MouseMoveEvent 415 433 0 0 0 0
MouseMoveEvent 415 434 0 0 0 0
MouseMoveEvent 415 435 0 0 0 0
MouseMoveEvent 416 438 0 0 0 0
MouseMoveEvent 417 439 0 0 0 0
MouseMoveEvent 418 440 0 0 0 0
MouseMoveEvent 418 439 0 0 0 0
MouseMoveEvent 418 438 0 0 0 0
MouseWheelBackwardEvent 418 438 0 0 0 0
StartInteractionEvent 418 438 0 0 0 0
RenderEvent 418 438 0 0 0 0
EndInteractionEvent 418 438 0 0 0 0
RenderEvent 418 438 0 0 0 0
MouseMoveEvent 419 436 0 0 0 0
MouseMoveEvent 421 432 0 0 0 0
MouseMoveEvent 421 431 0 0 0 0
MouseWheelBackwardEvent 421 431 0 0 1 0
StartInteractionEvent 421 431 0 0 1 0
RenderEvent 421 431 0 0 1 0
EndInteractionEvent 421 431 0 0 1 0
RenderEvent 421 431 0 0 1 0
MouseMoveEvent 421 429 0 0 0 0
MouseMoveEvent 422 427 0 0 0 0
MouseMoveEvent 423 426 0 0 0 0
MouseMoveEvent 423 424 0 0 0 0
MouseWheelBackwardEvent 423 424 0 0 0 0
StartInteractionEvent 423 424 0 0 0 0
RenderEvent 423 424 0 0 0 0
EndInteractionEvent 423 424 0 0 0 0
RenderEvent 423 424 0 0 0 0
MouseMoveEvent 423 423 0 0 0 0
MouseMoveEvent 424 422 0 0 0 0
MouseMoveEvent 425 419 0 0 0 0
MouseMoveEvent 425 418 0 0 0 0
MouseMoveEvent 426 417 0 0 0 0
MouseMoveEvent 426 417 0 0 0 0
MouseWheelForwardEvent 426 417 0 0 1 0
StartInteractionEvent 426 417 0 0 1 0
RenderEvent 426 417 0 0 1 0
EndInteractionEvent 426 417 0 0 1 0
RenderEvent 426 417 0 0 1 0
MouseWheelForwardEvent 426 417 0 0 0 0
StartInteractionEvent 426 417 0 0 0 0
RenderEvent 426 417 0 0 0 0
EndInteractionEvent 426 417 0 0 0 0
RenderEvent 426 417 0 0 0 0
MouseWheelForwardEvent 426 417 0 0 1 0
StartInteractionEvent 426 417 0 0 1 0
RenderEvent 426 417 0 0 1 0
EndInteractionEvent 426 417 0 0 1 0
RenderEvent 426 417 0 0 1 0
MouseWheelForwardEvent 426 417 0 0 0 0
StartInteractionEvent 426 417 0 0 0 0
RenderEvent 426 417 0 0 0 0
EndInteractionEvent 426 417 0 0 0 0
RenderEvent 426 417 0 0 0 0
MouseWheelForwardEvent 426 417 0 0 1 0
StartInteractionEvent 426 417 0 0 1 0
RenderEvent 426 417 0 0 1 0
EndInteractionEvent 426 417 0 0 1 0
RenderEvent 426 417 0 0 1 0
