2021-12-07 11:26:09,202 - root - INFO - Performing a simple bayesian optimization on parabolic cost function with local asynchronous evaluator
2021-12-07 11:26:09,202 - PARyOpt.paryopt - INFO - dimensionality: 1
2021-12-07 11:26:09,203 - PARyOpt.paryopt - INFO - Bounds: l_bound: [-12.], u_bound: [12.]
2021-12-07 11:26:09,203 - PARyOpt.paryopt - INFO - kernel function: sqr_exp
2021-12-07 11:26:09,203 - PARyOpt.paryopt - INFO - acquisition function: LCB
2021-12-07 11:26:09,203 - PARyOpt.paryopt - INFO - kernel function : theta: 1.0, theta0: 1.0
2021-12-07 11:26:09,203 - PARyOpt.paryopt - INFO - Init finished
2021-12-07 11:26:09,207 - PARyOpt.paryopt - INFO - Surrogate without failed points created! (7 points) 
2021-12-07 11:26:09,208 - PARyOpt.paryopt - INFO - Surrogate with failed points created! (7 points) 
2021-12-07 11:26:09,209 - PARyOpt.paryopt - INFO - Surrogate without failed points created! (7 points) 
2021-12-07 11:26:09,210 - PARyOpt.paryopt - INFO - Surrogate with failed points created! (7 points) 
2021-12-07 11:26:09,212 - PARyOpt.paryopt - INFO - Surrogate without failed points created! (7 points) 
2021-12-07 11:26:09,212 - PARyOpt.paryopt - INFO - Surrogate with failed points created! (7 points) 
2021-12-07 11:26:09,214 - PARyOpt.paryopt - INFO - Surrogate without failed points created! (7 points) 
2021-12-07 11:26:09,215 - PARyOpt.paryopt - INFO - Surrogate with failed points created! (7 points) 
2021-12-07 11:26:09,216 - PARyOpt.paryopt - INFO - Surrogate without failed points created! (7 points) 
2021-12-07 11:26:09,217 - PARyOpt.paryopt - INFO - Surrogate with failed points created! (7 points) 
2021-12-07 11:26:09,219 - PARyOpt.paryopt - INFO - Surrogate without failed points created! (7 points) 
2021-12-07 11:26:09,219 - PARyOpt.paryopt - INFO - Surrogate with failed points created! (7 points) 
2021-12-07 11:26:09,221 - PARyOpt.paryopt - INFO - Surrogate without failed points created! (7 points) 
2021-12-07 11:26:09,221 - PARyOpt.paryopt - INFO - Surrogate with failed points created! (7 points) 
2021-12-07 11:26:09,223 - PARyOpt.paryopt - INFO - Surrogate without failed points created! (7 points) 
2021-12-07 11:26:09,224 - PARyOpt.paryopt - INFO - Surrogate with failed points created! (7 points) 
2021-12-07 11:26:09,227 - PARyOpt.paryopt - INFO - Surrogate without failed points created! (7 points) 
2021-12-07 11:26:09,227 - PARyOpt.paryopt - INFO - Surrogate with failed points created! (7 points) 
2021-12-07 11:26:09,229 - PARyOpt.paryopt - INFO - Surrogate without failed points created! (7 points) 
2021-12-07 11:26:09,230 - PARyOpt.paryopt - INFO - Surrogate with failed points created! (7 points) 
2021-12-07 11:26:09,238 - PARyOpt.paryopt - INFO - Surrogate without failed points created! (7 points) 
2021-12-07 11:26:09,239 - PARyOpt.paryopt - INFO - Surrogate with failed points created! (7 points) 
2021-12-07 11:26:09,241 - PARyOpt.paryopt - INFO - Surrogate without failed points created! (7 points) 
2021-12-07 11:26:09,242 - PARyOpt.paryopt - INFO - Surrogate with failed points created! (7 points) 
2021-12-07 11:26:09,244 - PARyOpt.paryopt - INFO - Surrogate without failed points created! (7 points) 
2021-12-07 11:26:09,244 - PARyOpt.paryopt - INFO - Surrogate with failed points created! (7 points) 
2021-12-07 11:26:09,246 - PARyOpt.paryopt - INFO - Surrogate without failed points created! (7 points) 
2021-12-07 11:26:09,247 - PARyOpt.paryopt - INFO - Surrogate with failed points created! (7 points) 
2021-12-07 11:26:09,249 - PARyOpt.paryopt - INFO - Surrogate without failed points created! (7 points) 
2021-12-07 11:26:09,249 - PARyOpt.paryopt - INFO - Surrogate with failed points created! (7 points) 
2021-12-07 11:26:09,251 - PARyOpt.paryopt - INFO - Surrogate without failed points created! (7 points) 
2021-12-07 11:26:09,251 - PARyOpt.paryopt - INFO - Surrogate with failed points created! (7 points) 
2021-12-07 11:26:09,253 - PARyOpt.paryopt - INFO - Surrogate without failed points created! (7 points) 
2021-12-07 11:26:09,254 - PARyOpt.paryopt - INFO - Surrogate with failed points created! (7 points) 
2021-12-07 11:26:09,256 - PARyOpt.paryopt - INFO - Surrogate without failed points created! (7 points) 
2021-12-07 11:26:09,256 - PARyOpt.paryopt - INFO - Surrogate with failed points created! (7 points) 
2021-12-07 11:26:09,258 - PARyOpt.paryopt - INFO - Surrogate without failed points created! (7 points) 
2021-12-07 11:26:09,259 - PARyOpt.paryopt - INFO - Surrogate with failed points created! (7 points) 
2021-12-07 11:26:09,260 - PARyOpt.paryopt - INFO - Surrogate without failed points created! (7 points) 
2021-12-07 11:26:09,261 - PARyOpt.paryopt - INFO - Surrogate with failed points created! (7 points) 
2021-12-07 11:26:09,263 - PARyOpt.paryopt - INFO - Surrogate without failed points created! (7 points) 
2021-12-07 11:26:09,263 - PARyOpt.paryopt - INFO - Surrogate with failed points created! (7 points) 
2021-12-07 11:26:09,265 - PARyOpt.paryopt - INFO - Surrogate without failed points created! (7 points) 
2021-12-07 11:26:09,266 - PARyOpt.paryopt - INFO - Surrogate with failed points created! (7 points) 
2021-12-07 11:26:09,267 - PARyOpt.paryopt - INFO - Surrogate without failed points created! (7 points) 
2021-12-07 11:26:09,268 - PARyOpt.paryopt - INFO - Surrogate with failed points created! (7 points) 
2021-12-07 11:26:09,270 - PARyOpt.paryopt - INFO - Surrogate without failed points created! (7 points) 
2021-12-07 11:26:09,270 - PARyOpt.paryopt - INFO - Surrogate with failed points created! (7 points) 
2021-12-07 11:26:09,272 - PARyOpt.paryopt - INFO - Surrogate without failed points created! (7 points) 
2021-12-07 11:26:09,272 - PARyOpt.paryopt - INFO - Surrogate with failed points created! (7 points) 
2021-12-07 11:26:09,276 - PARyOpt.paryopt - INFO - Surrogate without failed points created! (7 points) 
2021-12-07 11:26:09,281 - PARyOpt.paryopt - INFO - Surrogate with failed points created! (7 points) 
2021-12-07 11:26:09,284 - PARyOpt.paryopt - INFO - Surrogate without failed points created! (7 points) 
2021-12-07 11:26:09,284 - PARyOpt.paryopt - INFO - Surrogate with failed points created! (7 points) 
2021-12-07 11:26:09,286 - PARyOpt.paryopt - INFO - Surrogate without failed points created! (7 points) 
2021-12-07 11:26:09,287 - PARyOpt.paryopt - INFO - Surrogate with failed points created! (7 points) 
2021-12-07 11:26:09,288 - PARyOpt.paryopt - INFO - Surrogate without failed points created! (7 points) 
2021-12-07 11:26:09,288 - PARyOpt.paryopt - INFO - Surrogate with failed points created! (7 points) 
2021-12-07 11:26:09,289 - PARyOpt.paryopt - INFO - Surrogate without failed points created! (7 points) 
2021-12-07 11:26:09,289 - PARyOpt.paryopt - INFO - Surrogate with failed points created! (7 points) 
2021-12-07 11:26:09,289 - PARyOpt.paryopt - WARNING - Negative or zero det(K) for theta = 9.310413793103448, returning penalty
2021-12-07 11:26:09,290 - PARyOpt.paryopt - INFO - Surrogate without failed points created! (7 points) 
2021-12-07 11:26:09,290 - PARyOpt.paryopt - INFO - Surrogate with failed points created! (7 points) 
2021-12-07 11:26:09,290 - PARyOpt.paryopt - WARNING - Negative or zero det(K) for theta = 9.655206896551725, returning penalty
2021-12-07 11:26:09,291 - PARyOpt.paryopt - INFO - Surrogate without failed points created! (7 points) 
2021-12-07 11:26:09,292 - PARyOpt.paryopt - INFO - Surrogate with failed points created! (7 points) 
2021-12-07 11:26:09,292 - PARyOpt.paryopt - WARNING - Negative or zero det(K) for theta = 10.0, returning penalty
2021-12-07 11:26:09,293 - PARyOpt.paryopt - INFO - Surrogate without failed points created! (7 points) 
2021-12-07 11:26:09,293 - PARyOpt.paryopt - INFO - Surrogate with failed points created! (7 points) 
2021-12-07 11:26:09,293 - PARyOpt.paryopt - INFO - Kernel function parameter optimized: theta: 8.965620689655173, theta0: 1.0
2021-12-07 11:26:09,865 - root - INFO - Kriging surrogate is ready!
