2021-12-07 11:25:37,075 - root - INFO - Example run for Bayesian optimization
2021-12-07 11:25:37,076 - PARyOpt.paryopt - INFO - dimensionality: 1
2021-12-07 11:25:37,076 - PARyOpt.paryopt - INFO - Bounds: l_bound: [-12.], u_bound: [12.]
2021-12-07 11:25:37,076 - PARyOpt.paryopt - INFO - kernel function: MyKernelFunction
2021-12-07 11:25:37,076 - PARyOpt.paryopt - INFO - acquisition function: my_acquisition_function
2021-12-07 11:25:37,076 - PARyOpt.paryopt - INFO - kernel function : theta: 1.0, theta0: 1.0
2021-12-07 11:25:37,076 - PARyOpt.paryopt - INFO - Init finished
2021-12-07 11:25:37,077 - PARyOpt.paryopt - INFO - Surrogate without failed points created! (2 points) 
2021-12-07 11:25:37,077 - PARyOpt.paryopt - INFO - Surrogate with failed points created! (2 points) 
2021-12-07 11:25:37,077 - root - INFO - BO initialized
2021-12-07 11:25:37,452 - PARyOpt.paryopt - INFO - Surrogate without failed points created! (2 points) 
2021-12-07 11:25:37,453 - PARyOpt.paryopt - INFO - Surrogate with failed points created! (2 points) 
2021-12-07 11:25:37,453 - PARyOpt.paryopt - INFO - Surrogate without failed points created! (2 points) 
2021-12-07 11:25:37,454 - PARyOpt.paryopt - INFO - Surrogate with failed points created! (2 points) 
2021-12-07 11:25:37,454 - PARyOpt.paryopt - INFO - Surrogate without failed points created! (2 points) 
2021-12-07 11:25:37,454 - PARyOpt.paryopt - INFO - Surrogate with failed points created! (2 points) 
2021-12-07 11:25:37,455 - PARyOpt.paryopt - INFO - Surrogate without failed points created! (2 points) 
2021-12-07 11:25:37,455 - PARyOpt.paryopt - INFO - Surrogate with failed points created! (2 points) 
2021-12-07 11:25:37,455 - PARyOpt.paryopt - INFO - Surrogate without failed points created! (2 points) 
2021-12-07 11:25:37,456 - PARyOpt.paryopt - INFO - Surrogate with failed points created! (2 points) 
2021-12-07 11:25:37,456 - PARyOpt.paryopt - INFO - Surrogate without failed points created! (2 points) 
2021-12-07 11:25:37,456 - PARyOpt.paryopt - INFO - Surrogate with failed points created! (2 points) 
2021-12-07 11:25:37,457 - PARyOpt.paryopt - INFO - Surrogate without failed points created! (2 points) 
2021-12-07 11:25:37,457 - PARyOpt.paryopt - INFO - Surrogate with failed points created! (2 points) 
2021-12-07 11:25:37,457 - PARyOpt.paryopt - INFO - Surrogate without failed points created! (2 points) 
2021-12-07 11:25:37,457 - PARyOpt.paryopt - INFO - Surrogate with failed points created! (2 points) 
2021-12-07 11:25:37,458 - PARyOpt.paryopt - INFO - Surrogate without failed points created! (2 points) 
2021-12-07 11:25:37,458 - PARyOpt.paryopt - INFO - Surrogate with failed points created! (2 points) 
2021-12-07 11:25:37,458 - PARyOpt.paryopt - INFO - Surrogate without failed points created! (2 points) 
2021-12-07 11:25:37,459 - PARyOpt.paryopt - INFO - Surrogate with failed points created! (2 points) 
2021-12-07 11:25:37,459 - PARyOpt.paryopt - INFO - Surrogate without failed points created! (2 points) 
2021-12-07 11:25:37,459 - PARyOpt.paryopt - INFO - Surrogate with failed points created! (2 points) 
2021-12-07 11:25:37,460 - PARyOpt.paryopt - INFO - Surrogate without failed points created! (2 points) 
2021-12-07 11:25:37,460 - PARyOpt.paryopt - INFO - Surrogate with failed points created! (2 points) 
2021-12-07 11:25:37,460 - PARyOpt.paryopt - INFO - Surrogate without failed points created! (2 points) 
2021-12-07 11:25:37,461 - PARyOpt.paryopt - INFO - Surrogate with failed points created! (2 points) 
2021-12-07 11:25:37,461 - PARyOpt.paryopt - INFO - Surrogate without failed points created! (2 points) 
2021-12-07 11:25:37,461 - PARyOpt.paryopt - INFO - Surrogate with failed points created! (2 points) 
2021-12-07 11:25:37,462 - PARyOpt.paryopt - INFO - Surrogate without failed points created! (2 points) 
2021-12-07 11:25:37,463 - PARyOpt.paryopt - INFO - Surrogate with failed points created! (2 points) 
2021-12-07 11:25:37,463 - PARyOpt.paryopt - INFO - Surrogate without failed points created! (2 points) 
2021-12-07 11:25:37,463 - PARyOpt.paryopt - INFO - Surrogate with failed points created! (2 points) 
2021-12-07 11:25:37,464 - PARyOpt.paryopt - INFO - Surrogate without failed points created! (2 points) 
2021-12-07 11:25:37,464 - PARyOpt.paryopt - INFO - Surrogate with failed points created! (2 points) 
2021-12-07 11:25:37,465 - PARyOpt.paryopt - INFO - Surrogate without failed points created! (2 points) 
2021-12-07 11:25:37,465 - PARyOpt.paryopt - INFO - Surrogate with failed points created! (2 points) 
2021-12-07 11:25:37,466 - PARyOpt.paryopt - INFO - Surrogate without failed points created! (2 points) 
2021-12-07 11:25:37,466 - PARyOpt.paryopt - INFO - Surrogate with failed points created! (2 points) 
2021-12-07 11:25:37,467 - PARyOpt.paryopt - INFO - Surrogate without failed points created! (2 points) 
2021-12-07 11:25:37,467 - PARyOpt.paryopt - INFO - Surrogate with failed points created! (2 points) 
2021-12-07 11:25:37,468 - PARyOpt.paryopt - INFO - Surrogate without failed points created! (2 points) 
2021-12-07 11:25:37,468 - PARyOpt.paryopt - INFO - Surrogate with failed points created! (2 points) 
2021-12-07 11:25:37,469 - PARyOpt.paryopt - INFO - Surrogate without failed points created! (2 points) 
2021-12-07 11:25:37,469 - PARyOpt.paryopt - INFO - Surrogate with failed points created! (2 points) 
2021-12-07 11:25:37,472 - PARyOpt.paryopt - INFO - Surrogate without failed points created! (2 points) 
2021-12-07 11:25:37,473 - PARyOpt.paryopt - INFO - Surrogate with failed points created! (2 points) 
2021-12-07 11:25:37,474 - PARyOpt.paryopt - INFO - Surrogate without failed points created! (2 points) 
2021-12-07 11:25:37,475 - PARyOpt.paryopt - INFO - Surrogate with failed points created! (2 points) 
2021-12-07 11:25:37,476 - PARyOpt.paryopt - INFO - Surrogate without failed points created! (2 points) 
2021-12-07 11:25:37,476 - PARyOpt.paryopt - INFO - Surrogate with failed points created! (2 points) 
2021-12-07 11:25:37,477 - PARyOpt.paryopt - INFO - Surrogate without failed points created! (2 points) 
2021-12-07 11:25:37,477 - PARyOpt.paryopt - INFO - Surrogate with failed points created! (2 points) 
2021-12-07 11:25:37,478 - PARyOpt.paryopt - INFO - Surrogate without failed points created! (2 points) 
2021-12-07 11:25:37,478 - PARyOpt.paryopt - INFO - Surrogate with failed points created! (2 points) 
2021-12-07 11:25:37,479 - PARyOpt.paryopt - INFO - Surrogate without failed points created! (2 points) 
2021-12-07 11:25:37,479 - PARyOpt.paryopt - INFO - Surrogate with failed points created! (2 points) 
2021-12-07 11:25:37,480 - PARyOpt.paryopt - INFO - Surrogate without failed points created! (2 points) 
2021-12-07 11:25:37,480 - PARyOpt.paryopt - INFO - Surrogate with failed points created! (2 points) 
2021-12-07 11:25:37,481 - PARyOpt.paryopt - INFO - Surrogate without failed points created! (2 points) 
2021-12-07 11:25:37,481 - PARyOpt.paryopt - INFO - Surrogate with failed points created! (2 points) 
2021-12-07 11:25:37,482 - PARyOpt.paryopt - INFO - Surrogate without failed points created! (2 points) 
2021-12-07 11:25:37,482 - PARyOpt.paryopt - INFO - Surrogate with failed points created! (2 points) 
2021-12-07 11:25:37,483 - PARyOpt.paryopt - INFO - Surrogate without failed points created! (2 points) 
2021-12-07 11:25:37,483 - PARyOpt.paryopt - INFO - Surrogate with failed points created! (2 points) 
2021-12-07 11:25:37,483 - PARyOpt.paryopt - INFO - Kernel function parameter optimized: theta: 5.562068965517241, theta0: 1.0
2021-12-07 11:25:37,814 - PARyOpt.paryopt - INFO - opt = 0, kappa = 1000.00
2021-12-07 11:25:37,819 - PARyOpt.paryopt - INFO - Next location: [0.05810819], (acq value: -0.9749879167550715)
2021-12-07 11:25:37,821 - PARyOpt.paryopt - INFO - Saved optimizer state from iter 0 to 1
2021-12-07 11:25:37,821 - PARyOpt.paryopt - INFO - Cost function evaluated! Number completed: 1, failed: 0 and pending: 0
2021-12-07 11:25:37,822 - PARyOpt.paryopt - INFO - Surrogate without failed points created! (3 points) 
2021-12-07 11:25:37,822 - PARyOpt.paryopt - INFO - Surrogate with failed points created! (3 points) 
2021-12-07 11:25:37,824 - PARyOpt.paryopt - INFO - Saved optimizer state for iteration 1.
2021-12-07 11:25:37,826 - PARyOpt.paryopt - INFO - Saved optimizer state for iteration 1.
2021-12-07 11:25:37,826 - PARyOpt.paryopt - INFO - 1 iterations completed, total population: 3, number of iterations: 1!
2021-12-07 11:25:37,827 - PARyOpt.paryopt - INFO - Surrogate without failed points created! (3 points) 
2021-12-07 11:25:37,827 - PARyOpt.paryopt - INFO - Surrogate with failed points created! (3 points) 
2021-12-07 11:25:37,828 - PARyOpt.paryopt - INFO - Surrogate without failed points created! (3 points) 
2021-12-07 11:25:37,828 - PARyOpt.paryopt - INFO - Surrogate with failed points created! (3 points) 
2021-12-07 11:25:37,829 - PARyOpt.paryopt - INFO - Surrogate without failed points created! (3 points) 
2021-12-07 11:25:37,830 - PARyOpt.paryopt - INFO - Surrogate with failed points created! (3 points) 
2021-12-07 11:25:37,830 - PARyOpt.paryopt - INFO - Surrogate without failed points created! (3 points) 
2021-12-07 11:25:37,831 - PARyOpt.paryopt - INFO - Surrogate with failed points created! (3 points) 
2021-12-07 11:25:37,832 - PARyOpt.paryopt - INFO - Surrogate without failed points created! (3 points) 
2021-12-07 11:25:37,832 - PARyOpt.paryopt - INFO - Surrogate with failed points created! (3 points) 
2021-12-07 11:25:37,833 - PARyOpt.paryopt - INFO - Surrogate without failed points created! (3 points) 
2021-12-07 11:25:37,833 - PARyOpt.paryopt - INFO - Surrogate with failed points created! (3 points) 
2021-12-07 11:25:37,834 - PARyOpt.paryopt - INFO - Surrogate without failed points created! (3 points) 
2021-12-07 11:25:37,834 - PARyOpt.paryopt - INFO - Surrogate with failed points created! (3 points) 
2021-12-07 11:25:37,835 - PARyOpt.paryopt - INFO - Surrogate without failed points created! (3 points) 
2021-12-07 11:25:37,836 - PARyOpt.paryopt - INFO - Surrogate with failed points created! (3 points) 
2021-12-07 11:25:37,837 - PARyOpt.paryopt - INFO - Surrogate without failed points created! (3 points) 
2021-12-07 11:25:37,837 - PARyOpt.paryopt - INFO - Surrogate with failed points created! (3 points) 
2021-12-07 11:25:37,838 - PARyOpt.paryopt - INFO - Surrogate without failed points created! (3 points) 
2021-12-07 11:25:37,838 - PARyOpt.paryopt - INFO - Surrogate with failed points created! (3 points) 
2021-12-07 11:25:37,839 - PARyOpt.paryopt - INFO - Surrogate without failed points created! (3 points) 
2021-12-07 11:25:37,839 - PARyOpt.paryopt - INFO - Surrogate with failed points created! (3 points) 
2021-12-07 11:25:37,840 - PARyOpt.paryopt - INFO - Surrogate without failed points created! (3 points) 
2021-12-07 11:25:37,840 - PARyOpt.paryopt - INFO - Surrogate with failed points created! (3 points) 
2021-12-07 11:25:37,841 - PARyOpt.paryopt - INFO - Surrogate without failed points created! (3 points) 
2021-12-07 11:25:37,841 - PARyOpt.paryopt - INFO - Surrogate with failed points created! (3 points) 
2021-12-07 11:25:37,842 - PARyOpt.paryopt - INFO - Surrogate without failed points created! (3 points) 
2021-12-07 11:25:37,842 - PARyOpt.paryopt - INFO - Surrogate with failed points created! (3 points) 
2021-12-07 11:25:37,843 - PARyOpt.paryopt - INFO - Surrogate without failed points created! (3 points) 
2021-12-07 11:25:37,843 - PARyOpt.paryopt - INFO - Surrogate with failed points created! (3 points) 
2021-12-07 11:25:37,844 - PARyOpt.paryopt - INFO - Surrogate without failed points created! (3 points) 
2021-12-07 11:25:37,844 - PARyOpt.paryopt - INFO - Surrogate with failed points created! (3 points) 
2021-12-07 11:25:37,845 - PARyOpt.paryopt - INFO - Surrogate without failed points created! (3 points) 
2021-12-07 11:25:37,845 - PARyOpt.paryopt - INFO - Surrogate with failed points created! (3 points) 
2021-12-07 11:25:37,845 - PARyOpt.paryopt - INFO - Surrogate without failed points created! (3 points) 
2021-12-07 11:25:37,846 - PARyOpt.paryopt - INFO - Surrogate with failed points created! (3 points) 
2021-12-07 11:25:37,846 - PARyOpt.paryopt - INFO - Surrogate without failed points created! (3 points) 
2021-12-07 11:25:37,847 - PARyOpt.paryopt - INFO - Surrogate with failed points created! (3 points) 
2021-12-07 11:25:37,847 - PARyOpt.paryopt - INFO - Surrogate without failed points created! (3 points) 
2021-12-07 11:25:37,847 - PARyOpt.paryopt - INFO - Surrogate with failed points created! (3 points) 
2021-12-07 11:25:37,848 - PARyOpt.paryopt - INFO - Surrogate without failed points created! (3 points) 
2021-12-07 11:25:37,848 - PARyOpt.paryopt - INFO - Surrogate with failed points created! (3 points) 
2021-12-07 11:25:37,849 - PARyOpt.paryopt - INFO - Surrogate without failed points created! (3 points) 
2021-12-07 11:25:37,849 - PARyOpt.paryopt - INFO - Surrogate with failed points created! (3 points) 
2021-12-07 11:25:37,849 - PARyOpt.paryopt - INFO - Surrogate without failed points created! (3 points) 
2021-12-07 11:25:37,850 - PARyOpt.paryopt - INFO - Surrogate with failed points created! (3 points) 
2021-12-07 11:25:37,850 - PARyOpt.paryopt - INFO - Surrogate without failed points created! (3 points) 
2021-12-07 11:25:37,850 - PARyOpt.paryopt - INFO - Surrogate with failed points created! (3 points) 
2021-12-07 11:25:37,851 - PARyOpt.paryopt - INFO - Surrogate without failed points created! (3 points) 
2021-12-07 11:25:37,851 - PARyOpt.paryopt - INFO - Surrogate with failed points created! (3 points) 
2021-12-07 11:25:37,851 - PARyOpt.paryopt - INFO - Surrogate without failed points created! (3 points) 
2021-12-07 11:25:37,852 - PARyOpt.paryopt - INFO - Surrogate with failed points created! (3 points) 
2021-12-07 11:25:37,852 - PARyOpt.paryopt - INFO - Surrogate without failed points created! (3 points) 
2021-12-07 11:25:37,852 - PARyOpt.paryopt - INFO - Surrogate with failed points created! (3 points) 
2021-12-07 11:25:37,853 - PARyOpt.paryopt - INFO - Surrogate without failed points created! (3 points) 
2021-12-07 11:25:37,853 - PARyOpt.paryopt - INFO - Surrogate with failed points created! (3 points) 
2021-12-07 11:25:37,854 - PARyOpt.paryopt - INFO - Surrogate without failed points created! (3 points) 
2021-12-07 11:25:37,854 - PARyOpt.paryopt - INFO - Surrogate with failed points created! (3 points) 
2021-12-07 11:25:37,854 - PARyOpt.paryopt - INFO - Surrogate without failed points created! (3 points) 
2021-12-07 11:25:37,855 - PARyOpt.paryopt - INFO - Surrogate with failed points created! (3 points) 
2021-12-07 11:25:37,855 - PARyOpt.paryopt - INFO - Surrogate without failed points created! (3 points) 
2021-12-07 11:25:37,855 - PARyOpt.paryopt - INFO - Surrogate with failed points created! (3 points) 
2021-12-07 11:25:37,856 - PARyOpt.paryopt - INFO - Surrogate without failed points created! (3 points) 
2021-12-07 11:25:37,856 - PARyOpt.paryopt - INFO - Surrogate with failed points created! (3 points) 
2021-12-07 11:25:37,856 - PARyOpt.paryopt - INFO - Kernel function parameter optimized: theta: 4.537931034482758, theta0: 1.0
2021-12-07 11:25:37,856 - PARyOpt.paryopt - INFO - opt = 0, kappa = 1000.00
2021-12-07 11:25:37,864 - PARyOpt.paryopt - INFO - Next location: [1.90279566], (acq value: 0.32558482616618)
2021-12-07 11:25:37,865 - PARyOpt.paryopt - INFO - Saved optimizer state from iter 1 to 2
2021-12-07 11:25:37,865 - PARyOpt.paryopt - INFO - Cost function evaluated! Number completed: 1, failed: 0 and pending: 0
2021-12-07 11:25:37,866 - PARyOpt.paryopt - INFO - Surrogate without failed points created! (4 points) 
2021-12-07 11:25:37,867 - PARyOpt.paryopt - INFO - Surrogate with failed points created! (4 points) 
2021-12-07 11:25:37,868 - PARyOpt.paryopt - INFO - Saved optimizer state for iteration 2.
2021-12-07 11:25:37,870 - PARyOpt.paryopt - INFO - Saved optimizer state for iteration 2.
2021-12-07 11:25:37,870 - PARyOpt.paryopt - INFO - 1 iterations completed, total population: 4, number of iterations: 2!
2021-12-07 11:25:37,871 - PARyOpt.paryopt - INFO - Surrogate without failed points created! (4 points) 
2021-12-07 11:25:37,872 - PARyOpt.paryopt - INFO - Surrogate with failed points created! (4 points) 
2021-12-07 11:25:37,873 - PARyOpt.paryopt - INFO - Surrogate without failed points created! (4 points) 
2021-12-07 11:25:37,873 - PARyOpt.paryopt - INFO - Surrogate with failed points created! (4 points) 
2021-12-07 11:25:37,875 - PARyOpt.paryopt - INFO - Surrogate without failed points created! (4 points) 
2021-12-07 11:25:37,875 - PARyOpt.paryopt - INFO - Surrogate with failed points created! (4 points) 
2021-12-07 11:25:37,876 - PARyOpt.paryopt - INFO - Surrogate without failed points created! (4 points) 
2021-12-07 11:25:37,877 - PARyOpt.paryopt - INFO - Surrogate with failed points created! (4 points) 
2021-12-07 11:25:37,878 - PARyOpt.paryopt - INFO - Surrogate without failed points created! (4 points) 
2021-12-07 11:25:37,878 - PARyOpt.paryopt - INFO - Surrogate with failed points created! (4 points) 
2021-12-07 11:25:37,879 - PARyOpt.paryopt - INFO - Surrogate without failed points created! (4 points) 
2021-12-07 11:25:37,880 - PARyOpt.paryopt - INFO - Surrogate with failed points created! (4 points) 
2021-12-07 11:25:37,881 - PARyOpt.paryopt - INFO - Surrogate without failed points created! (4 points) 
2021-12-07 11:25:37,881 - PARyOpt.paryopt - INFO - Surrogate with failed points created! (4 points) 
2021-12-07 11:25:37,882 - PARyOpt.paryopt - INFO - Surrogate without failed points created! (4 points) 
2021-12-07 11:25:37,883 - PARyOpt.paryopt - INFO - Surrogate with failed points created! (4 points) 
2021-12-07 11:25:37,884 - PARyOpt.paryopt - INFO - Surrogate without failed points created! (4 points) 
2021-12-07 11:25:37,884 - PARyOpt.paryopt - INFO - Surrogate with failed points created! (4 points) 
2021-12-07 11:25:37,885 - PARyOpt.paryopt - INFO - Surrogate without failed points created! (4 points) 
2021-12-07 11:25:37,886 - PARyOpt.paryopt - INFO - Surrogate with failed points created! (4 points) 
2021-12-07 11:25:37,887 - PARyOpt.paryopt - INFO - Surrogate without failed points created! (4 points) 
2021-12-07 11:25:37,887 - PARyOpt.paryopt - INFO - Surrogate with failed points created! (4 points) 
2021-12-07 11:25:37,889 - PARyOpt.paryopt - INFO - Surrogate without failed points created! (4 points) 
2021-12-07 11:25:37,889 - PARyOpt.paryopt - INFO - Surrogate with failed points created! (4 points) 
2021-12-07 11:25:37,890 - PARyOpt.paryopt - INFO - Surrogate without failed points created! (4 points) 
2021-12-07 11:25:37,891 - PARyOpt.paryopt - INFO - Surrogate with failed points created! (4 points) 
2021-12-07 11:25:37,892 - PARyOpt.paryopt - INFO - Surrogate without failed points created! (4 points) 
2021-12-07 11:25:37,892 - PARyOpt.paryopt - INFO - Surrogate with failed points created! (4 points) 
2021-12-07 11:25:37,893 - PARyOpt.paryopt - INFO - Surrogate without failed points created! (4 points) 
2021-12-07 11:25:37,894 - PARyOpt.paryopt - INFO - Surrogate with failed points created! (4 points) 
2021-12-07 11:25:37,895 - PARyOpt.paryopt - INFO - Surrogate without failed points created! (4 points) 
2021-12-07 11:25:37,895 - PARyOpt.paryopt - INFO - Surrogate with failed points created! (4 points) 
2021-12-07 11:25:37,896 - PARyOpt.paryopt - INFO - Surrogate without failed points created! (4 points) 
2021-12-07 11:25:37,897 - PARyOpt.paryopt - INFO - Surrogate with failed points created! (4 points) 
2021-12-07 11:25:37,898 - PARyOpt.paryopt - INFO - Surrogate without failed points created! (4 points) 
2021-12-07 11:25:37,898 - PARyOpt.paryopt - INFO - Surrogate with failed points created! (4 points) 
2021-12-07 11:25:37,899 - PARyOpt.paryopt - INFO - Surrogate without failed points created! (4 points) 
2021-12-07 11:25:37,900 - PARyOpt.paryopt - INFO - Surrogate with failed points created! (4 points) 
2021-12-07 11:25:37,901 - PARyOpt.paryopt - INFO - Surrogate without failed points created! (4 points) 
2021-12-07 11:25:37,901 - PARyOpt.paryopt - INFO - Surrogate with failed points created! (4 points) 
2021-12-07 11:25:37,905 - PARyOpt.paryopt - INFO - Surrogate without failed points created! (4 points) 
2021-12-07 11:25:37,906 - PARyOpt.paryopt - INFO - Surrogate with failed points created! (4 points) 
2021-12-07 11:25:37,907 - PARyOpt.paryopt - INFO - Surrogate without failed points created! (4 points) 
2021-12-07 11:25:37,908 - PARyOpt.paryopt - INFO - Surrogate with failed points created! (4 points) 
2021-12-07 11:25:37,909 - PARyOpt.paryopt - INFO - Surrogate without failed points created! (4 points) 
2021-12-07 11:25:37,910 - PARyOpt.paryopt - INFO - Surrogate with failed points created! (4 points) 
2021-12-07 11:25:37,911 - PARyOpt.paryopt - INFO - Surrogate without failed points created! (4 points) 
2021-12-07 11:25:37,911 - PARyOpt.paryopt - INFO - Surrogate with failed points created! (4 points) 
2021-12-07 11:25:37,912 - PARyOpt.paryopt - INFO - Surrogate without failed points created! (4 points) 
2021-12-07 11:25:37,913 - PARyOpt.paryopt - INFO - Surrogate with failed points created! (4 points) 
2021-12-07 11:25:37,914 - PARyOpt.paryopt - INFO - Surrogate without failed points created! (4 points) 
2021-12-07 11:25:37,914 - PARyOpt.paryopt - INFO - Surrogate with failed points created! (4 points) 
2021-12-07 11:25:37,915 - PARyOpt.paryopt - INFO - Surrogate without failed points created! (4 points) 
2021-12-07 11:25:37,916 - PARyOpt.paryopt - INFO - Surrogate with failed points created! (4 points) 
2021-12-07 11:25:37,917 - PARyOpt.paryopt - INFO - Surrogate without failed points created! (4 points) 
2021-12-07 11:25:37,917 - PARyOpt.paryopt - INFO - Surrogate with failed points created! (4 points) 
2021-12-07 11:25:37,919 - PARyOpt.paryopt - INFO - Surrogate without failed points created! (4 points) 
2021-12-07 11:25:37,919 - PARyOpt.paryopt - INFO - Surrogate with failed points created! (4 points) 
2021-12-07 11:25:37,920 - PARyOpt.paryopt - INFO - Surrogate without failed points created! (4 points) 
2021-12-07 11:25:37,921 - PARyOpt.paryopt - INFO - Surrogate with failed points created! (4 points) 
2021-12-07 11:25:37,922 - PARyOpt.paryopt - INFO - Surrogate without failed points created! (4 points) 
2021-12-07 11:25:37,922 - PARyOpt.paryopt - INFO - Surrogate with failed points created! (4 points) 
2021-12-07 11:25:37,923 - PARyOpt.paryopt - INFO - Surrogate without failed points created! (4 points) 
2021-12-07 11:25:37,924 - PARyOpt.paryopt - INFO - Surrogate with failed points created! (4 points) 
2021-12-07 11:25:37,924 - PARyOpt.paryopt - INFO - Kernel function parameter optimized: theta: 9.658620689655173, theta0: 1.0
2021-12-07 11:25:38,389 - PARyOpt.paryopt - INFO - opt = 0, kappa = 1000.00
2021-12-07 11:25:38,396 - PARyOpt.paryopt - INFO - Next location: [0.96436175], (acq value: 3.0893294621835157)
2021-12-07 11:25:38,397 - PARyOpt.paryopt - INFO - Saved optimizer state from iter 2 to 3
2021-12-07 11:25:38,397 - PARyOpt.paryopt - INFO - Cost function evaluated! Number completed: 1, failed: 0 and pending: 0
2021-12-07 11:25:38,398 - PARyOpt.paryopt - INFO - Surrogate without failed points created! (5 points) 
2021-12-07 11:25:38,398 - PARyOpt.paryopt - INFO - Surrogate with failed points created! (5 points) 
2021-12-07 11:25:38,400 - PARyOpt.paryopt - INFO - Saved optimizer state for iteration 3.
2021-12-07 11:25:38,401 - PARyOpt.paryopt - INFO - Saved optimizer state for iteration 3.
2021-12-07 11:25:38,402 - PARyOpt.paryopt - INFO - 1 iterations completed, total population: 5, number of iterations: 3!
2021-12-07 11:25:38,403 - PARyOpt.paryopt - INFO - Surrogate without failed points created! (5 points) 
2021-12-07 11:25:38,403 - PARyOpt.paryopt - INFO - Surrogate with failed points created! (5 points) 
2021-12-07 11:25:38,405 - PARyOpt.paryopt - INFO - Surrogate without failed points created! (5 points) 
2021-12-07 11:25:38,405 - PARyOpt.paryopt - INFO - Surrogate with failed points created! (5 points) 
2021-12-07 11:25:38,407 - PARyOpt.paryopt - INFO - Surrogate without failed points created! (5 points) 
2021-12-07 11:25:38,407 - PARyOpt.paryopt - INFO - Surrogate with failed points created! (5 points) 
2021-12-07 11:25:38,408 - PARyOpt.paryopt - INFO - Surrogate without failed points created! (5 points) 
2021-12-07 11:25:38,409 - PARyOpt.paryopt - INFO - Surrogate with failed points created! (5 points) 
2021-12-07 11:25:38,410 - PARyOpt.paryopt - INFO - Surrogate without failed points created! (5 points) 
2021-12-07 11:25:38,411 - PARyOpt.paryopt - INFO - Surrogate with failed points created! (5 points) 
2021-12-07 11:25:38,412 - PARyOpt.paryopt - INFO - Surrogate without failed points created! (5 points) 
2021-12-07 11:25:38,413 - PARyOpt.paryopt - INFO - Surrogate with failed points created! (5 points) 
2021-12-07 11:25:38,414 - PARyOpt.paryopt - INFO - Surrogate without failed points created! (5 points) 
2021-12-07 11:25:38,415 - PARyOpt.paryopt - INFO - Surrogate with failed points created! (5 points) 
2021-12-07 11:25:38,416 - PARyOpt.paryopt - INFO - Surrogate without failed points created! (5 points) 
2021-12-07 11:25:38,416 - PARyOpt.paryopt - INFO - Surrogate with failed points created! (5 points) 
2021-12-07 11:25:38,418 - PARyOpt.paryopt - INFO - Surrogate without failed points created! (5 points) 
2021-12-07 11:25:38,418 - PARyOpt.paryopt - INFO - Surrogate with failed points created! (5 points) 
2021-12-07 11:25:38,420 - PARyOpt.paryopt - INFO - Surrogate without failed points created! (5 points) 
2021-12-07 11:25:38,420 - PARyOpt.paryopt - INFO - Surrogate with failed points created! (5 points) 
2021-12-07 11:25:38,421 - PARyOpt.paryopt - INFO - Surrogate without failed points created! (5 points) 
2021-12-07 11:25:38,422 - PARyOpt.paryopt - INFO - Surrogate with failed points created! (5 points) 
2021-12-07 11:25:38,423 - PARyOpt.paryopt - INFO - Surrogate without failed points created! (5 points) 
2021-12-07 11:25:38,424 - PARyOpt.paryopt - INFO - Surrogate with failed points created! (5 points) 
2021-12-07 11:25:38,425 - PARyOpt.paryopt - INFO - Surrogate without failed points created! (5 points) 
2021-12-07 11:25:38,426 - PARyOpt.paryopt - INFO - Surrogate with failed points created! (5 points) 
2021-12-07 11:25:38,427 - PARyOpt.paryopt - INFO - Surrogate without failed points created! (5 points) 
2021-12-07 11:25:38,428 - PARyOpt.paryopt - INFO - Surrogate with failed points created! (5 points) 
2021-12-07 11:25:38,432 - PARyOpt.paryopt - INFO - Surrogate without failed points created! (5 points) 
2021-12-07 11:25:38,432 - PARyOpt.paryopt - INFO - Surrogate with failed points created! (5 points) 
2021-12-07 11:25:38,434 - PARyOpt.paryopt - INFO - Surrogate without failed points created! (5 points) 
2021-12-07 11:25:38,434 - PARyOpt.paryopt - INFO - Surrogate with failed points created! (5 points) 
2021-12-07 11:25:38,436 - PARyOpt.paryopt - INFO - Surrogate without failed points created! (5 points) 
2021-12-07 11:25:38,436 - PARyOpt.paryopt - INFO - Surrogate with failed points created! (5 points) 
2021-12-07 11:25:38,438 - PARyOpt.paryopt - INFO - Surrogate without failed points created! (5 points) 
2021-12-07 11:25:38,438 - PARyOpt.paryopt - INFO - Surrogate with failed points created! (5 points) 
2021-12-07 11:25:38,439 - PARyOpt.paryopt - INFO - Surrogate without failed points created! (5 points) 
2021-12-07 11:25:38,440 - PARyOpt.paryopt - INFO - Surrogate with failed points created! (5 points) 
2021-12-07 11:25:38,441 - PARyOpt.paryopt - INFO - Surrogate without failed points created! (5 points) 
2021-12-07 11:25:38,442 - PARyOpt.paryopt - INFO - Surrogate with failed points created! (5 points) 
2021-12-07 11:25:38,443 - PARyOpt.paryopt - INFO - Surrogate without failed points created! (5 points) 
2021-12-07 11:25:38,444 - PARyOpt.paryopt - INFO - Surrogate with failed points created! (5 points) 
2021-12-07 11:25:38,445 - PARyOpt.paryopt - INFO - Surrogate without failed points created! (5 points) 
2021-12-07 11:25:38,445 - PARyOpt.paryopt - INFO - Surrogate with failed points created! (5 points) 
2021-12-07 11:25:38,447 - PARyOpt.paryopt - INFO - Surrogate without failed points created! (5 points) 
2021-12-07 11:25:38,447 - PARyOpt.paryopt - INFO - Surrogate with failed points created! (5 points) 
2021-12-07 11:25:38,449 - PARyOpt.paryopt - INFO - Surrogate without failed points created! (5 points) 
2021-12-07 11:25:38,449 - PARyOpt.paryopt - INFO - Surrogate with failed points created! (5 points) 
2021-12-07 11:25:38,450 - PARyOpt.paryopt - INFO - Surrogate without failed points created! (5 points) 
2021-12-07 11:25:38,451 - PARyOpt.paryopt - INFO - Surrogate with failed points created! (5 points) 
2021-12-07 11:25:38,452 - PARyOpt.paryopt - INFO - Surrogate without failed points created! (5 points) 
2021-12-07 11:25:38,453 - PARyOpt.paryopt - INFO - Surrogate with failed points created! (5 points) 
2021-12-07 11:25:38,454 - PARyOpt.paryopt - INFO - Surrogate without failed points created! (5 points) 
2021-12-07 11:25:38,455 - PARyOpt.paryopt - INFO - Surrogate with failed points created! (5 points) 
2021-12-07 11:25:38,456 - PARyOpt.paryopt - INFO - Surrogate without failed points created! (5 points) 
2021-12-07 11:25:38,456 - PARyOpt.paryopt - INFO - Surrogate with failed points created! (5 points) 
2021-12-07 11:25:38,458 - PARyOpt.paryopt - INFO - Surrogate without failed points created! (5 points) 
2021-12-07 11:25:38,458 - PARyOpt.paryopt - INFO - Surrogate with failed points created! (5 points) 
2021-12-07 11:25:38,460 - PARyOpt.paryopt - INFO - Surrogate without failed points created! (5 points) 
2021-12-07 11:25:38,460 - PARyOpt.paryopt - INFO - Surrogate with failed points created! (5 points) 
2021-12-07 11:25:38,461 - PARyOpt.paryopt - INFO - Surrogate without failed points created! (5 points) 
2021-12-07 11:25:38,462 - PARyOpt.paryopt - INFO - Surrogate with failed points created! (5 points) 
2021-12-07 11:25:38,463 - PARyOpt.paryopt - INFO - Surrogate without failed points created! (5 points) 
2021-12-07 11:25:38,464 - PARyOpt.paryopt - INFO - Surrogate with failed points created! (5 points) 
2021-12-07 11:25:38,464 - PARyOpt.paryopt - INFO - Kernel function parameter optimized: theta: 10.0, theta0: 1.0
2021-12-07 11:25:38,464 - PARyOpt.paryopt - INFO - opt = 0, kappa = 1000.00
2021-12-07 11:25:38,481 - PARyOpt.paryopt - INFO - Next location: [-2.06429517], (acq value: 2.8381414715975914)
2021-12-07 11:25:38,483 - PARyOpt.paryopt - INFO - Saved optimizer state from iter 3 to 4
2021-12-07 11:25:38,483 - PARyOpt.paryopt - INFO - Cost function evaluated! Number completed: 1, failed: 0 and pending: 0
2021-12-07 11:25:38,484 - PARyOpt.paryopt - INFO - Surrogate without failed points created! (6 points) 
2021-12-07 11:25:38,485 - PARyOpt.paryopt - INFO - Surrogate with failed points created! (6 points) 
2021-12-07 11:25:38,487 - PARyOpt.paryopt - INFO - Saved optimizer state for iteration 4.
2021-12-07 11:25:38,488 - PARyOpt.paryopt - INFO - Saved optimizer state for iteration 4.
2021-12-07 11:25:38,488 - PARyOpt.paryopt - INFO - 1 iterations completed, total population: 6, number of iterations: 4!
2021-12-07 11:25:38,490 - PARyOpt.paryopt - INFO - Surrogate without failed points created! (6 points) 
2021-12-07 11:25:38,490 - PARyOpt.paryopt - INFO - Surrogate with failed points created! (6 points) 
2021-12-07 11:25:38,492 - PARyOpt.paryopt - INFO - Surrogate without failed points created! (6 points) 
2021-12-07 11:25:38,492 - PARyOpt.paryopt - INFO - Surrogate with failed points created! (6 points) 
2021-12-07 11:25:38,494 - PARyOpt.paryopt - INFO - Surrogate without failed points created! (6 points) 
2021-12-07 11:25:38,495 - PARyOpt.paryopt - INFO - Surrogate with failed points created! (6 points) 
2021-12-07 11:25:38,496 - PARyOpt.paryopt - INFO - Surrogate without failed points created! (6 points) 
2021-12-07 11:25:38,497 - PARyOpt.paryopt - INFO - Surrogate with failed points created! (6 points) 
2021-12-07 11:25:38,498 - PARyOpt.paryopt - INFO - Surrogate without failed points created! (6 points) 
2021-12-07 11:25:38,499 - PARyOpt.paryopt - INFO - Surrogate with failed points created! (6 points) 
2021-12-07 11:25:38,500 - PARyOpt.paryopt - INFO - Surrogate without failed points created! (6 points) 
2021-12-07 11:25:38,501 - PARyOpt.paryopt - INFO - Surrogate with failed points created! (6 points) 
2021-12-07 11:25:38,502 - PARyOpt.paryopt - INFO - Surrogate without failed points created! (6 points) 
2021-12-07 11:25:38,503 - PARyOpt.paryopt - INFO - Surrogate with failed points created! (6 points) 
2021-12-07 11:25:38,505 - PARyOpt.paryopt - INFO - Surrogate without failed points created! (6 points) 
2021-12-07 11:25:38,505 - PARyOpt.paryopt - INFO - Surrogate with failed points created! (6 points) 
2021-12-07 11:25:38,507 - PARyOpt.paryopt - INFO - Surrogate without failed points created! (6 points) 
2021-12-07 11:25:38,507 - PARyOpt.paryopt - INFO - Surrogate with failed points created! (6 points) 
2021-12-07 11:25:38,509 - PARyOpt.paryopt - INFO - Surrogate without failed points created! (6 points) 
2021-12-07 11:25:38,509 - PARyOpt.paryopt - INFO - Surrogate with failed points created! (6 points) 
2021-12-07 11:25:38,511 - PARyOpt.paryopt - INFO - Surrogate without failed points created! (6 points) 
2021-12-07 11:25:38,511 - PARyOpt.paryopt - INFO - Surrogate with failed points created! (6 points) 
2021-12-07 11:25:38,513 - PARyOpt.paryopt - INFO - Surrogate without failed points created! (6 points) 
2021-12-07 11:25:38,514 - PARyOpt.paryopt - INFO - Surrogate with failed points created! (6 points) 
2021-12-07 11:25:38,515 - PARyOpt.paryopt - INFO - Surrogate without failed points created! (6 points) 
2021-12-07 11:25:38,517 - PARyOpt.paryopt - INFO - Surrogate with failed points created! (6 points) 
2021-12-07 11:25:38,519 - PARyOpt.paryopt - INFO - Surrogate without failed points created! (6 points) 
2021-12-07 11:25:38,520 - PARyOpt.paryopt - INFO - Surrogate with failed points created! (6 points) 
2021-12-07 11:25:38,522 - PARyOpt.paryopt - INFO - Surrogate without failed points created! (6 points) 
2021-12-07 11:25:38,523 - PARyOpt.paryopt - INFO - Surrogate with failed points created! (6 points) 
2021-12-07 11:25:38,525 - PARyOpt.paryopt - INFO - Surrogate without failed points created! (6 points) 
2021-12-07 11:25:38,525 - PARyOpt.paryopt - INFO - Surrogate with failed points created! (6 points) 
2021-12-07 11:25:38,527 - PARyOpt.paryopt - INFO - Surrogate without failed points created! (6 points) 
2021-12-07 11:25:38,527 - PARyOpt.paryopt - INFO - Surrogate with failed points created! (6 points) 
2021-12-07 11:25:38,529 - PARyOpt.paryopt - INFO - Surrogate without failed points created! (6 points) 
2021-12-07 11:25:38,529 - PARyOpt.paryopt - INFO - Surrogate with failed points created! (6 points) 
2021-12-07 11:25:38,531 - PARyOpt.paryopt - INFO - Surrogate without failed points created! (6 points) 
2021-12-07 11:25:38,532 - PARyOpt.paryopt - INFO - Surrogate with failed points created! (6 points) 
2021-12-07 11:25:38,533 - PARyOpt.paryopt - INFO - Surrogate without failed points created! (6 points) 
2021-12-07 11:25:38,534 - PARyOpt.paryopt - INFO - Surrogate with failed points created! (6 points) 
2021-12-07 11:25:38,535 - PARyOpt.paryopt - INFO - Surrogate without failed points created! (6 points) 
2021-12-07 11:25:38,536 - PARyOpt.paryopt - INFO - Surrogate with failed points created! (6 points) 
2021-12-07 11:25:38,537 - PARyOpt.paryopt - INFO - Surrogate without failed points created! (6 points) 
2021-12-07 11:25:38,538 - PARyOpt.paryopt - INFO - Surrogate with failed points created! (6 points) 
2021-12-07 11:25:38,540 - PARyOpt.paryopt - INFO - Surrogate without failed points created! (6 points) 
2021-12-07 11:25:38,540 - PARyOpt.paryopt - INFO - Surrogate with failed points created! (6 points) 
2021-12-07 11:25:38,542 - PARyOpt.paryopt - INFO - Surrogate without failed points created! (6 points) 
2021-12-07 11:25:38,542 - PARyOpt.paryopt - INFO - Surrogate with failed points created! (6 points) 
2021-12-07 11:25:38,544 - PARyOpt.paryopt - INFO - Surrogate without failed points created! (6 points) 
2021-12-07 11:25:38,544 - PARyOpt.paryopt - INFO - Surrogate with failed points created! (6 points) 
2021-12-07 11:25:38,546 - PARyOpt.paryopt - INFO - Surrogate without failed points created! (6 points) 
2021-12-07 11:25:38,547 - PARyOpt.paryopt - INFO - Surrogate with failed points created! (6 points) 
2021-12-07 11:25:38,548 - PARyOpt.paryopt - INFO - Surrogate without failed points created! (6 points) 
2021-12-07 11:25:38,549 - PARyOpt.paryopt - INFO - Surrogate with failed points created! (6 points) 
2021-12-07 11:25:38,550 - PARyOpt.paryopt - INFO - Surrogate without failed points created! (6 points) 
2021-12-07 11:25:38,551 - PARyOpt.paryopt - INFO - Surrogate with failed points created! (6 points) 
2021-12-07 11:25:38,552 - PARyOpt.paryopt - INFO - Surrogate without failed points created! (6 points) 
2021-12-07 11:25:38,553 - PARyOpt.paryopt - INFO - Surrogate with failed points created! (6 points) 
2021-12-07 11:25:38,555 - PARyOpt.paryopt - INFO - Surrogate without failed points created! (6 points) 
2021-12-07 11:25:38,555 - PARyOpt.paryopt - INFO - Surrogate with failed points created! (6 points) 
2021-12-07 11:25:38,557 - PARyOpt.paryopt - INFO - Surrogate without failed points created! (6 points) 
2021-12-07 11:25:38,557 - PARyOpt.paryopt - INFO - Surrogate with failed points created! (6 points) 
2021-12-07 11:25:38,559 - PARyOpt.paryopt - INFO - Surrogate without failed points created! (6 points) 
2021-12-07 11:25:38,559 - PARyOpt.paryopt - INFO - Surrogate with failed points created! (6 points) 
2021-12-07 11:25:38,560 - PARyOpt.paryopt - INFO - Kernel function parameter optimized: theta: 10.0, theta0: 1.0
2021-12-07 11:25:39,072 - PARyOpt.paryopt - INFO - opt = 0, kappa = 1000.00
2021-12-07 11:25:39,092 - PARyOpt.paryopt - INFO - Next location: [-0.97826569], (acq value: 4.639921101447101)
2021-12-07 11:25:39,093 - PARyOpt.paryopt - INFO - Saved optimizer state from iter 4 to 5
2021-12-07 11:25:39,093 - PARyOpt.paryopt - INFO - Cost function evaluated! Number completed: 1, failed: 0 and pending: 0
2021-12-07 11:25:39,095 - PARyOpt.paryopt - INFO - Surrogate without failed points created! (7 points) 
2021-12-07 11:25:39,097 - PARyOpt.paryopt - INFO - Surrogate with failed points created! (7 points) 
2021-12-07 11:25:39,099 - PARyOpt.paryopt - INFO - Saved optimizer state for iteration 5.
2021-12-07 11:25:39,100 - PARyOpt.paryopt - INFO - Saved optimizer state for iteration 5.
2021-12-07 11:25:39,100 - PARyOpt.paryopt - INFO - 1 iterations completed, total population: 7, number of iterations: 5!
2021-12-07 11:25:39,102 - PARyOpt.paryopt - INFO - Surrogate without failed points created! (7 points) 
2021-12-07 11:25:39,102 - PARyOpt.paryopt - INFO - Surrogate with failed points created! (7 points) 
2021-12-07 11:25:39,104 - PARyOpt.paryopt - INFO - Surrogate without failed points created! (7 points) 
2021-12-07 11:25:39,104 - PARyOpt.paryopt - INFO - Surrogate with failed points created! (7 points) 
2021-12-07 11:25:39,105 - PARyOpt.paryopt - INFO - Surrogate without failed points created! (7 points) 
2021-12-07 11:25:39,106 - PARyOpt.paryopt - INFO - Surrogate with failed points created! (7 points) 
2021-12-07 11:25:39,106 - PARyOpt.paryopt - INFO - Surrogate without failed points created! (7 points) 
2021-12-07 11:25:39,107 - PARyOpt.paryopt - INFO - Surrogate with failed points created! (7 points) 
2021-12-07 11:25:39,108 - PARyOpt.paryopt - INFO - Surrogate without failed points created! (7 points) 
2021-12-07 11:25:39,108 - PARyOpt.paryopt - INFO - Surrogate with failed points created! (7 points) 
2021-12-07 11:25:39,110 - PARyOpt.paryopt - INFO - Surrogate without failed points created! (7 points) 
2021-12-07 11:25:39,110 - PARyOpt.paryopt - INFO - Surrogate with failed points created! (7 points) 
2021-12-07 11:25:39,111 - PARyOpt.paryopt - INFO - Surrogate without failed points created! (7 points) 
2021-12-07 11:25:39,112 - PARyOpt.paryopt - INFO - Surrogate with failed points created! (7 points) 
2021-12-07 11:25:39,113 - PARyOpt.paryopt - INFO - Surrogate without failed points created! (7 points) 
2021-12-07 11:25:39,113 - PARyOpt.paryopt - INFO - Surrogate with failed points created! (7 points) 
2021-12-07 11:25:39,114 - PARyOpt.paryopt - INFO - Surrogate without failed points created! (7 points) 
2021-12-07 11:25:39,114 - PARyOpt.paryopt - INFO - Surrogate with failed points created! (7 points) 
2021-12-07 11:25:39,115 - PARyOpt.paryopt - INFO - Surrogate without failed points created! (7 points) 
2021-12-07 11:25:39,115 - PARyOpt.paryopt - INFO - Surrogate with failed points created! (7 points) 
2021-12-07 11:25:39,116 - PARyOpt.paryopt - INFO - Surrogate without failed points created! (7 points) 
2021-12-07 11:25:39,117 - PARyOpt.paryopt - INFO - Surrogate with failed points created! (7 points) 
2021-12-07 11:25:39,118 - PARyOpt.paryopt - INFO - Surrogate without failed points created! (7 points) 
2021-12-07 11:25:39,118 - PARyOpt.paryopt - INFO - Surrogate with failed points created! (7 points) 
2021-12-07 11:25:39,119 - PARyOpt.paryopt - INFO - Surrogate without failed points created! (7 points) 
2021-12-07 11:25:39,119 - PARyOpt.paryopt - INFO - Surrogate with failed points created! (7 points) 
2021-12-07 11:25:39,120 - PARyOpt.paryopt - INFO - Surrogate without failed points created! (7 points) 
2021-12-07 11:25:39,120 - PARyOpt.paryopt - INFO - Surrogate with failed points created! (7 points) 
2021-12-07 11:25:39,121 - PARyOpt.paryopt - INFO - Surrogate without failed points created! (7 points) 
2021-12-07 11:25:39,122 - PARyOpt.paryopt - INFO - Surrogate with failed points created! (7 points) 
2021-12-07 11:25:39,123 - PARyOpt.paryopt - INFO - Surrogate without failed points created! (7 points) 
2021-12-07 11:25:39,123 - PARyOpt.paryopt - INFO - Surrogate with failed points created! (7 points) 
2021-12-07 11:25:39,124 - PARyOpt.paryopt - INFO - Surrogate without failed points created! (7 points) 
2021-12-07 11:25:39,125 - PARyOpt.paryopt - INFO - Surrogate with failed points created! (7 points) 
2021-12-07 11:25:39,126 - PARyOpt.paryopt - INFO - Surrogate without failed points created! (7 points) 
2021-12-07 11:25:39,126 - PARyOpt.paryopt - INFO - Surrogate with failed points created! (7 points) 
2021-12-07 11:25:39,129 - PARyOpt.paryopt - INFO - Surrogate without failed points created! (7 points) 
2021-12-07 11:25:39,130 - PARyOpt.paryopt - INFO - Surrogate with failed points created! (7 points) 
2021-12-07 11:25:39,132 - PARyOpt.paryopt - INFO - Surrogate without failed points created! (7 points) 
2021-12-07 11:25:39,133 - PARyOpt.paryopt - INFO - Surrogate with failed points created! (7 points) 
2021-12-07 11:25:39,135 - PARyOpt.paryopt - INFO - Surrogate without failed points created! (7 points) 
2021-12-07 11:25:39,135 - PARyOpt.paryopt - INFO - Surrogate with failed points created! (7 points) 
2021-12-07 11:25:39,136 - PARyOpt.paryopt - INFO - Surrogate without failed points created! (7 points) 
2021-12-07 11:25:39,137 - PARyOpt.paryopt - INFO - Surrogate with failed points created! (7 points) 
2021-12-07 11:25:39,137 - PARyOpt.paryopt - INFO - Surrogate without failed points created! (7 points) 
2021-12-07 11:25:39,138 - PARyOpt.paryopt - INFO - Surrogate with failed points created! (7 points) 
2021-12-07 11:25:39,139 - PARyOpt.paryopt - INFO - Surrogate without failed points created! (7 points) 
2021-12-07 11:25:39,139 - PARyOpt.paryopt - INFO - Surrogate with failed points created! (7 points) 
2021-12-07 11:25:39,140 - PARyOpt.paryopt - INFO - Surrogate without failed points created! (7 points) 
2021-12-07 11:25:39,140 - PARyOpt.paryopt - INFO - Surrogate with failed points created! (7 points) 
2021-12-07 11:25:39,141 - PARyOpt.paryopt - INFO - Surrogate without failed points created! (7 points) 
2021-12-07 11:25:39,142 - PARyOpt.paryopt - INFO - Surrogate with failed points created! (7 points) 
2021-12-07 11:25:39,143 - PARyOpt.paryopt - INFO - Surrogate without failed points created! (7 points) 
2021-12-07 11:25:39,144 - PARyOpt.paryopt - INFO - Surrogate with failed points created! (7 points) 
2021-12-07 11:25:39,145 - PARyOpt.paryopt - INFO - Surrogate without failed points created! (7 points) 
2021-12-07 11:25:39,145 - PARyOpt.paryopt - INFO - Surrogate with failed points created! (7 points) 
2021-12-07 11:25:39,146 - PARyOpt.paryopt - INFO - Surrogate without failed points created! (7 points) 
2021-12-07 11:25:39,147 - PARyOpt.paryopt - INFO - Surrogate with failed points created! (7 points) 
2021-12-07 11:25:39,148 - PARyOpt.paryopt - INFO - Surrogate without failed points created! (7 points) 
2021-12-07 11:25:39,148 - PARyOpt.paryopt - INFO - Surrogate with failed points created! (7 points) 
2021-12-07 11:25:39,149 - PARyOpt.paryopt - INFO - Surrogate without failed points created! (7 points) 
2021-12-07 11:25:39,149 - PARyOpt.paryopt - INFO - Surrogate with failed points created! (7 points) 
2021-12-07 11:25:39,150 - PARyOpt.paryopt - INFO - Surrogate without failed points created! (7 points) 
2021-12-07 11:25:39,150 - PARyOpt.paryopt - INFO - Surrogate with failed points created! (7 points) 
2021-12-07 11:25:39,151 - PARyOpt.paryopt - INFO - Kernel function parameter optimized: theta: 10.0, theta0: 1.0
2021-12-07 11:25:39,151 - PARyOpt.paryopt - INFO - opt = 0, kappa = 1000.00
2021-12-07 11:25:39,168 - PARyOpt.paryopt - INFO - opt = 0, kappa = 1000.00
2021-12-07 11:25:39,201 - PARyOpt.paryopt - INFO - opt = 0, kappa = 1000.00
2021-12-07 11:25:39,234 - PARyOpt.paryopt - INFO - opt = 0, kappa = 1000.00
2021-12-07 11:25:39,256 - PARyOpt.paryopt - INFO - Next location: [11.99999999], (acq value: 1.1467333588872988)
2021-12-07 11:25:39,261 - PARyOpt.paryopt - INFO - Saved optimizer state from iter 5 to 6
2021-12-07 11:25:39,261 - PARyOpt.paryopt - INFO - Cost function evaluated! Number completed: 1, failed: 0 and pending: 0
2021-12-07 11:25:39,263 - PARyOpt.paryopt - INFO - Surrogate without failed points created! (8 points) 
2021-12-07 11:25:39,267 - PARyOpt.paryopt - INFO - Surrogate with failed points created! (8 points) 
2021-12-07 11:25:39,268 - PARyOpt.paryopt - INFO - Saved optimizer state for iteration 6.
2021-12-07 11:25:39,270 - PARyOpt.paryopt - INFO - Saved optimizer state for iteration 6.
2021-12-07 11:25:39,270 - PARyOpt.paryopt - INFO - 1 iterations completed, total population: 8, number of iterations: 6!
2021-12-07 11:25:39,272 - PARyOpt.paryopt - INFO - Surrogate without failed points created! (8 points) 
2021-12-07 11:25:39,273 - PARyOpt.paryopt - INFO - Surrogate with failed points created! (8 points) 
2021-12-07 11:25:39,275 - PARyOpt.paryopt - INFO - Surrogate without failed points created! (8 points) 
2021-12-07 11:25:39,275 - PARyOpt.paryopt - INFO - Surrogate with failed points created! (8 points) 
2021-12-07 11:25:39,278 - PARyOpt.paryopt - INFO - Surrogate without failed points created! (8 points) 
2021-12-07 11:25:39,278 - PARyOpt.paryopt - INFO - Surrogate with failed points created! (8 points) 
2021-12-07 11:25:39,280 - PARyOpt.paryopt - INFO - Surrogate without failed points created! (8 points) 
2021-12-07 11:25:39,281 - PARyOpt.paryopt - INFO - Surrogate with failed points created! (8 points) 
2021-12-07 11:25:39,283 - PARyOpt.paryopt - INFO - Surrogate without failed points created! (8 points) 
2021-12-07 11:25:39,284 - PARyOpt.paryopt - INFO - Surrogate with failed points created! (8 points) 
2021-12-07 11:25:39,286 - PARyOpt.paryopt - INFO - Surrogate without failed points created! (8 points) 
2021-12-07 11:25:39,286 - PARyOpt.paryopt - INFO - Surrogate with failed points created! (8 points) 
2021-12-07 11:25:39,289 - PARyOpt.paryopt - INFO - Surrogate without failed points created! (8 points) 
2021-12-07 11:25:39,289 - PARyOpt.paryopt - INFO - Surrogate with failed points created! (8 points) 
2021-12-07 11:25:39,291 - PARyOpt.paryopt - INFO - Surrogate without failed points created! (8 points) 
2021-12-07 11:25:39,292 - PARyOpt.paryopt - INFO - Surrogate with failed points created! (8 points) 
2021-12-07 11:25:39,294 - PARyOpt.paryopt - INFO - Surrogate without failed points created! (8 points) 
2021-12-07 11:25:39,295 - PARyOpt.paryopt - INFO - Surrogate with failed points created! (8 points) 
2021-12-07 11:25:39,297 - PARyOpt.paryopt - INFO - Surrogate without failed points created! (8 points) 
2021-12-07 11:25:39,298 - PARyOpt.paryopt - INFO - Surrogate with failed points created! (8 points) 
2021-12-07 11:25:39,302 - PARyOpt.paryopt - INFO - Surrogate without failed points created! (8 points) 
2021-12-07 11:25:39,308 - PARyOpt.paryopt - INFO - Surrogate with failed points created! (8 points) 
2021-12-07 11:25:39,311 - PARyOpt.paryopt - INFO - Surrogate without failed points created! (8 points) 
2021-12-07 11:25:39,312 - PARyOpt.paryopt - INFO - Surrogate with failed points created! (8 points) 
2021-12-07 11:25:39,314 - PARyOpt.paryopt - INFO - Surrogate without failed points created! (8 points) 
2021-12-07 11:25:39,314 - PARyOpt.paryopt - INFO - Surrogate with failed points created! (8 points) 
2021-12-07 11:25:39,317 - PARyOpt.paryopt - INFO - Surrogate without failed points created! (8 points) 
2021-12-07 11:25:39,317 - PARyOpt.paryopt - INFO - Surrogate with failed points created! (8 points) 
2021-12-07 11:25:39,319 - PARyOpt.paryopt - INFO - Surrogate without failed points created! (8 points) 
2021-12-07 11:25:39,320 - PARyOpt.paryopt - INFO - Surrogate with failed points created! (8 points) 
2021-12-07 11:25:39,322 - PARyOpt.paryopt - INFO - Surrogate without failed points created! (8 points) 
2021-12-07 11:25:39,323 - PARyOpt.paryopt - INFO - Surrogate with failed points created! (8 points) 
2021-12-07 11:25:39,325 - PARyOpt.paryopt - INFO - Surrogate without failed points created! (8 points) 
2021-12-07 11:25:39,325 - PARyOpt.paryopt - INFO - Surrogate with failed points created! (8 points) 
2021-12-07 11:25:39,328 - PARyOpt.paryopt - INFO - Surrogate without failed points created! (8 points) 
2021-12-07 11:25:39,328 - PARyOpt.paryopt - INFO - Surrogate with failed points created! (8 points) 
2021-12-07 11:25:39,330 - PARyOpt.paryopt - INFO - Surrogate without failed points created! (8 points) 
2021-12-07 11:25:39,331 - PARyOpt.paryopt - INFO - Surrogate with failed points created! (8 points) 
2021-12-07 11:25:39,333 - PARyOpt.paryopt - INFO - Surrogate without failed points created! (8 points) 
2021-12-07 11:25:39,334 - PARyOpt.paryopt - INFO - Surrogate with failed points created! (8 points) 
2021-12-07 11:25:39,336 - PARyOpt.paryopt - INFO - Surrogate without failed points created! (8 points) 
2021-12-07 11:25:39,337 - PARyOpt.paryopt - INFO - Surrogate with failed points created! (8 points) 
2021-12-07 11:25:39,339 - PARyOpt.paryopt - INFO - Surrogate without failed points created! (8 points) 
2021-12-07 11:25:39,339 - PARyOpt.paryopt - INFO - Surrogate with failed points created! (8 points) 
2021-12-07 11:25:39,341 - PARyOpt.paryopt - INFO - Surrogate without failed points created! (8 points) 
2021-12-07 11:25:39,342 - PARyOpt.paryopt - INFO - Surrogate with failed points created! (8 points) 
2021-12-07 11:25:39,351 - PARyOpt.paryopt - INFO - Surrogate without failed points created! (8 points) 
2021-12-07 11:25:39,352 - PARyOpt.paryopt - INFO - Surrogate with failed points created! (8 points) 
2021-12-07 11:25:39,354 - PARyOpt.paryopt - INFO - Surrogate without failed points created! (8 points) 
2021-12-07 11:25:39,354 - PARyOpt.paryopt - INFO - Surrogate with failed points created! (8 points) 
2021-12-07 11:25:39,357 - PARyOpt.paryopt - INFO - Surrogate without failed points created! (8 points) 
2021-12-07 11:25:39,357 - PARyOpt.paryopt - INFO - Surrogate with failed points created! (8 points) 
2021-12-07 11:25:39,359 - PARyOpt.paryopt - INFO - Surrogate without failed points created! (8 points) 
2021-12-07 11:25:39,360 - PARyOpt.paryopt - INFO - Surrogate with failed points created! (8 points) 
2021-12-07 11:25:39,362 - PARyOpt.paryopt - INFO - Surrogate without failed points created! (8 points) 
2021-12-07 11:25:39,363 - PARyOpt.paryopt - INFO - Surrogate with failed points created! (8 points) 
2021-12-07 11:25:39,365 - PARyOpt.paryopt - INFO - Surrogate without failed points created! (8 points) 
2021-12-07 11:25:39,365 - PARyOpt.paryopt - INFO - Surrogate with failed points created! (8 points) 
2021-12-07 11:25:39,371 - PARyOpt.paryopt - INFO - Surrogate without failed points created! (8 points) 
2021-12-07 11:25:39,372 - PARyOpt.paryopt - INFO - Surrogate with failed points created! (8 points) 
2021-12-07 11:25:39,374 - PARyOpt.paryopt - INFO - Surrogate without failed points created! (8 points) 
2021-12-07 11:25:39,374 - PARyOpt.paryopt - INFO - Surrogate with failed points created! (8 points) 
2021-12-07 11:25:39,377 - PARyOpt.paryopt - INFO - Surrogate without failed points created! (8 points) 
2021-12-07 11:25:39,377 - PARyOpt.paryopt - INFO - Surrogate with failed points created! (8 points) 
2021-12-07 11:25:39,377 - PARyOpt.paryopt - INFO - Kernel function parameter optimized: theta: 10.0, theta0: 1.0
2021-12-07 11:25:40,016 - PARyOpt.paryopt - INFO - opt = 0, kappa = 1000.00
2021-12-07 11:25:40,045 - PARyOpt.paryopt - INFO - opt = 0, kappa = 1000.00
2021-12-07 11:25:40,063 - PARyOpt.paryopt - INFO - opt = 0, kappa = 1000.00
2021-12-07 11:25:40,083 - PARyOpt.paryopt - INFO - opt = 0, kappa = 1000.00
2021-12-07 11:25:40,096 - PARyOpt.paryopt - INFO - Next location: [9.88828489], (acq value: 3.6566832348121086)
2021-12-07 11:25:40,097 - PARyOpt.paryopt - INFO - Saved optimizer state from iter 6 to 7
2021-12-07 11:25:40,097 - PARyOpt.paryopt - INFO - Cost function evaluated! Number completed: 1, failed: 0 and pending: 0
2021-12-07 11:25:40,098 - PARyOpt.paryopt - INFO - Surrogate without failed points created! (9 points) 
2021-12-07 11:25:40,098 - PARyOpt.paryopt - INFO - Surrogate with failed points created! (9 points) 
2021-12-07 11:25:40,100 - PARyOpt.paryopt - INFO - Saved optimizer state for iteration 7.
2021-12-07 11:25:40,101 - PARyOpt.paryopt - INFO - Saved optimizer state for iteration 7.
2021-12-07 11:25:40,102 - PARyOpt.paryopt - INFO - 1 iterations completed, total population: 9, number of iterations: 7!
2021-12-07 11:25:40,104 - PARyOpt.paryopt - INFO - Surrogate without failed points created! (9 points) 
2021-12-07 11:25:40,105 - PARyOpt.paryopt - INFO - Surrogate with failed points created! (9 points) 
2021-12-07 11:25:40,107 - PARyOpt.paryopt - INFO - Surrogate without failed points created! (9 points) 
2021-12-07 11:25:40,108 - PARyOpt.paryopt - INFO - Surrogate with failed points created! (9 points) 
2021-12-07 11:25:40,110 - PARyOpt.paryopt - INFO - Surrogate without failed points created! (9 points) 
2021-12-07 11:25:40,111 - PARyOpt.paryopt - INFO - Surrogate with failed points created! (9 points) 
2021-12-07 11:25:40,114 - PARyOpt.paryopt - INFO - Surrogate without failed points created! (9 points) 
2021-12-07 11:25:40,114 - PARyOpt.paryopt - INFO - Surrogate with failed points created! (9 points) 
2021-12-07 11:25:40,120 - PARyOpt.paryopt - INFO - Surrogate without failed points created! (9 points) 
2021-12-07 11:25:40,127 - PARyOpt.paryopt - INFO - Surrogate with failed points created! (9 points) 
2021-12-07 11:25:40,130 - PARyOpt.paryopt - INFO - Surrogate without failed points created! (9 points) 
2021-12-07 11:25:40,130 - PARyOpt.paryopt - INFO - Surrogate with failed points created! (9 points) 
2021-12-07 11:25:40,133 - PARyOpt.paryopt - INFO - Surrogate without failed points created! (9 points) 
2021-12-07 11:25:40,134 - PARyOpt.paryopt - INFO - Surrogate with failed points created! (9 points) 
2021-12-07 11:25:40,136 - PARyOpt.paryopt - INFO - Surrogate without failed points created! (9 points) 
2021-12-07 11:25:40,137 - PARyOpt.paryopt - INFO - Surrogate with failed points created! (9 points) 
2021-12-07 11:25:40,139 - PARyOpt.paryopt - INFO - Surrogate without failed points created! (9 points) 
2021-12-07 11:25:40,140 - PARyOpt.paryopt - INFO - Surrogate with failed points created! (9 points) 
2021-12-07 11:25:40,142 - PARyOpt.paryopt - INFO - Surrogate without failed points created! (9 points) 
2021-12-07 11:25:40,145 - PARyOpt.paryopt - INFO - Surrogate with failed points created! (9 points) 
2021-12-07 11:25:40,147 - PARyOpt.paryopt - INFO - Surrogate without failed points created! (9 points) 
2021-12-07 11:25:40,148 - PARyOpt.paryopt - INFO - Surrogate with failed points created! (9 points) 
2021-12-07 11:25:40,151 - PARyOpt.paryopt - INFO - Surrogate without failed points created! (9 points) 
2021-12-07 11:25:40,151 - PARyOpt.paryopt - INFO - Surrogate with failed points created! (9 points) 
2021-12-07 11:25:40,154 - PARyOpt.paryopt - INFO - Surrogate without failed points created! (9 points) 
2021-12-07 11:25:40,154 - PARyOpt.paryopt - INFO - Surrogate with failed points created! (9 points) 
2021-12-07 11:25:40,157 - PARyOpt.paryopt - INFO - Surrogate without failed points created! (9 points) 
2021-12-07 11:25:40,157 - PARyOpt.paryopt - INFO - Surrogate with failed points created! (9 points) 
2021-12-07 11:25:40,160 - PARyOpt.paryopt - INFO - Surrogate without failed points created! (9 points) 
2021-12-07 11:25:40,161 - PARyOpt.paryopt - INFO - Surrogate with failed points created! (9 points) 
2021-12-07 11:25:40,170 - PARyOpt.paryopt - INFO - Surrogate without failed points created! (9 points) 
2021-12-07 11:25:40,171 - PARyOpt.paryopt - INFO - Surrogate with failed points created! (9 points) 
2021-12-07 11:25:40,174 - PARyOpt.paryopt - INFO - Surrogate without failed points created! (9 points) 
2021-12-07 11:25:40,174 - PARyOpt.paryopt - INFO - Surrogate with failed points created! (9 points) 
2021-12-07 11:25:40,177 - PARyOpt.paryopt - INFO - Surrogate without failed points created! (9 points) 
2021-12-07 11:25:40,177 - PARyOpt.paryopt - INFO - Surrogate with failed points created! (9 points) 
2021-12-07 11:25:40,180 - PARyOpt.paryopt - INFO - Surrogate without failed points created! (9 points) 
2021-12-07 11:25:40,181 - PARyOpt.paryopt - INFO - Surrogate with failed points created! (9 points) 
2021-12-07 11:25:40,183 - PARyOpt.paryopt - INFO - Surrogate without failed points created! (9 points) 
2021-12-07 11:25:40,184 - PARyOpt.paryopt - INFO - Surrogate with failed points created! (9 points) 
2021-12-07 11:25:40,190 - PARyOpt.paryopt - INFO - Surrogate without failed points created! (9 points) 
2021-12-07 11:25:40,191 - PARyOpt.paryopt - INFO - Surrogate with failed points created! (9 points) 
2021-12-07 11:25:40,194 - PARyOpt.paryopt - INFO - Surrogate without failed points created! (9 points) 
2021-12-07 11:25:40,195 - PARyOpt.paryopt - INFO - Surrogate with failed points created! (9 points) 
2021-12-07 11:25:40,197 - PARyOpt.paryopt - INFO - Surrogate without failed points created! (9 points) 
2021-12-07 11:25:40,198 - PARyOpt.paryopt - INFO - Surrogate with failed points created! (9 points) 
2021-12-07 11:25:40,200 - PARyOpt.paryopt - INFO - Surrogate without failed points created! (9 points) 
2021-12-07 11:25:40,201 - PARyOpt.paryopt - INFO - Surrogate with failed points created! (9 points) 
2021-12-07 11:25:40,203 - PARyOpt.paryopt - INFO - Surrogate without failed points created! (9 points) 
2021-12-07 11:25:40,204 - PARyOpt.paryopt - INFO - Surrogate with failed points created! (9 points) 
2021-12-07 11:25:40,215 - PARyOpt.paryopt - INFO - Surrogate without failed points created! (9 points) 
2021-12-07 11:25:40,216 - PARyOpt.paryopt - INFO - Surrogate with failed points created! (9 points) 
2021-12-07 11:25:40,219 - PARyOpt.paryopt - INFO - Surrogate without failed points created! (9 points) 
2021-12-07 11:25:40,219 - PARyOpt.paryopt - INFO - Surrogate with failed points created! (9 points) 
2021-12-07 11:25:40,222 - PARyOpt.paryopt - INFO - Surrogate without failed points created! (9 points) 
2021-12-07 11:25:40,223 - PARyOpt.paryopt - INFO - Surrogate with failed points created! (9 points) 
2021-12-07 11:25:40,225 - PARyOpt.paryopt - INFO - Surrogate without failed points created! (9 points) 
2021-12-07 11:25:40,226 - PARyOpt.paryopt - INFO - Surrogate with failed points created! (9 points) 
2021-12-07 11:25:40,229 - PARyOpt.paryopt - INFO - Surrogate without failed points created! (9 points) 
2021-12-07 11:25:40,229 - PARyOpt.paryopt - INFO - Surrogate with failed points created! (9 points) 
2021-12-07 11:25:40,232 - PARyOpt.paryopt - INFO - Surrogate without failed points created! (9 points) 
2021-12-07 11:25:40,233 - PARyOpt.paryopt - INFO - Surrogate with failed points created! (9 points) 
2021-12-07 11:25:40,235 - PARyOpt.paryopt - INFO - Surrogate without failed points created! (9 points) 
2021-12-07 11:25:40,236 - PARyOpt.paryopt - INFO - Surrogate with failed points created! (9 points) 
2021-12-07 11:25:40,236 - PARyOpt.paryopt - INFO - Kernel function parameter optimized: theta: 10.0, theta0: 1.0
2021-12-07 11:25:40,236 - PARyOpt.paryopt - INFO - opt = 0, kappa = 1000.00
2021-12-07 11:25:40,288 - PARyOpt.paryopt - INFO - opt = 0, kappa = 1000.00
2021-12-07 11:25:40,327 - PARyOpt.paryopt - INFO - opt = 0, kappa = 1000.00
2021-12-07 11:25:40,353 - PARyOpt.paryopt - INFO - opt = 0, kappa = 1000.00
2021-12-07 11:25:40,374 - PARyOpt.paryopt - INFO - opt = 0, kappa = 1000.00
2021-12-07 11:25:40,402 - PARyOpt.paryopt - INFO - opt = 0, kappa = 1000.00
2021-12-07 11:25:40,417 - PARyOpt.paryopt - INFO - opt = 0, kappa = 1000.00
2021-12-07 11:25:40,446 - PARyOpt.paryopt - INFO - opt = 0, kappa = 1000.00
2021-12-07 11:25:40,470 - PARyOpt.paryopt - INFO - opt = 0, kappa = 1000.00
2021-12-07 11:25:40,498 - PARyOpt.paryopt - INFO - opt = 0, kappa = 1000.00
2021-12-07 11:25:40,522 - PARyOpt.paryopt - INFO - Next location: [-11.99999998], (acq value: 1.2111829098218658)
2021-12-07 11:25:40,523 - PARyOpt.paryopt - WARNING - Could not find surrogate optima 0 (all points near population)
2021-12-07 11:25:40,523 - PARyOpt.paryopt - INFO - Saved optimizer state from iter 7 to 8
2021-12-07 11:25:40,524 - PARyOpt.paryopt - INFO - Cost function evaluated! Number completed: 1, failed: 0 and pending: 0
2021-12-07 11:25:40,524 - PARyOpt.paryopt - INFO - Surrogate without failed points created! (10 points) 
2021-12-07 11:25:40,525 - PARyOpt.paryopt - INFO - Surrogate with failed points created! (10 points) 
2021-12-07 11:25:40,526 - PARyOpt.paryopt - INFO - Saved optimizer state for iteration 8.
2021-12-07 11:25:40,528 - PARyOpt.paryopt - INFO - Saved optimizer state for iteration 8.
2021-12-07 11:25:40,528 - PARyOpt.paryopt - INFO - 1 iterations completed, total population: 10, number of iterations: 8!
2021-12-07 11:25:40,531 - PARyOpt.paryopt - INFO - Surrogate without failed points created! (10 points) 
2021-12-07 11:25:40,532 - PARyOpt.paryopt - INFO - Surrogate with failed points created! (10 points) 
2021-12-07 11:25:40,535 - PARyOpt.paryopt - INFO - Surrogate without failed points created! (10 points) 
2021-12-07 11:25:40,535 - PARyOpt.paryopt - INFO - Surrogate with failed points created! (10 points) 
2021-12-07 11:25:40,538 - PARyOpt.paryopt - INFO - Surrogate without failed points created! (10 points) 
2021-12-07 11:25:40,539 - PARyOpt.paryopt - INFO - Surrogate with failed points created! (10 points) 
2021-12-07 11:25:40,542 - PARyOpt.paryopt - INFO - Surrogate without failed points created! (10 points) 
2021-12-07 11:25:40,542 - PARyOpt.paryopt - INFO - Surrogate with failed points created! (10 points) 
2021-12-07 11:25:40,545 - PARyOpt.paryopt - INFO - Surrogate without failed points created! (10 points) 
2021-12-07 11:25:40,546 - PARyOpt.paryopt - INFO - Surrogate with failed points created! (10 points) 
2021-12-07 11:25:40,550 - PARyOpt.paryopt - INFO - Surrogate without failed points created! (10 points) 
2021-12-07 11:25:40,557 - PARyOpt.paryopt - INFO - Surrogate with failed points created! (10 points) 
2021-12-07 11:25:40,560 - PARyOpt.paryopt - INFO - Surrogate without failed points created! (10 points) 
2021-12-07 11:25:40,561 - PARyOpt.paryopt - INFO - Surrogate with failed points created! (10 points) 
2021-12-07 11:25:40,564 - PARyOpt.paryopt - INFO - Surrogate without failed points created! (10 points) 
2021-12-07 11:25:40,564 - PARyOpt.paryopt - INFO - Surrogate with failed points created! (10 points) 
2021-12-07 11:25:40,567 - PARyOpt.paryopt - INFO - Surrogate without failed points created! (10 points) 
2021-12-07 11:25:40,568 - PARyOpt.paryopt - INFO - Surrogate with failed points created! (10 points) 
2021-12-07 11:25:40,571 - PARyOpt.paryopt - INFO - Surrogate without failed points created! (10 points) 
2021-12-07 11:25:40,572 - PARyOpt.paryopt - INFO - Surrogate with failed points created! (10 points) 
2021-12-07 11:25:40,574 - PARyOpt.paryopt - INFO - Surrogate without failed points created! (10 points) 
2021-12-07 11:25:40,575 - PARyOpt.paryopt - INFO - Surrogate with failed points created! (10 points) 
2021-12-07 11:25:40,578 - PARyOpt.paryopt - INFO - Surrogate without failed points created! (10 points) 
2021-12-07 11:25:40,579 - PARyOpt.paryopt - INFO - Surrogate with failed points created! (10 points) 
2021-12-07 11:25:40,582 - PARyOpt.paryopt - INFO - Surrogate without failed points created! (10 points) 
2021-12-07 11:25:40,582 - PARyOpt.paryopt - INFO - Surrogate with failed points created! (10 points) 
2021-12-07 11:25:40,585 - PARyOpt.paryopt - INFO - Surrogate without failed points created! (10 points) 
2021-12-07 11:25:40,586 - PARyOpt.paryopt - INFO - Surrogate with failed points created! (10 points) 
2021-12-07 11:25:40,589 - PARyOpt.paryopt - INFO - Surrogate without failed points created! (10 points) 
2021-12-07 11:25:40,589 - PARyOpt.paryopt - INFO - Surrogate with failed points created! (10 points) 
2021-12-07 11:25:40,600 - PARyOpt.paryopt - INFO - Surrogate without failed points created! (10 points) 
2021-12-07 11:25:40,601 - PARyOpt.paryopt - INFO - Surrogate with failed points created! (10 points) 
2021-12-07 11:25:40,604 - PARyOpt.paryopt - INFO - Surrogate without failed points created! (10 points) 
2021-12-07 11:25:40,604 - PARyOpt.paryopt - INFO - Surrogate with failed points created! (10 points) 
2021-12-07 11:25:40,607 - PARyOpt.paryopt - INFO - Surrogate without failed points created! (10 points) 
2021-12-07 11:25:40,608 - PARyOpt.paryopt - INFO - Surrogate with failed points created! (10 points) 
2021-12-07 11:25:40,611 - PARyOpt.paryopt - INFO - Surrogate without failed points created! (10 points) 
2021-12-07 11:25:40,611 - PARyOpt.paryopt - INFO - Surrogate with failed points created! (10 points) 
2021-12-07 11:25:40,614 - PARyOpt.paryopt - INFO - Surrogate without failed points created! (10 points) 
2021-12-07 11:25:40,615 - PARyOpt.paryopt - INFO - Surrogate with failed points created! (10 points) 
2021-12-07 11:25:40,618 - PARyOpt.paryopt - INFO - Surrogate without failed points created! (10 points) 
2021-12-07 11:25:40,619 - PARyOpt.paryopt - INFO - Surrogate with failed points created! (10 points) 
2021-12-07 11:25:40,622 - PARyOpt.paryopt - INFO - Surrogate without failed points created! (10 points) 
2021-12-07 11:25:40,622 - PARyOpt.paryopt - INFO - Surrogate with failed points created! (10 points) 
2021-12-07 11:25:40,625 - PARyOpt.paryopt - INFO - Surrogate without failed points created! (10 points) 
2021-12-07 11:25:40,626 - PARyOpt.paryopt - INFO - Surrogate with failed points created! (10 points) 
2021-12-07 11:25:40,629 - PARyOpt.paryopt - INFO - Surrogate without failed points created! (10 points) 
2021-12-07 11:25:40,629 - PARyOpt.paryopt - INFO - Surrogate with failed points created! (10 points) 
2021-12-07 11:25:40,632 - PARyOpt.paryopt - INFO - Surrogate without failed points created! (10 points) 
2021-12-07 11:25:40,633 - PARyOpt.paryopt - INFO - Surrogate with failed points created! (10 points) 
2021-12-07 11:25:40,641 - PARyOpt.paryopt - INFO - Surrogate without failed points created! (10 points) 
2021-12-07 11:25:40,642 - PARyOpt.paryopt - INFO - Surrogate with failed points created! (10 points) 
2021-12-07 11:25:40,645 - PARyOpt.paryopt - INFO - Surrogate without failed points created! (10 points) 
2021-12-07 11:25:40,646 - PARyOpt.paryopt - INFO - Surrogate with failed points created! (10 points) 
2021-12-07 11:25:40,649 - PARyOpt.paryopt - INFO - Surrogate without failed points created! (10 points) 
2021-12-07 11:25:40,649 - PARyOpt.paryopt - INFO - Surrogate with failed points created! (10 points) 
2021-12-07 11:25:40,652 - PARyOpt.paryopt - INFO - Surrogate without failed points created! (10 points) 
2021-12-07 11:25:40,653 - PARyOpt.paryopt - INFO - Surrogate with failed points created! (10 points) 
2021-12-07 11:25:40,656 - PARyOpt.paryopt - INFO - Surrogate without failed points created! (10 points) 
2021-12-07 11:25:40,657 - PARyOpt.paryopt - INFO - Surrogate with failed points created! (10 points) 
2021-12-07 11:25:40,660 - PARyOpt.paryopt - INFO - Surrogate without failed points created! (10 points) 
2021-12-07 11:25:40,660 - PARyOpt.paryopt - INFO - Surrogate with failed points created! (10 points) 
2021-12-07 11:25:40,663 - PARyOpt.paryopt - INFO - Surrogate without failed points created! (10 points) 
2021-12-07 11:25:40,664 - PARyOpt.paryopt - INFO - Surrogate with failed points created! (10 points) 
2021-12-07 11:25:40,664 - PARyOpt.paryopt - INFO - Kernel function parameter optimized: theta: 10.0, theta0: 1.0
2021-12-07 11:25:41,327 - PARyOpt.paryopt - INFO - opt = 0, kappa = 1000.00
2021-12-07 11:25:41,347 - PARyOpt.paryopt - INFO - opt = 0, kappa = 1000.00
2021-12-07 11:25:41,378 - PARyOpt.paryopt - INFO - opt = 0, kappa = 1000.00
2021-12-07 11:25:41,402 - PARyOpt.paryopt - INFO - opt = 0, kappa = 1000.00
2021-12-07 11:25:41,428 - PARyOpt.paryopt - INFO - opt = 0, kappa = 1000.00
2021-12-07 11:25:41,454 - PARyOpt.paryopt - INFO - opt = 0, kappa = 1000.00
2021-12-07 11:25:41,477 - PARyOpt.paryopt - INFO - opt = 0, kappa = 1000.00
2021-12-07 11:25:41,494 - PARyOpt.paryopt - INFO - opt = 0, kappa = 1000.00
2021-12-07 11:25:41,511 - PARyOpt.paryopt - INFO - opt = 0, kappa = 1000.00
2021-12-07 11:25:41,533 - PARyOpt.paryopt - INFO - opt = 0, kappa = 1000.00
2021-12-07 11:25:41,566 - PARyOpt.paryopt - WARNING - Could not find surrogate optima 0 (all points near population)
2021-12-07 11:25:41,567 - PARyOpt.paryopt - INFO - Saved optimizer state from iter 8 to 9
2021-12-07 11:25:41,567 - PARyOpt.paryopt - INFO - Cost function evaluated! Number completed: 0, failed: 0 and pending: 0
2021-12-07 11:25:41,568 - PARyOpt.paryopt - INFO - Surrogate without failed points created! (10 points) 
2021-12-07 11:25:41,568 - PARyOpt.paryopt - INFO - Surrogate with failed points created! (10 points) 
2021-12-07 11:25:41,570 - PARyOpt.paryopt - INFO - Saved optimizer state for iteration 9.
2021-12-07 11:25:41,570 - PARyOpt.paryopt - WARNING - Failed to evaluate any new points during iteration 9.
2021-12-07 11:25:41,571 - PARyOpt.paryopt - INFO - Saved optimizer state for iteration 9.
2021-12-07 11:25:41,572 - PARyOpt.paryopt - INFO - 1 iterations completed, total population: 10, number of iterations: 9!
2021-12-07 11:25:41,574 - PARyOpt.paryopt - INFO - Surrogate without failed points created! (10 points) 
2021-12-07 11:25:41,577 - PARyOpt.paryopt - INFO - Surrogate with failed points created! (10 points) 
2021-12-07 11:25:41,583 - PARyOpt.paryopt - INFO - Surrogate without failed points created! (10 points) 
2021-12-07 11:25:41,584 - PARyOpt.paryopt - INFO - Surrogate with failed points created! (10 points) 
2021-12-07 11:25:41,587 - PARyOpt.paryopt - INFO - Surrogate without failed points created! (10 points) 
2021-12-07 11:25:41,588 - PARyOpt.paryopt - INFO - Surrogate with failed points created! (10 points) 
2021-12-07 11:25:41,591 - PARyOpt.paryopt - INFO - Surrogate without failed points created! (10 points) 
2021-12-07 11:25:41,591 - PARyOpt.paryopt - INFO - Surrogate with failed points created! (10 points) 
2021-12-07 11:25:41,594 - PARyOpt.paryopt - INFO - Surrogate without failed points created! (10 points) 
2021-12-07 11:25:41,595 - PARyOpt.paryopt - INFO - Surrogate with failed points created! (10 points) 
2021-12-07 11:25:41,598 - PARyOpt.paryopt - INFO - Surrogate without failed points created! (10 points) 
2021-12-07 11:25:41,599 - PARyOpt.paryopt - INFO - Surrogate with failed points created! (10 points) 
2021-12-07 11:25:41,602 - PARyOpt.paryopt - INFO - Surrogate without failed points created! (10 points) 
2021-12-07 11:25:41,602 - PARyOpt.paryopt - INFO - Surrogate with failed points created! (10 points) 
2021-12-07 11:25:41,605 - PARyOpt.paryopt - INFO - Surrogate without failed points created! (10 points) 
2021-12-07 11:25:41,606 - PARyOpt.paryopt - INFO - Surrogate with failed points created! (10 points) 
2021-12-07 11:25:41,609 - PARyOpt.paryopt - INFO - Surrogate without failed points created! (10 points) 
2021-12-07 11:25:41,609 - PARyOpt.paryopt - INFO - Surrogate with failed points created! (10 points) 
2021-12-07 11:25:41,612 - PARyOpt.paryopt - INFO - Surrogate without failed points created! (10 points) 
2021-12-07 11:25:41,613 - PARyOpt.paryopt - INFO - Surrogate with failed points created! (10 points) 
2021-12-07 11:25:41,616 - PARyOpt.paryopt - INFO - Surrogate without failed points created! (10 points) 
2021-12-07 11:25:41,616 - PARyOpt.paryopt - INFO - Surrogate with failed points created! (10 points) 
2021-12-07 11:25:41,621 - PARyOpt.paryopt - INFO - Surrogate without failed points created! (10 points) 
2021-12-07 11:25:41,626 - PARyOpt.paryopt - INFO - Surrogate with failed points created! (10 points) 
2021-12-07 11:25:41,630 - PARyOpt.paryopt - INFO - Surrogate without failed points created! (10 points) 
2021-12-07 11:25:41,630 - PARyOpt.paryopt - INFO - Surrogate with failed points created! (10 points) 
2021-12-07 11:25:41,633 - PARyOpt.paryopt - INFO - Surrogate without failed points created! (10 points) 
2021-12-07 11:25:41,634 - PARyOpt.paryopt - INFO - Surrogate with failed points created! (10 points) 
2021-12-07 11:25:41,637 - PARyOpt.paryopt - INFO - Surrogate without failed points created! (10 points) 
2021-12-07 11:25:41,637 - PARyOpt.paryopt - INFO - Surrogate with failed points created! (10 points) 
2021-12-07 11:25:41,640 - PARyOpt.paryopt - INFO - Surrogate without failed points created! (10 points) 
2021-12-07 11:25:41,641 - PARyOpt.paryopt - INFO - Surrogate with failed points created! (10 points) 
2021-12-07 11:25:41,644 - PARyOpt.paryopt - INFO - Surrogate without failed points created! (10 points) 
2021-12-07 11:25:41,645 - PARyOpt.paryopt - INFO - Surrogate with failed points created! (10 points) 
2021-12-07 11:25:41,648 - PARyOpt.paryopt - INFO - Surrogate without failed points created! (10 points) 
2021-12-07 11:25:41,648 - PARyOpt.paryopt - INFO - Surrogate with failed points created! (10 points) 
2021-12-07 11:25:41,651 - PARyOpt.paryopt - INFO - Surrogate without failed points created! (10 points) 
2021-12-07 11:25:41,652 - PARyOpt.paryopt - INFO - Surrogate with failed points created! (10 points) 
2021-12-07 11:25:41,655 - PARyOpt.paryopt - INFO - Surrogate without failed points created! (10 points) 
2021-12-07 11:25:41,655 - PARyOpt.paryopt - INFO - Surrogate with failed points created! (10 points) 
2021-12-07 11:25:41,658 - PARyOpt.paryopt - INFO - Surrogate without failed points created! (10 points) 
2021-12-07 11:25:41,659 - PARyOpt.paryopt - INFO - Surrogate with failed points created! (10 points) 
2021-12-07 11:25:41,665 - PARyOpt.paryopt - INFO - Surrogate without failed points created! (10 points) 
2021-12-07 11:25:41,666 - PARyOpt.paryopt - INFO - Surrogate with failed points created! (10 points) 
2021-12-07 11:25:41,669 - PARyOpt.paryopt - INFO - Surrogate without failed points created! (10 points) 
2021-12-07 11:25:41,670 - PARyOpt.paryopt - INFO - Surrogate with failed points created! (10 points) 
2021-12-07 11:25:41,673 - PARyOpt.paryopt - INFO - Surrogate without failed points created! (10 points) 
2021-12-07 11:25:41,673 - PARyOpt.paryopt - INFO - Surrogate with failed points created! (10 points) 
2021-12-07 11:25:41,676 - PARyOpt.paryopt - INFO - Surrogate without failed points created! (10 points) 
2021-12-07 11:25:41,677 - PARyOpt.paryopt - INFO - Surrogate with failed points created! (10 points) 
2021-12-07 11:25:41,680 - PARyOpt.paryopt - INFO - Surrogate without failed points created! (10 points) 
2021-12-07 11:25:41,681 - PARyOpt.paryopt - INFO - Surrogate with failed points created! (10 points) 
2021-12-07 11:25:41,684 - PARyOpt.paryopt - INFO - Surrogate without failed points created! (10 points) 
2021-12-07 11:25:41,684 - PARyOpt.paryopt - INFO - Surrogate with failed points created! (10 points) 
2021-12-07 11:25:41,691 - PARyOpt.paryopt - INFO - Surrogate without failed points created! (10 points) 
2021-12-07 11:25:41,703 - PARyOpt.paryopt - INFO - Surrogate with failed points created! (10 points) 
2021-12-07 11:25:41,713 - PARyOpt.paryopt - INFO - Surrogate without failed points created! (10 points) 
2021-12-07 11:25:41,714 - PARyOpt.paryopt - INFO - Surrogate with failed points created! (10 points) 
2021-12-07 11:25:41,717 - PARyOpt.paryopt - INFO - Surrogate without failed points created! (10 points) 
2021-12-07 11:25:41,718 - PARyOpt.paryopt - INFO - Surrogate with failed points created! (10 points) 
2021-12-07 11:25:41,720 - PARyOpt.paryopt - INFO - Surrogate without failed points created! (10 points) 
2021-12-07 11:25:41,721 - PARyOpt.paryopt - INFO - Surrogate with failed points created! (10 points) 
2021-12-07 11:25:41,724 - PARyOpt.paryopt - INFO - Surrogate without failed points created! (10 points) 
2021-12-07 11:25:41,725 - PARyOpt.paryopt - INFO - Surrogate with failed points created! (10 points) 
2021-12-07 11:25:41,725 - PARyOpt.paryopt - INFO - Kernel function parameter optimized: theta: 10.0, theta0: 1.0
2021-12-07 11:25:41,725 - PARyOpt.paryopt - INFO - opt = 0, kappa = 1000.00
2021-12-07 11:25:41,768 - PARyOpt.paryopt - INFO - opt = 0, kappa = 1000.00
2021-12-07 11:25:41,809 - PARyOpt.paryopt - INFO - opt = 0, kappa = 1000.00
2021-12-07 11:25:41,829 - PARyOpt.paryopt - INFO - opt = 0, kappa = 1000.00
2021-12-07 11:25:41,855 - PARyOpt.paryopt - INFO - opt = 0, kappa = 1000.00
2021-12-07 11:25:41,878 - PARyOpt.paryopt - INFO - opt = 0, kappa = 1000.00
2021-12-07 11:25:41,902 - PARyOpt.paryopt - INFO - opt = 0, kappa = 1000.00
2021-12-07 11:25:41,918 - PARyOpt.paryopt - INFO - opt = 0, kappa = 1000.00
2021-12-07 11:25:41,936 - PARyOpt.paryopt - INFO - opt = 0, kappa = 1000.00
2021-12-07 11:25:41,958 - PARyOpt.paryopt - INFO - opt = 0, kappa = 1000.00
2021-12-07 11:25:41,991 - PARyOpt.paryopt - WARNING - Could not find surrogate optima 0 (all points near population)
2021-12-07 11:25:41,992 - PARyOpt.paryopt - INFO - Saved optimizer state from iter 9 to 10
2021-12-07 11:25:41,992 - PARyOpt.paryopt - INFO - Cost function evaluated! Number completed: 0, failed: 0 and pending: 0
2021-12-07 11:25:41,993 - PARyOpt.paryopt - INFO - Surrogate without failed points created! (10 points) 
2021-12-07 11:25:41,993 - PARyOpt.paryopt - INFO - Surrogate with failed points created! (10 points) 
2021-12-07 11:25:41,995 - PARyOpt.paryopt - INFO - Saved optimizer state for iteration 10.
2021-12-07 11:25:41,995 - PARyOpt.paryopt - WARNING - Failed to evaluate any new points during iteration 10.
2021-12-07 11:25:41,997 - PARyOpt.paryopt - INFO - Saved optimizer state for iteration 10.
2021-12-07 11:25:41,997 - PARyOpt.paryopt - INFO - 1 iterations completed, total population: 10, number of iterations: 10!
2021-12-07 11:25:42,005 - PARyOpt.paryopt - INFO - Surrogate without failed points created! (10 points) 
2021-12-07 11:25:42,006 - PARyOpt.paryopt - INFO - Surrogate with failed points created! (10 points) 
2021-12-07 11:25:42,010 - PARyOpt.paryopt - INFO - Surrogate without failed points created! (10 points) 
2021-12-07 11:25:42,018 - PARyOpt.paryopt - INFO - Surrogate with failed points created! (10 points) 
2021-12-07 11:25:42,022 - PARyOpt.paryopt - INFO - Surrogate without failed points created! (10 points) 
2021-12-07 11:25:42,022 - PARyOpt.paryopt - INFO - Surrogate with failed points created! (10 points) 
2021-12-07 11:25:42,025 - PARyOpt.paryopt - INFO - Surrogate without failed points created! (10 points) 
2021-12-07 11:25:42,026 - PARyOpt.paryopt - INFO - Surrogate with failed points created! (10 points) 
2021-12-07 11:25:42,029 - PARyOpt.paryopt - INFO - Surrogate without failed points created! (10 points) 
2021-12-07 11:25:42,030 - PARyOpt.paryopt - INFO - Surrogate with failed points created! (10 points) 
2021-12-07 11:25:42,033 - PARyOpt.paryopt - INFO - Surrogate without failed points created! (10 points) 
2021-12-07 11:25:42,033 - PARyOpt.paryopt - INFO - Surrogate with failed points created! (10 points) 
2021-12-07 11:25:42,036 - PARyOpt.paryopt - INFO - Surrogate without failed points created! (10 points) 
2021-12-07 11:25:42,037 - PARyOpt.paryopt - INFO - Surrogate with failed points created! (10 points) 
2021-12-07 11:25:42,040 - PARyOpt.paryopt - INFO - Surrogate without failed points created! (10 points) 
2021-12-07 11:25:42,040 - PARyOpt.paryopt - INFO - Surrogate with failed points created! (10 points) 
2021-12-07 11:25:42,043 - PARyOpt.paryopt - INFO - Surrogate without failed points created! (10 points) 
2021-12-07 11:25:42,044 - PARyOpt.paryopt - INFO - Surrogate with failed points created! (10 points) 
2021-12-07 11:25:42,047 - PARyOpt.paryopt - INFO - Surrogate without failed points created! (10 points) 
2021-12-07 11:25:42,048 - PARyOpt.paryopt - INFO - Surrogate with failed points created! (10 points) 
2021-12-07 11:25:42,051 - PARyOpt.paryopt - INFO - Surrogate without failed points created! (10 points) 
2021-12-07 11:25:42,051 - PARyOpt.paryopt - INFO - Surrogate with failed points created! (10 points) 
2021-12-07 11:25:42,062 - PARyOpt.paryopt - INFO - Surrogate without failed points created! (10 points) 
2021-12-07 11:25:42,063 - PARyOpt.paryopt - INFO - Surrogate with failed points created! (10 points) 
2021-12-07 11:25:42,066 - PARyOpt.paryopt - INFO - Surrogate without failed points created! (10 points) 
2021-12-07 11:25:42,066 - PARyOpt.paryopt - INFO - Surrogate with failed points created! (10 points) 
2021-12-07 11:25:42,069 - PARyOpt.paryopt - INFO - Surrogate without failed points created! (10 points) 
2021-12-07 11:25:42,070 - PARyOpt.paryopt - INFO - Surrogate with failed points created! (10 points) 
2021-12-07 11:25:42,073 - PARyOpt.paryopt - INFO - Surrogate without failed points created! (10 points) 
2021-12-07 11:25:42,074 - PARyOpt.paryopt - INFO - Surrogate with failed points created! (10 points) 
2021-12-07 11:25:42,078 - PARyOpt.paryopt - INFO - Surrogate without failed points created! (10 points) 
2021-12-07 11:25:42,079 - PARyOpt.paryopt - INFO - Surrogate with failed points created! (10 points) 
2021-12-07 11:25:42,082 - PARyOpt.paryopt - INFO - Surrogate without failed points created! (10 points) 
2021-12-07 11:25:42,082 - PARyOpt.paryopt - INFO - Surrogate with failed points created! (10 points) 
2021-12-07 11:25:42,085 - PARyOpt.paryopt - INFO - Surrogate without failed points created! (10 points) 
2021-12-07 11:25:42,086 - PARyOpt.paryopt - INFO - Surrogate with failed points created! (10 points) 
2021-12-07 11:25:42,089 - PARyOpt.paryopt - INFO - Surrogate without failed points created! (10 points) 
2021-12-07 11:25:42,090 - PARyOpt.paryopt - INFO - Surrogate with failed points created! (10 points) 
2021-12-07 11:25:42,093 - PARyOpt.paryopt - INFO - Surrogate without failed points created! (10 points) 
2021-12-07 11:25:42,093 - PARyOpt.paryopt - INFO - Surrogate with failed points created! (10 points) 
2021-12-07 11:25:42,098 - PARyOpt.paryopt - INFO - Surrogate without failed points created! (10 points) 
2021-12-07 11:25:42,101 - PARyOpt.paryopt - INFO - Surrogate with failed points created! (10 points) 
2021-12-07 11:25:42,104 - PARyOpt.paryopt - INFO - Surrogate without failed points created! (10 points) 
2021-12-07 11:25:42,105 - PARyOpt.paryopt - INFO - Surrogate with failed points created! (10 points) 
2021-12-07 11:25:42,108 - PARyOpt.paryopt - INFO - Surrogate without failed points created! (10 points) 
2021-12-07 11:25:42,109 - PARyOpt.paryopt - INFO - Surrogate with failed points created! (10 points) 
2021-12-07 11:25:42,111 - PARyOpt.paryopt - INFO - Surrogate without failed points created! (10 points) 
2021-12-07 11:25:42,112 - PARyOpt.paryopt - INFO - Surrogate with failed points created! (10 points) 
2021-12-07 11:25:42,115 - PARyOpt.paryopt - INFO - Surrogate without failed points created! (10 points) 
2021-12-07 11:25:42,116 - PARyOpt.paryopt - INFO - Surrogate with failed points created! (10 points) 
2021-12-07 11:25:42,119 - PARyOpt.paryopt - INFO - Surrogate without failed points created! (10 points) 
2021-12-07 11:25:42,119 - PARyOpt.paryopt - INFO - Surrogate with failed points created! (10 points) 
2021-12-07 11:25:42,122 - PARyOpt.paryopt - INFO - Surrogate without failed points created! (10 points) 
2021-12-07 11:25:42,123 - PARyOpt.paryopt - INFO - Surrogate with failed points created! (10 points) 
2021-12-07 11:25:42,126 - PARyOpt.paryopt - INFO - Surrogate without failed points created! (10 points) 
2021-12-07 11:25:42,126 - PARyOpt.paryopt - INFO - Surrogate with failed points created! (10 points) 
2021-12-07 11:25:42,129 - PARyOpt.paryopt - INFO - Surrogate without failed points created! (10 points) 
2021-12-07 11:25:42,130 - PARyOpt.paryopt - INFO - Surrogate with failed points created! (10 points) 
2021-12-07 11:25:42,133 - PARyOpt.paryopt - INFO - Surrogate without failed points created! (10 points) 
2021-12-07 11:25:42,134 - PARyOpt.paryopt - INFO - Surrogate with failed points created! (10 points) 
2021-12-07 11:25:42,137 - PARyOpt.paryopt - INFO - Surrogate without failed points created! (10 points) 
2021-12-07 11:25:42,137 - PARyOpt.paryopt - INFO - Surrogate with failed points created! (10 points) 
2021-12-07 11:25:42,147 - PARyOpt.paryopt - INFO - Surrogate without failed points created! (10 points) 
2021-12-07 11:25:42,149 - PARyOpt.paryopt - INFO - Surrogate with failed points created! (10 points) 
2021-12-07 11:25:42,149 - PARyOpt.paryopt - INFO - Kernel function parameter optimized: theta: 10.0, theta0: 1.0
2021-12-07 11:25:42,815 - root - INFO - Optimization done for 10 iterations, best evaluation is at [1.90279566] with cost: 5.356653025980835
2021-12-07 11:25:42,817 - root - INFO - Data exported to ./temp/example_1_data.csv
