2021-10-04 13:40:35,224 - root - INFO - Example run for Bayesian optimization
2021-10-04 13:40:35,251 - PARyOpt.paryopt - INFO - dimensionality: 1
2021-10-04 13:40:35,251 - PARyOpt.paryopt - INFO - Bounds: l_bound: [-12.], u_bound: [12.]
2021-10-04 13:40:35,251 - PARyOpt.paryopt - INFO - kernel function: sqr_exp
2021-10-04 13:40:35,251 - PARyOpt.paryopt - INFO - acquisition function: LCB
2021-10-04 13:40:35,252 - PARyOpt.paryopt - INFO - kernel function : theta: 1.0, theta0: 1.0
2021-10-04 13:40:35,252 - PARyOpt.paryopt - INFO - Init finished
2021-10-04 13:40:35,253 - PARyOpt.paryopt - INFO - Surrogate without failed points created! (2 points) 
2021-10-04 13:40:35,254 - PARyOpt.paryopt - INFO - Surrogate with failed points created! (2 points) 
2021-10-04 13:40:35,254 - root - INFO - BO initialized
2021-10-04 13:40:35,842 - PARyOpt.paryopt - INFO - opt = 0, kappa = 1000.00
2021-10-04 13:40:35,845 - PARyOpt.paryopt - INFO - Next location: [0.00491176], (acq value: [-1010.48430559])
2021-10-04 13:40:35,846 - PARyOpt.paryopt - INFO - Saved optimizer state from iter 0 to 1
2021-10-04 13:40:35,846 - PARyOpt.paryopt - INFO - Cost function evaluated! Number completed: 1, failed: 0 and pending: 0
2021-10-04 13:40:35,847 - PARyOpt.paryopt - INFO - Surrogate without failed points created! (3 points) 
2021-10-04 13:40:35,847 - PARyOpt.paryopt - INFO - Surrogate with failed points created! (3 points) 
2021-10-04 13:40:35,849 - PARyOpt.paryopt - INFO - Saved optimizer state for iteration 1.
2021-10-04 13:40:35,850 - PARyOpt.paryopt - INFO - Saved optimizer state for iteration 1.
2021-10-04 13:40:35,850 - PARyOpt.paryopt - INFO - 1 iterations completed, total population: 3, number of iterations: 1!
2021-10-04 13:40:35,851 - PARyOpt.paryopt - INFO - Surrogate without failed points created! (3 points) 
2021-10-04 13:40:35,852 - PARyOpt.paryopt - INFO - Surrogate with failed points created! (3 points) 
2021-10-04 13:40:35,853 - PARyOpt.paryopt - INFO - Surrogate without failed points created! (3 points) 
2021-10-04 13:40:35,853 - PARyOpt.paryopt - INFO - Surrogate with failed points created! (3 points) 
2021-10-04 13:40:35,854 - PARyOpt.paryopt - INFO - Surrogate without failed points created! (3 points) 
2021-10-04 13:40:35,854 - PARyOpt.paryopt - INFO - Surrogate with failed points created! (3 points) 
2021-10-04 13:40:35,855 - PARyOpt.paryopt - INFO - Surrogate without failed points created! (3 points) 
2021-10-04 13:40:35,855 - PARyOpt.paryopt - INFO - Surrogate with failed points created! (3 points) 
2021-10-04 13:40:35,856 - PARyOpt.paryopt - INFO - Surrogate without failed points created! (3 points) 
2021-10-04 13:40:35,856 - PARyOpt.paryopt - INFO - Surrogate with failed points created! (3 points) 
2021-10-04 13:40:35,857 - PARyOpt.paryopt - INFO - Surrogate without failed points created! (3 points) 
2021-10-04 13:40:35,857 - PARyOpt.paryopt - INFO - Surrogate with failed points created! (3 points) 
2021-10-04 13:40:35,857 - PARyOpt.paryopt - INFO - Surrogate without failed points created! (3 points) 
2021-10-04 13:40:35,858 - PARyOpt.paryopt - INFO - Surrogate with failed points created! (3 points) 
2021-10-04 13:40:35,858 - PARyOpt.paryopt - INFO - Surrogate without failed points created! (3 points) 
2021-10-04 13:40:35,858 - PARyOpt.paryopt - INFO - Surrogate with failed points created! (3 points) 
2021-10-04 13:40:35,859 - PARyOpt.paryopt - INFO - Surrogate without failed points created! (3 points) 
2021-10-04 13:40:35,859 - PARyOpt.paryopt - INFO - Surrogate with failed points created! (3 points) 
2021-10-04 13:40:35,860 - PARyOpt.paryopt - INFO - Surrogate without failed points created! (3 points) 
2021-10-04 13:40:35,861 - PARyOpt.paryopt - INFO - Surrogate with failed points created! (3 points) 
2021-10-04 13:40:35,862 - PARyOpt.paryopt - INFO - Surrogate without failed points created! (3 points) 
2021-10-04 13:40:35,862 - PARyOpt.paryopt - INFO - Surrogate with failed points created! (3 points) 
2021-10-04 13:40:35,863 - PARyOpt.paryopt - INFO - Surrogate without failed points created! (3 points) 
2021-10-04 13:40:35,863 - PARyOpt.paryopt - INFO - Surrogate with failed points created! (3 points) 
2021-10-04 13:40:35,864 - PARyOpt.paryopt - INFO - Surrogate without failed points created! (3 points) 
2021-10-04 13:40:35,865 - PARyOpt.paryopt - INFO - Surrogate with failed points created! (3 points) 
2021-10-04 13:40:35,865 - PARyOpt.paryopt - INFO - Surrogate without failed points created! (3 points) 
2021-10-04 13:40:35,866 - PARyOpt.paryopt - INFO - Surrogate with failed points created! (3 points) 
2021-10-04 13:40:35,867 - PARyOpt.paryopt - INFO - Surrogate without failed points created! (3 points) 
2021-10-04 13:40:35,867 - PARyOpt.paryopt - INFO - Surrogate with failed points created! (3 points) 
2021-10-04 13:40:35,868 - PARyOpt.paryopt - INFO - Surrogate without failed points created! (3 points) 
2021-10-04 13:40:35,868 - PARyOpt.paryopt - INFO - Surrogate with failed points created! (3 points) 
2021-10-04 13:40:35,869 - PARyOpt.paryopt - INFO - Surrogate without failed points created! (3 points) 
2021-10-04 13:40:35,869 - PARyOpt.paryopt - INFO - Surrogate with failed points created! (3 points) 
2021-10-04 13:40:35,870 - PARyOpt.paryopt - INFO - Surrogate without failed points created! (3 points) 
2021-10-04 13:40:35,871 - PARyOpt.paryopt - INFO - Surrogate with failed points created! (3 points) 
2021-10-04 13:40:35,872 - PARyOpt.paryopt - INFO - Surrogate without failed points created! (3 points) 
2021-10-04 13:40:35,872 - PARyOpt.paryopt - INFO - Surrogate with failed points created! (3 points) 
2021-10-04 13:40:35,873 - PARyOpt.paryopt - INFO - Surrogate without failed points created! (3 points) 
2021-10-04 13:40:35,873 - PARyOpt.paryopt - INFO - Surrogate with failed points created! (3 points) 
2021-10-04 13:40:35,874 - PARyOpt.paryopt - INFO - Surrogate without failed points created! (3 points) 
2021-10-04 13:40:35,874 - PARyOpt.paryopt - INFO - Surrogate with failed points created! (3 points) 
2021-10-04 13:40:35,875 - PARyOpt.paryopt - INFO - Surrogate without failed points created! (3 points) 
2021-10-04 13:40:35,876 - PARyOpt.paryopt - INFO - Surrogate with failed points created! (3 points) 
2021-10-04 13:40:35,876 - PARyOpt.paryopt - INFO - Surrogate without failed points created! (3 points) 
2021-10-04 13:40:35,877 - PARyOpt.paryopt - INFO - Surrogate with failed points created! (3 points) 
2021-10-04 13:40:35,878 - PARyOpt.paryopt - INFO - Surrogate without failed points created! (3 points) 
2021-10-04 13:40:35,878 - PARyOpt.paryopt - INFO - Surrogate with failed points created! (3 points) 
2021-10-04 13:40:35,879 - PARyOpt.paryopt - INFO - Surrogate without failed points created! (3 points) 
2021-10-04 13:40:35,879 - PARyOpt.paryopt - INFO - Surrogate with failed points created! (3 points) 
2021-10-04 13:40:35,880 - PARyOpt.paryopt - INFO - Surrogate without failed points created! (3 points) 
2021-10-04 13:40:35,881 - PARyOpt.paryopt - INFO - Surrogate with failed points created! (3 points) 
2021-10-04 13:40:35,881 - PARyOpt.paryopt - INFO - Surrogate without failed points created! (3 points) 
2021-10-04 13:40:35,882 - PARyOpt.paryopt - INFO - Surrogate with failed points created! (3 points) 
2021-10-04 13:40:35,883 - PARyOpt.paryopt - INFO - Surrogate without failed points created! (3 points) 
2021-10-04 13:40:35,883 - PARyOpt.paryopt - INFO - Surrogate with failed points created! (3 points) 
2021-10-04 13:40:35,884 - PARyOpt.paryopt - INFO - Surrogate without failed points created! (3 points) 
2021-10-04 13:40:35,884 - PARyOpt.paryopt - INFO - Surrogate with failed points created! (3 points) 
2021-10-04 13:40:35,885 - PARyOpt.paryopt - INFO - Surrogate without failed points created! (3 points) 
2021-10-04 13:40:35,886 - PARyOpt.paryopt - INFO - Surrogate with failed points created! (3 points) 
2021-10-04 13:40:35,886 - PARyOpt.paryopt - INFO - Surrogate without failed points created! (3 points) 
2021-10-04 13:40:35,887 - PARyOpt.paryopt - INFO - Surrogate with failed points created! (3 points) 
2021-10-04 13:40:35,888 - PARyOpt.paryopt - INFO - Surrogate without failed points created! (3 points) 
2021-10-04 13:40:35,888 - PARyOpt.paryopt - INFO - Surrogate with failed points created! (3 points) 
2021-10-04 13:40:35,888 - PARyOpt.paryopt - INFO - Kernel function parameter optimized: theta: 1.806896551724138, theta0: 1.0
2021-10-04 13:40:35,888 - PARyOpt.paryopt - INFO - opt = 0, kappa = 1000.00
2021-10-04 13:40:35,900 - PARyOpt.paryopt - INFO - Next location: [2.9789277], (acq value: [-940.71957053])
2021-10-04 13:40:35,902 - PARyOpt.paryopt - INFO - Saved optimizer state from iter 1 to 2
2021-10-04 13:40:35,902 - PARyOpt.paryopt - INFO - Cost function evaluated! Number completed: 1, failed: 0 and pending: 0
2021-10-04 13:40:35,903 - PARyOpt.paryopt - INFO - Surrogate without failed points created! (4 points) 
2021-10-04 13:40:35,903 - PARyOpt.paryopt - INFO - Surrogate with failed points created! (4 points) 
2021-10-04 13:40:35,904 - PARyOpt.paryopt - INFO - Saved optimizer state for iteration 2.
2021-10-04 13:40:35,906 - PARyOpt.paryopt - INFO - Saved optimizer state for iteration 2.
2021-10-04 13:40:35,906 - PARyOpt.paryopt - INFO - 1 iterations completed, total population: 4, number of iterations: 2!
2021-10-04 13:40:35,907 - PARyOpt.paryopt - INFO - Surrogate without failed points created! (4 points) 
2021-10-04 13:40:35,907 - PARyOpt.paryopt - INFO - Surrogate with failed points created! (4 points) 
2021-10-04 13:40:35,908 - PARyOpt.paryopt - INFO - Surrogate without failed points created! (4 points) 
2021-10-04 13:40:35,909 - PARyOpt.paryopt - INFO - Surrogate with failed points created! (4 points) 
2021-10-04 13:40:35,910 - PARyOpt.paryopt - INFO - Surrogate without failed points created! (4 points) 
2021-10-04 13:40:35,910 - PARyOpt.paryopt - INFO - Surrogate with failed points created! (4 points) 
2021-10-04 13:40:35,911 - PARyOpt.paryopt - INFO - Surrogate without failed points created! (4 points) 
2021-10-04 13:40:35,912 - PARyOpt.paryopt - INFO - Surrogate with failed points created! (4 points) 
2021-10-04 13:40:35,913 - PARyOpt.paryopt - INFO - Surrogate without failed points created! (4 points) 
2021-10-04 13:40:35,913 - PARyOpt.paryopt - INFO - Surrogate with failed points created! (4 points) 
2021-10-04 13:40:35,915 - PARyOpt.paryopt - INFO - Surrogate without failed points created! (4 points) 
2021-10-04 13:40:35,915 - PARyOpt.paryopt - INFO - Surrogate with failed points created! (4 points) 
2021-10-04 13:40:35,916 - PARyOpt.paryopt - INFO - Surrogate without failed points created! (4 points) 
2021-10-04 13:40:35,917 - PARyOpt.paryopt - INFO - Surrogate with failed points created! (4 points) 
2021-10-04 13:40:35,918 - PARyOpt.paryopt - INFO - Surrogate without failed points created! (4 points) 
2021-10-04 13:40:35,918 - PARyOpt.paryopt - INFO - Surrogate with failed points created! (4 points) 
2021-10-04 13:40:35,919 - PARyOpt.paryopt - INFO - Surrogate without failed points created! (4 points) 
2021-10-04 13:40:35,919 - PARyOpt.paryopt - INFO - Surrogate with failed points created! (4 points) 
2021-10-04 13:40:35,920 - PARyOpt.paryopt - INFO - Surrogate without failed points created! (4 points) 
2021-10-04 13:40:35,921 - PARyOpt.paryopt - INFO - Surrogate with failed points created! (4 points) 
2021-10-04 13:40:35,921 - PARyOpt.paryopt - INFO - Surrogate without failed points created! (4 points) 
2021-10-04 13:40:35,921 - PARyOpt.paryopt - INFO - Surrogate with failed points created! (4 points) 
2021-10-04 13:40:35,922 - PARyOpt.paryopt - INFO - Surrogate without failed points created! (4 points) 
2021-10-04 13:40:35,922 - PARyOpt.paryopt - INFO - Surrogate with failed points created! (4 points) 
2021-10-04 13:40:35,923 - PARyOpt.paryopt - INFO - Surrogate without failed points created! (4 points) 
2021-10-04 13:40:35,923 - PARyOpt.paryopt - INFO - Surrogate with failed points created! (4 points) 
2021-10-04 13:40:35,924 - PARyOpt.paryopt - INFO - Surrogate without failed points created! (4 points) 
2021-10-04 13:40:35,924 - PARyOpt.paryopt - INFO - Surrogate with failed points created! (4 points) 
2021-10-04 13:40:35,925 - PARyOpt.paryopt - INFO - Surrogate without failed points created! (4 points) 
2021-10-04 13:40:35,925 - PARyOpt.paryopt - INFO - Surrogate with failed points created! (4 points) 
2021-10-04 13:40:35,926 - PARyOpt.paryopt - INFO - Surrogate without failed points created! (4 points) 
2021-10-04 13:40:35,926 - PARyOpt.paryopt - INFO - Surrogate with failed points created! (4 points) 
2021-10-04 13:40:35,926 - PARyOpt.paryopt - INFO - Surrogate without failed points created! (4 points) 
2021-10-04 13:40:35,927 - PARyOpt.paryopt - INFO - Surrogate with failed points created! (4 points) 
2021-10-04 13:40:35,927 - PARyOpt.paryopt - INFO - Surrogate without failed points created! (4 points) 
2021-10-04 13:40:35,927 - PARyOpt.paryopt - INFO - Surrogate with failed points created! (4 points) 
2021-10-04 13:40:35,928 - PARyOpt.paryopt - INFO - Surrogate without failed points created! (4 points) 
2021-10-04 13:40:35,928 - PARyOpt.paryopt - INFO - Surrogate with failed points created! (4 points) 
2021-10-04 13:40:35,929 - PARyOpt.paryopt - INFO - Surrogate without failed points created! (4 points) 
2021-10-04 13:40:35,929 - PARyOpt.paryopt - INFO - Surrogate with failed points created! (4 points) 
2021-10-04 13:40:35,930 - PARyOpt.paryopt - INFO - Surrogate without failed points created! (4 points) 
2021-10-04 13:40:35,930 - PARyOpt.paryopt - INFO - Surrogate with failed points created! (4 points) 
2021-10-04 13:40:35,931 - PARyOpt.paryopt - INFO - Surrogate without failed points created! (4 points) 
2021-10-04 13:40:35,931 - PARyOpt.paryopt - INFO - Surrogate with failed points created! (4 points) 
2021-10-04 13:40:35,931 - PARyOpt.paryopt - INFO - Surrogate without failed points created! (4 points) 
2021-10-04 13:40:35,932 - PARyOpt.paryopt - INFO - Surrogate with failed points created! (4 points) 
2021-10-04 13:40:35,932 - PARyOpt.paryopt - INFO - Surrogate without failed points created! (4 points) 
2021-10-04 13:40:35,933 - PARyOpt.paryopt - INFO - Surrogate with failed points created! (4 points) 
2021-10-04 13:40:35,933 - PARyOpt.paryopt - INFO - Surrogate without failed points created! (4 points) 
2021-10-04 13:40:35,933 - PARyOpt.paryopt - INFO - Surrogate with failed points created! (4 points) 
2021-10-04 13:40:35,934 - PARyOpt.paryopt - INFO - Surrogate without failed points created! (4 points) 
2021-10-04 13:40:35,934 - PARyOpt.paryopt - INFO - Surrogate with failed points created! (4 points) 
2021-10-04 13:40:35,935 - PARyOpt.paryopt - INFO - Surrogate without failed points created! (4 points) 
2021-10-04 13:40:35,935 - PARyOpt.paryopt - INFO - Surrogate with failed points created! (4 points) 
2021-10-04 13:40:35,936 - PARyOpt.paryopt - INFO - Surrogate without failed points created! (4 points) 
2021-10-04 13:40:35,936 - PARyOpt.paryopt - INFO - Surrogate with failed points created! (4 points) 
2021-10-04 13:40:35,937 - PARyOpt.paryopt - INFO - Surrogate without failed points created! (4 points) 
2021-10-04 13:40:35,937 - PARyOpt.paryopt - INFO - Surrogate with failed points created! (4 points) 
2021-10-04 13:40:35,937 - PARyOpt.paryopt - INFO - Surrogate without failed points created! (4 points) 
2021-10-04 13:40:35,938 - PARyOpt.paryopt - INFO - Surrogate with failed points created! (4 points) 
2021-10-04 13:40:35,938 - PARyOpt.paryopt - INFO - Surrogate without failed points created! (4 points) 
2021-10-04 13:40:35,939 - PARyOpt.paryopt - INFO - Surrogate with failed points created! (4 points) 
2021-10-04 13:40:35,939 - PARyOpt.paryopt - INFO - Surrogate without failed points created! (4 points) 
2021-10-04 13:40:35,940 - PARyOpt.paryopt - INFO - Surrogate with failed points created! (4 points) 
2021-10-04 13:40:35,940 - PARyOpt.paryopt - INFO - Kernel function parameter optimized: theta: 3.855172413793104, theta0: 1.0
2021-10-04 13:40:36,425 - PARyOpt.paryopt - INFO - opt = 0, kappa = 1000.00
2021-10-04 13:40:36,433 - PARyOpt.paryopt - INFO - Next location: [1.0106097], (acq value: [-148.0563215])
2021-10-04 13:40:36,435 - PARyOpt.paryopt - INFO - Saved optimizer state from iter 2 to 3
2021-10-04 13:40:36,435 - PARyOpt.paryopt - INFO - Cost function evaluated! Number completed: 1, failed: 0 and pending: 0
2021-10-04 13:40:36,435 - PARyOpt.paryopt - INFO - Surrogate without failed points created! (5 points) 
2021-10-04 13:40:36,436 - PARyOpt.paryopt - INFO - Surrogate with failed points created! (5 points) 
2021-10-04 13:40:36,437 - PARyOpt.paryopt - INFO - Saved optimizer state for iteration 3.
2021-10-04 13:40:36,438 - PARyOpt.paryopt - INFO - Saved optimizer state for iteration 3.
2021-10-04 13:40:36,438 - PARyOpt.paryopt - INFO - 1 iterations completed, total population: 5, number of iterations: 3!
2021-10-04 13:40:36,440 - PARyOpt.paryopt - INFO - Surrogate without failed points created! (5 points) 
2021-10-04 13:40:36,440 - PARyOpt.paryopt - INFO - Surrogate with failed points created! (5 points) 
2021-10-04 13:40:36,441 - PARyOpt.paryopt - INFO - Surrogate without failed points created! (5 points) 
2021-10-04 13:40:36,441 - PARyOpt.paryopt - INFO - Surrogate with failed points created! (5 points) 
2021-10-04 13:40:36,442 - PARyOpt.paryopt - INFO - Surrogate without failed points created! (5 points) 
2021-10-04 13:40:36,442 - PARyOpt.paryopt - INFO - Surrogate with failed points created! (5 points) 
2021-10-04 13:40:36,443 - PARyOpt.paryopt - INFO - Surrogate without failed points created! (5 points) 
2021-10-04 13:40:36,443 - PARyOpt.paryopt - INFO - Surrogate with failed points created! (5 points) 
2021-10-04 13:40:36,444 - PARyOpt.paryopt - INFO - Surrogate without failed points created! (5 points) 
2021-10-04 13:40:36,444 - PARyOpt.paryopt - INFO - Surrogate with failed points created! (5 points) 
2021-10-04 13:40:36,445 - PARyOpt.paryopt - INFO - Surrogate without failed points created! (5 points) 
2021-10-04 13:40:36,445 - PARyOpt.paryopt - INFO - Surrogate with failed points created! (5 points) 
2021-10-04 13:40:36,446 - PARyOpt.paryopt - INFO - Surrogate without failed points created! (5 points) 
2021-10-04 13:40:36,446 - PARyOpt.paryopt - INFO - Surrogate with failed points created! (5 points) 
2021-10-04 13:40:36,447 - PARyOpt.paryopt - INFO - Surrogate without failed points created! (5 points) 
2021-10-04 13:40:36,447 - PARyOpt.paryopt - INFO - Surrogate with failed points created! (5 points) 
2021-10-04 13:40:36,448 - PARyOpt.paryopt - INFO - Surrogate without failed points created! (5 points) 
2021-10-04 13:40:36,448 - PARyOpt.paryopt - INFO - Surrogate with failed points created! (5 points) 
2021-10-04 13:40:36,449 - PARyOpt.paryopt - INFO - Surrogate without failed points created! (5 points) 
2021-10-04 13:40:36,449 - PARyOpt.paryopt - INFO - Surrogate with failed points created! (5 points) 
2021-10-04 13:40:36,450 - PARyOpt.paryopt - INFO - Surrogate without failed points created! (5 points) 
2021-10-04 13:40:36,450 - PARyOpt.paryopt - INFO - Surrogate with failed points created! (5 points) 
2021-10-04 13:40:36,451 - PARyOpt.paryopt - INFO - Surrogate without failed points created! (5 points) 
2021-10-04 13:40:36,451 - PARyOpt.paryopt - INFO - Surrogate with failed points created! (5 points) 
2021-10-04 13:40:36,452 - PARyOpt.paryopt - INFO - Surrogate without failed points created! (5 points) 
2021-10-04 13:40:36,452 - PARyOpt.paryopt - INFO - Surrogate with failed points created! (5 points) 
2021-10-04 13:40:36,453 - PARyOpt.paryopt - INFO - Surrogate without failed points created! (5 points) 
2021-10-04 13:40:36,453 - PARyOpt.paryopt - INFO - Surrogate with failed points created! (5 points) 
2021-10-04 13:40:36,454 - PARyOpt.paryopt - INFO - Surrogate without failed points created! (5 points) 
2021-10-04 13:40:36,454 - PARyOpt.paryopt - INFO - Surrogate with failed points created! (5 points) 
2021-10-04 13:40:36,455 - PARyOpt.paryopt - INFO - Surrogate without failed points created! (5 points) 
2021-10-04 13:40:36,455 - PARyOpt.paryopt - INFO - Surrogate with failed points created! (5 points) 
2021-10-04 13:40:36,456 - PARyOpt.paryopt - INFO - Surrogate without failed points created! (5 points) 
2021-10-04 13:40:36,457 - PARyOpt.paryopt - INFO - Surrogate with failed points created! (5 points) 
2021-10-04 13:40:36,458 - PARyOpt.paryopt - INFO - Surrogate without failed points created! (5 points) 
2021-10-04 13:40:36,458 - PARyOpt.paryopt - INFO - Surrogate with failed points created! (5 points) 
2021-10-04 13:40:36,459 - PARyOpt.paryopt - INFO - Surrogate without failed points created! (5 points) 
2021-10-04 13:40:36,459 - PARyOpt.paryopt - INFO - Surrogate with failed points created! (5 points) 
2021-10-04 13:40:36,460 - PARyOpt.paryopt - INFO - Surrogate without failed points created! (5 points) 
2021-10-04 13:40:36,460 - PARyOpt.paryopt - INFO - Surrogate with failed points created! (5 points) 
2021-10-04 13:40:36,461 - PARyOpt.paryopt - INFO - Surrogate without failed points created! (5 points) 
2021-10-04 13:40:36,461 - PARyOpt.paryopt - INFO - Surrogate with failed points created! (5 points) 
2021-10-04 13:40:36,462 - PARyOpt.paryopt - INFO - Surrogate without failed points created! (5 points) 
2021-10-04 13:40:36,462 - PARyOpt.paryopt - INFO - Surrogate with failed points created! (5 points) 
2021-10-04 13:40:36,462 - PARyOpt.paryopt - INFO - Surrogate without failed points created! (5 points) 
2021-10-04 13:40:36,463 - PARyOpt.paryopt - INFO - Surrogate with failed points created! (5 points) 
2021-10-04 13:40:36,464 - PARyOpt.paryopt - INFO - Surrogate without failed points created! (5 points) 
2021-10-04 13:40:36,464 - PARyOpt.paryopt - INFO - Surrogate with failed points created! (5 points) 
2021-10-04 13:40:36,465 - PARyOpt.paryopt - INFO - Surrogate without failed points created! (5 points) 
2021-10-04 13:40:36,465 - PARyOpt.paryopt - INFO - Surrogate with failed points created! (5 points) 
2021-10-04 13:40:36,466 - PARyOpt.paryopt - INFO - Surrogate without failed points created! (5 points) 
2021-10-04 13:40:36,466 - PARyOpt.paryopt - INFO - Surrogate with failed points created! (5 points) 
2021-10-04 13:40:36,467 - PARyOpt.paryopt - INFO - Surrogate without failed points created! (5 points) 
2021-10-04 13:40:36,467 - PARyOpt.paryopt - INFO - Surrogate with failed points created! (5 points) 
2021-10-04 13:40:36,468 - PARyOpt.paryopt - INFO - Surrogate without failed points created! (5 points) 
2021-10-04 13:40:36,468 - PARyOpt.paryopt - INFO - Surrogate with failed points created! (5 points) 
2021-10-04 13:40:36,469 - PARyOpt.paryopt - INFO - Surrogate without failed points created! (5 points) 
2021-10-04 13:40:36,469 - PARyOpt.paryopt - INFO - Surrogate with failed points created! (5 points) 
2021-10-04 13:40:36,470 - PARyOpt.paryopt - INFO - Surrogate without failed points created! (5 points) 
2021-10-04 13:40:36,471 - PARyOpt.paryopt - INFO - Surrogate with failed points created! (5 points) 
2021-10-04 13:40:36,471 - PARyOpt.paryopt - INFO - Surrogate without failed points created! (5 points) 
2021-10-04 13:40:36,472 - PARyOpt.paryopt - INFO - Surrogate with failed points created! (5 points) 
2021-10-04 13:40:36,473 - PARyOpt.paryopt - INFO - Surrogate without failed points created! (5 points) 
2021-10-04 13:40:36,473 - PARyOpt.paryopt - INFO - Surrogate with failed points created! (5 points) 
2021-10-04 13:40:36,473 - PARyOpt.paryopt - INFO - Kernel function parameter optimized: theta: 3.855172413793104, theta0: 1.0
2021-10-04 13:40:36,473 - PARyOpt.paryopt - INFO - opt = 0, kappa = 1000.00
2021-10-04 13:40:36,483 - PARyOpt.paryopt - INFO - opt = 0, kappa = 1000.00
2021-10-04 13:40:36,491 - PARyOpt.paryopt - INFO - opt = 0, kappa = 1000.00
2021-10-04 13:40:36,502 - PARyOpt.paryopt - INFO - opt = 0, kappa = 1000.00
2021-10-04 13:40:36,511 - PARyOpt.paryopt - INFO - opt = 0, kappa = 1000.00
2021-10-04 13:40:36,526 - PARyOpt.paryopt - INFO - opt = 0, kappa = 1000.00
2021-10-04 13:40:36,541 - PARyOpt.paryopt - INFO - opt = 0, kappa = 1000.00
2021-10-04 13:40:36,551 - PARyOpt.paryopt - INFO - opt = 0, kappa = 1000.00
2021-10-04 13:40:36,561 - PARyOpt.paryopt - INFO - opt = 0, kappa = 1000.00
2021-10-04 13:40:36,575 - PARyOpt.paryopt - INFO - opt = 0, kappa = 1000.00
2021-10-04 13:40:36,584 - PARyOpt.paryopt - WARNING - Could not find surrogate optima 0 (all points near population)
2021-10-04 13:40:36,585 - PARyOpt.paryopt - INFO - Saved optimizer state from iter 3 to 4
2021-10-04 13:40:36,585 - PARyOpt.paryopt - INFO - Cost function evaluated! Number completed: 0, failed: 0 and pending: 0
2021-10-04 13:40:36,586 - PARyOpt.paryopt - INFO - Surrogate without failed points created! (5 points) 
2021-10-04 13:40:36,586 - PARyOpt.paryopt - INFO - Surrogate with failed points created! (5 points) 
2021-10-04 13:40:36,587 - PARyOpt.paryopt - INFO - Saved optimizer state for iteration 4.
2021-10-04 13:40:36,587 - PARyOpt.paryopt - WARNING - Failed to evaluate any new points during iteration 4.
2021-10-04 13:40:36,588 - PARyOpt.paryopt - INFO - Saved optimizer state for iteration 4.
2021-10-04 13:40:36,588 - PARyOpt.paryopt - INFO - 1 iterations completed, total population: 5, number of iterations: 4!
2021-10-04 13:40:36,589 - PARyOpt.paryopt - INFO - Surrogate without failed points created! (5 points) 
2021-10-04 13:40:36,589 - PARyOpt.paryopt - INFO - Surrogate with failed points created! (5 points) 
2021-10-04 13:40:36,590 - PARyOpt.paryopt - INFO - Surrogate without failed points created! (5 points) 
2021-10-04 13:40:36,590 - PARyOpt.paryopt - INFO - Surrogate with failed points created! (5 points) 
2021-10-04 13:40:36,591 - PARyOpt.paryopt - INFO - Surrogate without failed points created! (5 points) 
2021-10-04 13:40:36,591 - PARyOpt.paryopt - INFO - Surrogate with failed points created! (5 points) 
2021-10-04 13:40:36,592 - PARyOpt.paryopt - INFO - Surrogate without failed points created! (5 points) 
2021-10-04 13:40:36,592 - PARyOpt.paryopt - INFO - Surrogate with failed points created! (5 points) 
2021-10-04 13:40:36,593 - PARyOpt.paryopt - INFO - Surrogate without failed points created! (5 points) 
2021-10-04 13:40:36,593 - PARyOpt.paryopt - INFO - Surrogate with failed points created! (5 points) 
2021-10-04 13:40:36,594 - PARyOpt.paryopt - INFO - Surrogate without failed points created! (5 points) 
2021-10-04 13:40:36,594 - PARyOpt.paryopt - INFO - Surrogate with failed points created! (5 points) 
2021-10-04 13:40:36,595 - PARyOpt.paryopt - INFO - Surrogate without failed points created! (5 points) 
2021-10-04 13:40:36,595 - PARyOpt.paryopt - INFO - Surrogate with failed points created! (5 points) 
2021-10-04 13:40:36,596 - PARyOpt.paryopt - INFO - Surrogate without failed points created! (5 points) 
2021-10-04 13:40:36,596 - PARyOpt.paryopt - INFO - Surrogate with failed points created! (5 points) 
2021-10-04 13:40:36,597 - PARyOpt.paryopt - INFO - Surrogate without failed points created! (5 points) 
2021-10-04 13:40:36,597 - PARyOpt.paryopt - INFO - Surrogate with failed points created! (5 points) 
2021-10-04 13:40:36,598 - PARyOpt.paryopt - INFO - Surrogate without failed points created! (5 points) 
2021-10-04 13:40:36,598 - PARyOpt.paryopt - INFO - Surrogate with failed points created! (5 points) 
2021-10-04 13:40:36,599 - PARyOpt.paryopt - INFO - Surrogate without failed points created! (5 points) 
2021-10-04 13:40:36,599 - PARyOpt.paryopt - INFO - Surrogate with failed points created! (5 points) 
2021-10-04 13:40:36,599 - PARyOpt.paryopt - INFO - Surrogate without failed points created! (5 points) 
2021-10-04 13:40:36,600 - PARyOpt.paryopt - INFO - Surrogate with failed points created! (5 points) 
2021-10-04 13:40:36,600 - PARyOpt.paryopt - INFO - Surrogate without failed points created! (5 points) 
2021-10-04 13:40:36,601 - PARyOpt.paryopt - INFO - Surrogate with failed points created! (5 points) 
2021-10-04 13:40:36,601 - PARyOpt.paryopt - INFO - Surrogate without failed points created! (5 points) 
2021-10-04 13:40:36,602 - PARyOpt.paryopt - INFO - Surrogate with failed points created! (5 points) 
2021-10-04 13:40:36,602 - PARyOpt.paryopt - INFO - Surrogate without failed points created! (5 points) 
2021-10-04 13:40:36,603 - PARyOpt.paryopt - INFO - Surrogate with failed points created! (5 points) 
2021-10-04 13:40:36,603 - PARyOpt.paryopt - INFO - Surrogate without failed points created! (5 points) 
2021-10-04 13:40:36,604 - PARyOpt.paryopt - INFO - Surrogate with failed points created! (5 points) 
2021-10-04 13:40:36,604 - PARyOpt.paryopt - INFO - Surrogate without failed points created! (5 points) 
2021-10-04 13:40:36,605 - PARyOpt.paryopt - INFO - Surrogate with failed points created! (5 points) 
2021-10-04 13:40:36,605 - PARyOpt.paryopt - INFO - Surrogate without failed points created! (5 points) 
2021-10-04 13:40:36,606 - PARyOpt.paryopt - INFO - Surrogate with failed points created! (5 points) 
2021-10-04 13:40:36,606 - PARyOpt.paryopt - INFO - Surrogate without failed points created! (5 points) 
2021-10-04 13:40:36,607 - PARyOpt.paryopt - INFO - Surrogate with failed points created! (5 points) 
2021-10-04 13:40:36,607 - PARyOpt.paryopt - INFO - Surrogate without failed points created! (5 points) 
2021-10-04 13:40:36,607 - PARyOpt.paryopt - INFO - Surrogate with failed points created! (5 points) 
2021-10-04 13:40:36,608 - PARyOpt.paryopt - INFO - Surrogate without failed points created! (5 points) 
2021-10-04 13:40:36,609 - PARyOpt.paryopt - INFO - Surrogate with failed points created! (5 points) 
2021-10-04 13:40:36,609 - PARyOpt.paryopt - INFO - Surrogate without failed points created! (5 points) 
2021-10-04 13:40:36,610 - PARyOpt.paryopt - INFO - Surrogate with failed points created! (5 points) 
2021-10-04 13:40:36,611 - PARyOpt.paryopt - INFO - Surrogate without failed points created! (5 points) 
2021-10-04 13:40:36,612 - PARyOpt.paryopt - INFO - Surrogate with failed points created! (5 points) 
2021-10-04 13:40:36,613 - PARyOpt.paryopt - INFO - Surrogate without failed points created! (5 points) 
2021-10-04 13:40:36,614 - PARyOpt.paryopt - INFO - Surrogate with failed points created! (5 points) 
2021-10-04 13:40:36,615 - PARyOpt.paryopt - INFO - Surrogate without failed points created! (5 points) 
2021-10-04 13:40:36,615 - PARyOpt.paryopt - INFO - Surrogate with failed points created! (5 points) 
2021-10-04 13:40:36,616 - PARyOpt.paryopt - INFO - Surrogate without failed points created! (5 points) 
2021-10-04 13:40:36,616 - PARyOpt.paryopt - INFO - Surrogate with failed points created! (5 points) 
2021-10-04 13:40:36,617 - PARyOpt.paryopt - INFO - Surrogate without failed points created! (5 points) 
2021-10-04 13:40:36,617 - PARyOpt.paryopt - INFO - Surrogate with failed points created! (5 points) 
2021-10-04 13:40:36,618 - PARyOpt.paryopt - INFO - Surrogate without failed points created! (5 points) 
2021-10-04 13:40:36,618 - PARyOpt.paryopt - INFO - Surrogate with failed points created! (5 points) 
2021-10-04 13:40:36,619 - PARyOpt.paryopt - INFO - Surrogate without failed points created! (5 points) 
2021-10-04 13:40:36,619 - PARyOpt.paryopt - INFO - Surrogate with failed points created! (5 points) 
2021-10-04 13:40:36,620 - PARyOpt.paryopt - INFO - Surrogate without failed points created! (5 points) 
2021-10-04 13:40:36,620 - PARyOpt.paryopt - INFO - Surrogate with failed points created! (5 points) 
2021-10-04 13:40:36,621 - PARyOpt.paryopt - INFO - Surrogate without failed points created! (5 points) 
2021-10-04 13:40:36,621 - PARyOpt.paryopt - INFO - Surrogate with failed points created! (5 points) 
2021-10-04 13:40:36,622 - PARyOpt.paryopt - INFO - Surrogate without failed points created! (5 points) 
2021-10-04 13:40:36,622 - PARyOpt.paryopt - INFO - Surrogate with failed points created! (5 points) 
2021-10-04 13:40:36,622 - PARyOpt.paryopt - INFO - Kernel function parameter optimized: theta: 3.855172413793104, theta0: 1.0
2021-10-04 13:40:37,175 - PARyOpt.paryopt - INFO - opt = 0, kappa = 1000.00
2021-10-04 13:40:37,182 - PARyOpt.paryopt - INFO - opt = 0, kappa = 1000.00
2021-10-04 13:40:37,188 - PARyOpt.paryopt - INFO - opt = 0, kappa = 1000.00
2021-10-04 13:40:37,197 - PARyOpt.paryopt - INFO - opt = 0, kappa = 1000.00
2021-10-04 13:40:37,207 - PARyOpt.paryopt - INFO - opt = 0, kappa = 1000.00
2021-10-04 13:40:37,214 - PARyOpt.paryopt - INFO - opt = 0, kappa = 1000.00
2021-10-04 13:40:37,224 - PARyOpt.paryopt - INFO - opt = 0, kappa = 1000.00
2021-10-04 13:40:37,232 - PARyOpt.paryopt - INFO - opt = 0, kappa = 1000.00
2021-10-04 13:40:37,241 - PARyOpt.paryopt - INFO - opt = 0, kappa = 1000.00
2021-10-04 13:40:37,251 - PARyOpt.paryopt - INFO - opt = 0, kappa = 1000.00
2021-10-04 13:40:37,260 - PARyOpt.paryopt - WARNING - Could not find surrogate optima 0 (all points near population)
2021-10-04 13:40:37,261 - PARyOpt.paryopt - INFO - Saved optimizer state from iter 4 to 5
2021-10-04 13:40:37,261 - PARyOpt.paryopt - INFO - Cost function evaluated! Number completed: 0, failed: 0 and pending: 0
2021-10-04 13:40:37,262 - PARyOpt.paryopt - INFO - Surrogate without failed points created! (5 points) 
2021-10-04 13:40:37,262 - PARyOpt.paryopt - INFO - Surrogate with failed points created! (5 points) 
2021-10-04 13:40:37,264 - PARyOpt.paryopt - INFO - Saved optimizer state for iteration 5.
2021-10-04 13:40:37,264 - PARyOpt.paryopt - WARNING - Failed to evaluate any new points during iteration 5.
2021-10-04 13:40:37,265 - PARyOpt.paryopt - INFO - Saved optimizer state for iteration 5.
2021-10-04 13:40:37,266 - PARyOpt.paryopt - INFO - 1 iterations completed, total population: 5, number of iterations: 5!
2021-10-04 13:40:37,267 - PARyOpt.paryopt - INFO - Surrogate without failed points created! (5 points) 
2021-10-04 13:40:37,267 - PARyOpt.paryopt - INFO - Surrogate with failed points created! (5 points) 
2021-10-04 13:40:37,269 - PARyOpt.paryopt - INFO - Surrogate without failed points created! (5 points) 
2021-10-04 13:40:37,269 - PARyOpt.paryopt - INFO - Surrogate with failed points created! (5 points) 
2021-10-04 13:40:37,271 - PARyOpt.paryopt - INFO - Surrogate without failed points created! (5 points) 
2021-10-04 13:40:37,271 - PARyOpt.paryopt - INFO - Surrogate with failed points created! (5 points) 
2021-10-04 13:40:37,273 - PARyOpt.paryopt - INFO - Surrogate without failed points created! (5 points) 
2021-10-04 13:40:37,273 - PARyOpt.paryopt - INFO - Surrogate with failed points created! (5 points) 
2021-10-04 13:40:37,276 - PARyOpt.paryopt - INFO - Surrogate without failed points created! (5 points) 
2021-10-04 13:40:37,277 - PARyOpt.paryopt - INFO - Surrogate with failed points created! (5 points) 
2021-10-04 13:40:37,280 - PARyOpt.paryopt - INFO - Surrogate without failed points created! (5 points) 
2021-10-04 13:40:37,280 - PARyOpt.paryopt - INFO - Surrogate with failed points created! (5 points) 
2021-10-04 13:40:37,282 - PARyOpt.paryopt - INFO - Surrogate without failed points created! (5 points) 
2021-10-04 13:40:37,282 - PARyOpt.paryopt - INFO - Surrogate with failed points created! (5 points) 
2021-10-04 13:40:37,283 - PARyOpt.paryopt - INFO - Surrogate without failed points created! (5 points) 
2021-10-04 13:40:37,284 - PARyOpt.paryopt - INFO - Surrogate with failed points created! (5 points) 
2021-10-04 13:40:37,285 - PARyOpt.paryopt - INFO - Surrogate without failed points created! (5 points) 
2021-10-04 13:40:37,286 - PARyOpt.paryopt - INFO - Surrogate with failed points created! (5 points) 
2021-10-04 13:40:37,287 - PARyOpt.paryopt - INFO - Surrogate without failed points created! (5 points) 
2021-10-04 13:40:37,288 - PARyOpt.paryopt - INFO - Surrogate with failed points created! (5 points) 
2021-10-04 13:40:37,289 - PARyOpt.paryopt - INFO - Surrogate without failed points created! (5 points) 
2021-10-04 13:40:37,289 - PARyOpt.paryopt - INFO - Surrogate with failed points created! (5 points) 
2021-10-04 13:40:37,291 - PARyOpt.paryopt - INFO - Surrogate without failed points created! (5 points) 
2021-10-04 13:40:37,291 - PARyOpt.paryopt - INFO - Surrogate with failed points created! (5 points) 
2021-10-04 13:40:37,293 - PARyOpt.paryopt - INFO - Surrogate without failed points created! (5 points) 
2021-10-04 13:40:37,293 - PARyOpt.paryopt - INFO - Surrogate with failed points created! (5 points) 
2021-10-04 13:40:37,295 - PARyOpt.paryopt - INFO - Surrogate without failed points created! (5 points) 
2021-10-04 13:40:37,295 - PARyOpt.paryopt - INFO - Surrogate with failed points created! (5 points) 
2021-10-04 13:40:37,296 - PARyOpt.paryopt - INFO - Surrogate without failed points created! (5 points) 
2021-10-04 13:40:37,297 - PARyOpt.paryopt - INFO - Surrogate with failed points created! (5 points) 
2021-10-04 13:40:37,298 - PARyOpt.paryopt - INFO - Surrogate without failed points created! (5 points) 
2021-10-04 13:40:37,299 - PARyOpt.paryopt - INFO - Surrogate with failed points created! (5 points) 
2021-10-04 13:40:37,300 - PARyOpt.paryopt - INFO - Surrogate without failed points created! (5 points) 
2021-10-04 13:40:37,301 - PARyOpt.paryopt - INFO - Surrogate with failed points created! (5 points) 
2021-10-04 13:40:37,302 - PARyOpt.paryopt - INFO - Surrogate without failed points created! (5 points) 
2021-10-04 13:40:37,303 - PARyOpt.paryopt - INFO - Surrogate with failed points created! (5 points) 
2021-10-04 13:40:37,304 - PARyOpt.paryopt - INFO - Surrogate without failed points created! (5 points) 
2021-10-04 13:40:37,304 - PARyOpt.paryopt - INFO - Surrogate with failed points created! (5 points) 
2021-10-04 13:40:37,306 - PARyOpt.paryopt - INFO - Surrogate without failed points created! (5 points) 
2021-10-04 13:40:37,306 - PARyOpt.paryopt - INFO - Surrogate with failed points created! (5 points) 
2021-10-04 13:40:37,308 - PARyOpt.paryopt - INFO - Surrogate without failed points created! (5 points) 
2021-10-04 13:40:37,308 - PARyOpt.paryopt - INFO - Surrogate with failed points created! (5 points) 
2021-10-04 13:40:37,309 - PARyOpt.paryopt - INFO - Surrogate without failed points created! (5 points) 
2021-10-04 13:40:37,310 - PARyOpt.paryopt - INFO - Surrogate with failed points created! (5 points) 
2021-10-04 13:40:37,311 - PARyOpt.paryopt - INFO - Surrogate without failed points created! (5 points) 
2021-10-04 13:40:37,312 - PARyOpt.paryopt - INFO - Surrogate with failed points created! (5 points) 
2021-10-04 13:40:37,313 - PARyOpt.paryopt - INFO - Surrogate without failed points created! (5 points) 
2021-10-04 13:40:37,314 - PARyOpt.paryopt - INFO - Surrogate with failed points created! (5 points) 
2021-10-04 13:40:37,315 - PARyOpt.paryopt - INFO - Surrogate without failed points created! (5 points) 
2021-10-04 13:40:37,316 - PARyOpt.paryopt - INFO - Surrogate with failed points created! (5 points) 
2021-10-04 13:40:37,317 - PARyOpt.paryopt - INFO - Surrogate without failed points created! (5 points) 
2021-10-04 13:40:37,317 - PARyOpt.paryopt - INFO - Surrogate with failed points created! (5 points) 
2021-10-04 13:40:37,319 - PARyOpt.paryopt - INFO - Surrogate without failed points created! (5 points) 
2021-10-04 13:40:37,319 - PARyOpt.paryopt - INFO - Surrogate with failed points created! (5 points) 
2021-10-04 13:40:37,321 - PARyOpt.paryopt - INFO - Surrogate without failed points created! (5 points) 
2021-10-04 13:40:37,321 - PARyOpt.paryopt - INFO - Surrogate with failed points created! (5 points) 
2021-10-04 13:40:37,322 - PARyOpt.paryopt - INFO - Surrogate without failed points created! (5 points) 
2021-10-04 13:40:37,323 - PARyOpt.paryopt - INFO - Surrogate with failed points created! (5 points) 
2021-10-04 13:40:37,324 - PARyOpt.paryopt - INFO - Surrogate without failed points created! (5 points) 
2021-10-04 13:40:37,325 - PARyOpt.paryopt - INFO - Surrogate with failed points created! (5 points) 
2021-10-04 13:40:37,326 - PARyOpt.paryopt - INFO - Surrogate without failed points created! (5 points) 
2021-10-04 13:40:37,327 - PARyOpt.paryopt - INFO - Surrogate with failed points created! (5 points) 
2021-10-04 13:40:37,328 - PARyOpt.paryopt - INFO - Surrogate without failed points created! (5 points) 
2021-10-04 13:40:37,329 - PARyOpt.paryopt - INFO - Surrogate with failed points created! (5 points) 
2021-10-04 13:40:37,329 - PARyOpt.paryopt - INFO - Kernel function parameter optimized: theta: 3.855172413793104, theta0: 1.0
2021-10-04 13:40:37,329 - PARyOpt.paryopt - INFO - opt = 0, kappa = 1000.00
2021-10-04 13:40:37,343 - PARyOpt.paryopt - INFO - opt = 0, kappa = 1000.00
2021-10-04 13:40:37,357 - PARyOpt.paryopt - INFO - opt = 0, kappa = 1000.00
2021-10-04 13:40:37,377 - PARyOpt.paryopt - INFO - opt = 0, kappa = 1000.00
2021-10-04 13:40:37,396 - PARyOpt.paryopt - INFO - opt = 0, kappa = 1000.00
2021-10-04 13:40:37,410 - PARyOpt.paryopt - INFO - opt = 0, kappa = 1000.00
2021-10-04 13:40:37,421 - PARyOpt.paryopt - INFO - opt = 0, kappa = 1000.00
2021-10-04 13:40:37,437 - PARyOpt.paryopt - INFO - opt = 0, kappa = 1000.00
2021-10-04 13:40:37,452 - PARyOpt.paryopt - INFO - opt = 0, kappa = 1000.00
2021-10-04 13:40:37,466 - PARyOpt.paryopt - INFO - opt = 0, kappa = 1000.00
2021-10-04 13:40:37,476 - PARyOpt.paryopt - WARNING - Could not find surrogate optima 0 (all points near population)
2021-10-04 13:40:37,477 - PARyOpt.paryopt - INFO - Saved optimizer state from iter 5 to 6
2021-10-04 13:40:37,477 - PARyOpt.paryopt - INFO - Cost function evaluated! Number completed: 0, failed: 0 and pending: 0
2021-10-04 13:40:37,478 - PARyOpt.paryopt - INFO - Surrogate without failed points created! (5 points) 
2021-10-04 13:40:37,478 - PARyOpt.paryopt - INFO - Surrogate with failed points created! (5 points) 
2021-10-04 13:40:37,480 - PARyOpt.paryopt - INFO - Saved optimizer state for iteration 6.
2021-10-04 13:40:37,480 - PARyOpt.paryopt - WARNING - Failed to evaluate any new points during iteration 6.
2021-10-04 13:40:37,482 - PARyOpt.paryopt - INFO - Saved optimizer state for iteration 6.
2021-10-04 13:40:37,482 - PARyOpt.paryopt - INFO - 1 iterations completed, total population: 5, number of iterations: 6!
2021-10-04 13:40:37,485 - PARyOpt.paryopt - INFO - Surrogate without failed points created! (5 points) 
2021-10-04 13:40:37,486 - PARyOpt.paryopt - INFO - Surrogate with failed points created! (5 points) 
2021-10-04 13:40:37,488 - PARyOpt.paryopt - INFO - Surrogate without failed points created! (5 points) 
2021-10-04 13:40:37,488 - PARyOpt.paryopt - INFO - Surrogate with failed points created! (5 points) 
2021-10-04 13:40:37,490 - PARyOpt.paryopt - INFO - Surrogate without failed points created! (5 points) 
2021-10-04 13:40:37,490 - PARyOpt.paryopt - INFO - Surrogate with failed points created! (5 points) 
2021-10-04 13:40:37,492 - PARyOpt.paryopt - INFO - Surrogate without failed points created! (5 points) 
2021-10-04 13:40:37,492 - PARyOpt.paryopt - INFO - Surrogate with failed points created! (5 points) 
2021-10-04 13:40:37,493 - PARyOpt.paryopt - INFO - Surrogate without failed points created! (5 points) 
2021-10-04 13:40:37,494 - PARyOpt.paryopt - INFO - Surrogate with failed points created! (5 points) 
2021-10-04 13:40:37,495 - PARyOpt.paryopt - INFO - Surrogate without failed points created! (5 points) 
2021-10-04 13:40:37,496 - PARyOpt.paryopt - INFO - Surrogate with failed points created! (5 points) 
2021-10-04 13:40:37,497 - PARyOpt.paryopt - INFO - Surrogate without failed points created! (5 points) 
2021-10-04 13:40:37,498 - PARyOpt.paryopt - INFO - Surrogate with failed points created! (5 points) 
2021-10-04 13:40:37,499 - PARyOpt.paryopt - INFO - Surrogate without failed points created! (5 points) 
2021-10-04 13:40:37,499 - PARyOpt.paryopt - INFO - Surrogate with failed points created! (5 points) 
2021-10-04 13:40:37,501 - PARyOpt.paryopt - INFO - Surrogate without failed points created! (5 points) 
2021-10-04 13:40:37,501 - PARyOpt.paryopt - INFO - Surrogate with failed points created! (5 points) 
2021-10-04 13:40:37,503 - PARyOpt.paryopt - INFO - Surrogate without failed points created! (5 points) 
2021-10-04 13:40:37,503 - PARyOpt.paryopt - INFO - Surrogate with failed points created! (5 points) 
2021-10-04 13:40:37,505 - PARyOpt.paryopt - INFO - Surrogate without failed points created! (5 points) 
2021-10-04 13:40:37,505 - PARyOpt.paryopt - INFO - Surrogate with failed points created! (5 points) 
2021-10-04 13:40:37,506 - PARyOpt.paryopt - INFO - Surrogate without failed points created! (5 points) 
2021-10-04 13:40:37,507 - PARyOpt.paryopt - INFO - Surrogate with failed points created! (5 points) 
2021-10-04 13:40:37,512 - PARyOpt.paryopt - INFO - Surrogate without failed points created! (5 points) 
2021-10-04 13:40:37,514 - PARyOpt.paryopt - INFO - Surrogate with failed points created! (5 points) 
2021-10-04 13:40:37,516 - PARyOpt.paryopt - INFO - Surrogate without failed points created! (5 points) 
2021-10-04 13:40:37,516 - PARyOpt.paryopt - INFO - Surrogate with failed points created! (5 points) 
2021-10-04 13:40:37,517 - PARyOpt.paryopt - INFO - Surrogate without failed points created! (5 points) 
2021-10-04 13:40:37,518 - PARyOpt.paryopt - INFO - Surrogate with failed points created! (5 points) 
2021-10-04 13:40:37,519 - PARyOpt.paryopt - INFO - Surrogate without failed points created! (5 points) 
2021-10-04 13:40:37,520 - PARyOpt.paryopt - INFO - Surrogate with failed points created! (5 points) 
2021-10-04 13:40:37,521 - PARyOpt.paryopt - INFO - Surrogate without failed points created! (5 points) 
2021-10-04 13:40:37,522 - PARyOpt.paryopt - INFO - Surrogate with failed points created! (5 points) 
2021-10-04 13:40:37,523 - PARyOpt.paryopt - INFO - Surrogate without failed points created! (5 points) 
2021-10-04 13:40:37,524 - PARyOpt.paryopt - INFO - Surrogate with failed points created! (5 points) 
2021-10-04 13:40:37,525 - PARyOpt.paryopt - INFO - Surrogate without failed points created! (5 points) 
2021-10-04 13:40:37,525 - PARyOpt.paryopt - INFO - Surrogate with failed points created! (5 points) 
2021-10-04 13:40:37,527 - PARyOpt.paryopt - INFO - Surrogate without failed points created! (5 points) 
2021-10-04 13:40:37,528 - PARyOpt.paryopt - INFO - Surrogate with failed points created! (5 points) 
2021-10-04 13:40:37,529 - PARyOpt.paryopt - INFO - Surrogate without failed points created! (5 points) 
2021-10-04 13:40:37,529 - PARyOpt.paryopt - INFO - Surrogate with failed points created! (5 points) 
2021-10-04 13:40:37,531 - PARyOpt.paryopt - INFO - Surrogate without failed points created! (5 points) 
2021-10-04 13:40:37,531 - PARyOpt.paryopt - INFO - Surrogate with failed points created! (5 points) 
2021-10-04 13:40:37,533 - PARyOpt.paryopt - INFO - Surrogate without failed points created! (5 points) 
2021-10-04 13:40:37,533 - PARyOpt.paryopt - INFO - Surrogate with failed points created! (5 points) 
2021-10-04 13:40:37,534 - PARyOpt.paryopt - INFO - Surrogate without failed points created! (5 points) 
2021-10-04 13:40:37,535 - PARyOpt.paryopt - INFO - Surrogate with failed points created! (5 points) 
2021-10-04 13:40:37,536 - PARyOpt.paryopt - INFO - Surrogate without failed points created! (5 points) 
2021-10-04 13:40:37,537 - PARyOpt.paryopt - INFO - Surrogate with failed points created! (5 points) 
2021-10-04 13:40:37,538 - PARyOpt.paryopt - INFO - Surrogate without failed points created! (5 points) 
2021-10-04 13:40:37,539 - PARyOpt.paryopt - INFO - Surrogate with failed points created! (5 points) 
2021-10-04 13:40:37,540 - PARyOpt.paryopt - INFO - Surrogate without failed points created! (5 points) 
2021-10-04 13:40:37,541 - PARyOpt.paryopt - INFO - Surrogate with failed points created! (5 points) 
2021-10-04 13:40:37,542 - PARyOpt.paryopt - INFO - Surrogate without failed points created! (5 points) 
2021-10-04 13:40:37,542 - PARyOpt.paryopt - INFO - Surrogate with failed points created! (5 points) 
2021-10-04 13:40:37,544 - PARyOpt.paryopt - INFO - Surrogate without failed points created! (5 points) 
2021-10-04 13:40:37,544 - PARyOpt.paryopt - INFO - Surrogate with failed points created! (5 points) 
2021-10-04 13:40:37,546 - PARyOpt.paryopt - INFO - Surrogate without failed points created! (5 points) 
2021-10-04 13:40:37,546 - PARyOpt.paryopt - INFO - Surrogate with failed points created! (5 points) 
2021-10-04 13:40:37,547 - PARyOpt.paryopt - INFO - Surrogate without failed points created! (5 points) 
2021-10-04 13:40:37,548 - PARyOpt.paryopt - INFO - Surrogate with failed points created! (5 points) 
2021-10-04 13:40:37,549 - PARyOpt.paryopt - INFO - Surrogate without failed points created! (5 points) 
2021-10-04 13:40:37,550 - PARyOpt.paryopt - INFO - Surrogate with failed points created! (5 points) 
2021-10-04 13:40:37,550 - PARyOpt.paryopt - INFO - Kernel function parameter optimized: theta: 3.855172413793104, theta0: 1.0
2021-10-04 13:40:38,194 - PARyOpt.paryopt - INFO - opt = 0, kappa = 1000.00
2021-10-04 13:40:38,207 - PARyOpt.paryopt - INFO - opt = 0, kappa = 1000.00
2021-10-04 13:40:38,215 - PARyOpt.paryopt - INFO - opt = 0, kappa = 1000.00
2021-10-04 13:40:38,226 - PARyOpt.paryopt - INFO - opt = 0, kappa = 1000.00
2021-10-04 13:40:38,236 - PARyOpt.paryopt - INFO - opt = 0, kappa = 1000.00
2021-10-04 13:40:38,247 - PARyOpt.paryopt - INFO - opt = 0, kappa = 1000.00
2021-10-04 13:40:38,256 - PARyOpt.paryopt - INFO - opt = 0, kappa = 1000.00
2021-10-04 13:40:38,265 - PARyOpt.paryopt - INFO - opt = 0, kappa = 1000.00
2021-10-04 13:40:38,273 - PARyOpt.paryopt - INFO - opt = 0, kappa = 1000.00
2021-10-04 13:40:38,286 - PARyOpt.paryopt - INFO - opt = 0, kappa = 1000.00
2021-10-04 13:40:38,295 - PARyOpt.paryopt - WARNING - Could not find surrogate optima 0 (all points near population)
2021-10-04 13:40:38,296 - PARyOpt.paryopt - INFO - Saved optimizer state from iter 6 to 7
2021-10-04 13:40:38,296 - PARyOpt.paryopt - INFO - Cost function evaluated! Number completed: 0, failed: 0 and pending: 0
2021-10-04 13:40:38,297 - PARyOpt.paryopt - INFO - Surrogate without failed points created! (5 points) 
2021-10-04 13:40:38,297 - PARyOpt.paryopt - INFO - Surrogate with failed points created! (5 points) 
2021-10-04 13:40:38,298 - PARyOpt.paryopt - INFO - Saved optimizer state for iteration 7.
2021-10-04 13:40:38,298 - PARyOpt.paryopt - WARNING - Failed to evaluate any new points during iteration 7.
2021-10-04 13:40:38,299 - PARyOpt.paryopt - INFO - Saved optimizer state for iteration 7.
2021-10-04 13:40:38,299 - PARyOpt.paryopt - INFO - 1 iterations completed, total population: 5, number of iterations: 7!
2021-10-04 13:40:38,300 - PARyOpt.paryopt - INFO - Surrogate without failed points created! (5 points) 
2021-10-04 13:40:38,300 - PARyOpt.paryopt - INFO - Surrogate with failed points created! (5 points) 
2021-10-04 13:40:38,301 - PARyOpt.paryopt - INFO - Surrogate without failed points created! (5 points) 
2021-10-04 13:40:38,301 - PARyOpt.paryopt - INFO - Surrogate with failed points created! (5 points) 
2021-10-04 13:40:38,302 - PARyOpt.paryopt - INFO - Surrogate without failed points created! (5 points) 
2021-10-04 13:40:38,302 - PARyOpt.paryopt - INFO - Surrogate with failed points created! (5 points) 
2021-10-04 13:40:38,303 - PARyOpt.paryopt - INFO - Surrogate without failed points created! (5 points) 
2021-10-04 13:40:38,303 - PARyOpt.paryopt - INFO - Surrogate with failed points created! (5 points) 
2021-10-04 13:40:38,304 - PARyOpt.paryopt - INFO - Surrogate without failed points created! (5 points) 
2021-10-04 13:40:38,304 - PARyOpt.paryopt - INFO - Surrogate with failed points created! (5 points) 
2021-10-04 13:40:38,305 - PARyOpt.paryopt - INFO - Surrogate without failed points created! (5 points) 
2021-10-04 13:40:38,305 - PARyOpt.paryopt - INFO - Surrogate with failed points created! (5 points) 
2021-10-04 13:40:38,306 - PARyOpt.paryopt - INFO - Surrogate without failed points created! (5 points) 
2021-10-04 13:40:38,306 - PARyOpt.paryopt - INFO - Surrogate with failed points created! (5 points) 
2021-10-04 13:40:38,307 - PARyOpt.paryopt - INFO - Surrogate without failed points created! (5 points) 
2021-10-04 13:40:38,307 - PARyOpt.paryopt - INFO - Surrogate with failed points created! (5 points) 
2021-10-04 13:40:38,308 - PARyOpt.paryopt - INFO - Surrogate without failed points created! (5 points) 
2021-10-04 13:40:38,308 - PARyOpt.paryopt - INFO - Surrogate with failed points created! (5 points) 
2021-10-04 13:40:38,309 - PARyOpt.paryopt - INFO - Surrogate without failed points created! (5 points) 
2021-10-04 13:40:38,309 - PARyOpt.paryopt - INFO - Surrogate with failed points created! (5 points) 
2021-10-04 13:40:38,310 - PARyOpt.paryopt - INFO - Surrogate without failed points created! (5 points) 
2021-10-04 13:40:38,310 - PARyOpt.paryopt - INFO - Surrogate with failed points created! (5 points) 
2021-10-04 13:40:38,311 - PARyOpt.paryopt - INFO - Surrogate without failed points created! (5 points) 
2021-10-04 13:40:38,311 - PARyOpt.paryopt - INFO - Surrogate with failed points created! (5 points) 
2021-10-04 13:40:38,312 - PARyOpt.paryopt - INFO - Surrogate without failed points created! (5 points) 
2021-10-04 13:40:38,312 - PARyOpt.paryopt - INFO - Surrogate with failed points created! (5 points) 
2021-10-04 13:40:38,314 - PARyOpt.paryopt - INFO - Surrogate without failed points created! (5 points) 
2021-10-04 13:40:38,314 - PARyOpt.paryopt - INFO - Surrogate with failed points created! (5 points) 
2021-10-04 13:40:38,315 - PARyOpt.paryopt - INFO - Surrogate without failed points created! (5 points) 
2021-10-04 13:40:38,315 - PARyOpt.paryopt - INFO - Surrogate with failed points created! (5 points) 
2021-10-04 13:40:38,316 - PARyOpt.paryopt - INFO - Surrogate without failed points created! (5 points) 
2021-10-04 13:40:38,316 - PARyOpt.paryopt - INFO - Surrogate with failed points created! (5 points) 
2021-10-04 13:40:38,317 - PARyOpt.paryopt - INFO - Surrogate without failed points created! (5 points) 
2021-10-04 13:40:38,317 - PARyOpt.paryopt - INFO - Surrogate with failed points created! (5 points) 
2021-10-04 13:40:38,318 - PARyOpt.paryopt - INFO - Surrogate without failed points created! (5 points) 
2021-10-04 13:40:38,318 - PARyOpt.paryopt - INFO - Surrogate with failed points created! (5 points) 
2021-10-04 13:40:38,319 - PARyOpt.paryopt - INFO - Surrogate without failed points created! (5 points) 
2021-10-04 13:40:38,319 - PARyOpt.paryopt - INFO - Surrogate with failed points created! (5 points) 
2021-10-04 13:40:38,320 - PARyOpt.paryopt - INFO - Surrogate without failed points created! (5 points) 
2021-10-04 13:40:38,320 - PARyOpt.paryopt - INFO - Surrogate with failed points created! (5 points) 
2021-10-04 13:40:38,321 - PARyOpt.paryopt - INFO - Surrogate without failed points created! (5 points) 
2021-10-04 13:40:38,321 - PARyOpt.paryopt - INFO - Surrogate with failed points created! (5 points) 
2021-10-04 13:40:38,322 - PARyOpt.paryopt - INFO - Surrogate without failed points created! (5 points) 
2021-10-04 13:40:38,322 - PARyOpt.paryopt - INFO - Surrogate with failed points created! (5 points) 
2021-10-04 13:40:38,322 - PARyOpt.paryopt - INFO - Surrogate without failed points created! (5 points) 
2021-10-04 13:40:38,323 - PARyOpt.paryopt - INFO - Surrogate with failed points created! (5 points) 
2021-10-04 13:40:38,324 - PARyOpt.paryopt - INFO - Surrogate without failed points created! (5 points) 
2021-10-04 13:40:38,324 - PARyOpt.paryopt - INFO - Surrogate with failed points created! (5 points) 
2021-10-04 13:40:38,324 - PARyOpt.paryopt - INFO - Surrogate without failed points created! (5 points) 
2021-10-04 13:40:38,325 - PARyOpt.paryopt - INFO - Surrogate with failed points created! (5 points) 
2021-10-04 13:40:38,326 - PARyOpt.paryopt - INFO - Surrogate without failed points created! (5 points) 
2021-10-04 13:40:38,327 - PARyOpt.paryopt - INFO - Surrogate with failed points created! (5 points) 
2021-10-04 13:40:38,329 - PARyOpt.paryopt - INFO - Surrogate without failed points created! (5 points) 
2021-10-04 13:40:38,330 - PARyOpt.paryopt - INFO - Surrogate with failed points created! (5 points) 
2021-10-04 13:40:38,332 - PARyOpt.paryopt - INFO - Surrogate without failed points created! (5 points) 
2021-10-04 13:40:38,333 - PARyOpt.paryopt - INFO - Surrogate with failed points created! (5 points) 
2021-10-04 13:40:38,334 - PARyOpt.paryopt - INFO - Surrogate without failed points created! (5 points) 
2021-10-04 13:40:38,335 - PARyOpt.paryopt - INFO - Surrogate with failed points created! (5 points) 
2021-10-04 13:40:38,336 - PARyOpt.paryopt - INFO - Surrogate without failed points created! (5 points) 
2021-10-04 13:40:38,337 - PARyOpt.paryopt - INFO - Surrogate with failed points created! (5 points) 
2021-10-04 13:40:38,337 - PARyOpt.paryopt - INFO - Surrogate without failed points created! (5 points) 
2021-10-04 13:40:38,338 - PARyOpt.paryopt - INFO - Surrogate with failed points created! (5 points) 
2021-10-04 13:40:38,338 - PARyOpt.paryopt - INFO - Surrogate without failed points created! (5 points) 
2021-10-04 13:40:38,339 - PARyOpt.paryopt - INFO - Surrogate with failed points created! (5 points) 
2021-10-04 13:40:38,339 - PARyOpt.paryopt - INFO - Kernel function parameter optimized: theta: 3.855172413793104, theta0: 1.0
2021-10-04 13:40:38,339 - PARyOpt.paryopt - INFO - opt = 0, kappa = 1000.00
2021-10-04 13:40:38,347 - PARyOpt.paryopt - INFO - opt = 0, kappa = 1000.00
2021-10-04 13:40:38,354 - PARyOpt.paryopt - INFO - opt = 0, kappa = 1000.00
2021-10-04 13:40:38,363 - PARyOpt.paryopt - INFO - opt = 0, kappa = 1000.00
2021-10-04 13:40:38,374 - PARyOpt.paryopt - INFO - opt = 0, kappa = 1000.00
2021-10-04 13:40:38,383 - PARyOpt.paryopt - INFO - opt = 0, kappa = 1000.00
2021-10-04 13:40:38,393 - PARyOpt.paryopt - INFO - opt = 0, kappa = 1000.00
2021-10-04 13:40:38,402 - PARyOpt.paryopt - INFO - opt = 0, kappa = 1000.00
2021-10-04 13:40:38,410 - PARyOpt.paryopt - INFO - opt = 0, kappa = 1000.00
2021-10-04 13:40:38,425 - PARyOpt.paryopt - INFO - opt = 0, kappa = 1000.00
2021-10-04 13:40:38,434 - PARyOpt.paryopt - WARNING - Could not find surrogate optima 0 (all points near population)
2021-10-04 13:40:38,435 - PARyOpt.paryopt - INFO - Saved optimizer state from iter 7 to 8
2021-10-04 13:40:38,435 - PARyOpt.paryopt - INFO - Cost function evaluated! Number completed: 0, failed: 0 and pending: 0
2021-10-04 13:40:38,436 - PARyOpt.paryopt - INFO - Surrogate without failed points created! (5 points) 
2021-10-04 13:40:38,436 - PARyOpt.paryopt - INFO - Surrogate with failed points created! (5 points) 
2021-10-04 13:40:38,437 - PARyOpt.paryopt - INFO - Saved optimizer state for iteration 8.
2021-10-04 13:40:38,437 - PARyOpt.paryopt - WARNING - Failed to evaluate any new points during iteration 8.
2021-10-04 13:40:38,438 - PARyOpt.paryopt - INFO - Saved optimizer state for iteration 8.
2021-10-04 13:40:38,438 - PARyOpt.paryopt - INFO - 1 iterations completed, total population: 5, number of iterations: 8!
2021-10-04 13:40:38,439 - PARyOpt.paryopt - INFO - Surrogate without failed points created! (5 points) 
2021-10-04 13:40:38,439 - PARyOpt.paryopt - INFO - Surrogate with failed points created! (5 points) 
2021-10-04 13:40:38,440 - PARyOpt.paryopt - INFO - Surrogate without failed points created! (5 points) 
2021-10-04 13:40:38,440 - PARyOpt.paryopt - INFO - Surrogate with failed points created! (5 points) 
2021-10-04 13:40:38,441 - PARyOpt.paryopt - INFO - Surrogate without failed points created! (5 points) 
2021-10-04 13:40:38,441 - PARyOpt.paryopt - INFO - Surrogate with failed points created! (5 points) 
2021-10-04 13:40:38,442 - PARyOpt.paryopt - INFO - Surrogate without failed points created! (5 points) 
2021-10-04 13:40:38,442 - PARyOpt.paryopt - INFO - Surrogate with failed points created! (5 points) 
2021-10-04 13:40:38,443 - PARyOpt.paryopt - INFO - Surrogate without failed points created! (5 points) 
2021-10-04 13:40:38,443 - PARyOpt.paryopt - INFO - Surrogate with failed points created! (5 points) 
2021-10-04 13:40:38,444 - PARyOpt.paryopt - INFO - Surrogate without failed points created! (5 points) 
2021-10-04 13:40:38,444 - PARyOpt.paryopt - INFO - Surrogate with failed points created! (5 points) 
2021-10-04 13:40:38,445 - PARyOpt.paryopt - INFO - Surrogate without failed points created! (5 points) 
2021-10-04 13:40:38,445 - PARyOpt.paryopt - INFO - Surrogate with failed points created! (5 points) 
2021-10-04 13:40:38,446 - PARyOpt.paryopt - INFO - Surrogate without failed points created! (5 points) 
2021-10-04 13:40:38,446 - PARyOpt.paryopt - INFO - Surrogate with failed points created! (5 points) 
2021-10-04 13:40:38,447 - PARyOpt.paryopt - INFO - Surrogate without failed points created! (5 points) 
2021-10-04 13:40:38,447 - PARyOpt.paryopt - INFO - Surrogate with failed points created! (5 points) 
2021-10-04 13:40:38,448 - PARyOpt.paryopt - INFO - Surrogate without failed points created! (5 points) 
2021-10-04 13:40:38,448 - PARyOpt.paryopt - INFO - Surrogate with failed points created! (5 points) 
2021-10-04 13:40:38,449 - PARyOpt.paryopt - INFO - Surrogate without failed points created! (5 points) 
2021-10-04 13:40:38,449 - PARyOpt.paryopt - INFO - Surrogate with failed points created! (5 points) 
2021-10-04 13:40:38,450 - PARyOpt.paryopt - INFO - Surrogate without failed points created! (5 points) 
2021-10-04 13:40:38,450 - PARyOpt.paryopt - INFO - Surrogate with failed points created! (5 points) 
2021-10-04 13:40:38,451 - PARyOpt.paryopt - INFO - Surrogate without failed points created! (5 points) 
2021-10-04 13:40:38,451 - PARyOpt.paryopt - INFO - Surrogate with failed points created! (5 points) 
2021-10-04 13:40:38,452 - PARyOpt.paryopt - INFO - Surrogate without failed points created! (5 points) 
2021-10-04 13:40:38,452 - PARyOpt.paryopt - INFO - Surrogate with failed points created! (5 points) 
2021-10-04 13:40:38,453 - PARyOpt.paryopt - INFO - Surrogate without failed points created! (5 points) 
2021-10-04 13:40:38,453 - PARyOpt.paryopt - INFO - Surrogate with failed points created! (5 points) 
2021-10-04 13:40:38,454 - PARyOpt.paryopt - INFO - Surrogate without failed points created! (5 points) 
2021-10-04 13:40:38,454 - PARyOpt.paryopt - INFO - Surrogate with failed points created! (5 points) 
2021-10-04 13:40:38,455 - PARyOpt.paryopt - INFO - Surrogate without failed points created! (5 points) 
2021-10-04 13:40:38,456 - PARyOpt.paryopt - INFO - Surrogate with failed points created! (5 points) 
2021-10-04 13:40:38,457 - PARyOpt.paryopt - INFO - Surrogate without failed points created! (5 points) 
2021-10-04 13:40:38,457 - PARyOpt.paryopt - INFO - Surrogate with failed points created! (5 points) 
2021-10-04 13:40:38,459 - PARyOpt.paryopt - INFO - Surrogate without failed points created! (5 points) 
2021-10-04 13:40:38,459 - PARyOpt.paryopt - INFO - Surrogate with failed points created! (5 points) 
2021-10-04 13:40:38,460 - PARyOpt.paryopt - INFO - Surrogate without failed points created! (5 points) 
2021-10-04 13:40:38,461 - PARyOpt.paryopt - INFO - Surrogate with failed points created! (5 points) 
2021-10-04 13:40:38,462 - PARyOpt.paryopt - INFO - Surrogate without failed points created! (5 points) 
2021-10-04 13:40:38,462 - PARyOpt.paryopt - INFO - Surrogate with failed points created! (5 points) 
2021-10-04 13:40:38,464 - PARyOpt.paryopt - INFO - Surrogate without failed points created! (5 points) 
2021-10-04 13:40:38,464 - PARyOpt.paryopt - INFO - Surrogate with failed points created! (5 points) 
2021-10-04 13:40:38,466 - PARyOpt.paryopt - INFO - Surrogate without failed points created! (5 points) 
2021-10-04 13:40:38,466 - PARyOpt.paryopt - INFO - Surrogate with failed points created! (5 points) 
2021-10-04 13:40:38,468 - PARyOpt.paryopt - INFO - Surrogate without failed points created! (5 points) 
2021-10-04 13:40:38,468 - PARyOpt.paryopt - INFO - Surrogate with failed points created! (5 points) 
2021-10-04 13:40:38,469 - PARyOpt.paryopt - INFO - Surrogate without failed points created! (5 points) 
2021-10-04 13:40:38,470 - PARyOpt.paryopt - INFO - Surrogate with failed points created! (5 points) 
2021-10-04 13:40:38,471 - PARyOpt.paryopt - INFO - Surrogate without failed points created! (5 points) 
2021-10-04 13:40:38,472 - PARyOpt.paryopt - INFO - Surrogate with failed points created! (5 points) 
2021-10-04 13:40:38,473 - PARyOpt.paryopt - INFO - Surrogate without failed points created! (5 points) 
2021-10-04 13:40:38,473 - PARyOpt.paryopt - INFO - Surrogate with failed points created! (5 points) 
2021-10-04 13:40:38,476 - PARyOpt.paryopt - INFO - Surrogate without failed points created! (5 points) 
2021-10-04 13:40:38,478 - PARyOpt.paryopt - INFO - Surrogate with failed points created! (5 points) 
2021-10-04 13:40:38,480 - PARyOpt.paryopt - INFO - Surrogate without failed points created! (5 points) 
2021-10-04 13:40:38,481 - PARyOpt.paryopt - INFO - Surrogate with failed points created! (5 points) 
2021-10-04 13:40:38,482 - PARyOpt.paryopt - INFO - Surrogate without failed points created! (5 points) 
2021-10-04 13:40:38,483 - PARyOpt.paryopt - INFO - Surrogate with failed points created! (5 points) 
2021-10-04 13:40:38,484 - PARyOpt.paryopt - INFO - Surrogate without failed points created! (5 points) 
2021-10-04 13:40:38,485 - PARyOpt.paryopt - INFO - Surrogate with failed points created! (5 points) 
2021-10-04 13:40:38,486 - PARyOpt.paryopt - INFO - Surrogate without failed points created! (5 points) 
2021-10-04 13:40:38,489 - PARyOpt.paryopt - INFO - Surrogate with failed points created! (5 points) 
2021-10-04 13:40:38,489 - PARyOpt.paryopt - INFO - Kernel function parameter optimized: theta: 3.855172413793104, theta0: 1.0
2021-10-04 13:40:39,034 - PARyOpt.paryopt - INFO - opt = 0, kappa = 1000.00
2021-10-04 13:40:39,044 - PARyOpt.paryopt - INFO - opt = 0, kappa = 1000.00
2021-10-04 13:40:39,050 - PARyOpt.paryopt - INFO - opt = 0, kappa = 1000.00
2021-10-04 13:40:39,059 - PARyOpt.paryopt - INFO - opt = 0, kappa = 1000.00
2021-10-04 13:40:39,070 - PARyOpt.paryopt - INFO - opt = 0, kappa = 1000.00
2021-10-04 13:40:39,077 - PARyOpt.paryopt - INFO - opt = 0, kappa = 1000.00
2021-10-04 13:40:39,086 - PARyOpt.paryopt - INFO - opt = 0, kappa = 1000.00
2021-10-04 13:40:39,095 - PARyOpt.paryopt - INFO - opt = 0, kappa = 1000.00
2021-10-04 13:40:39,103 - PARyOpt.paryopt - INFO - opt = 0, kappa = 1000.00
2021-10-04 13:40:39,118 - PARyOpt.paryopt - INFO - opt = 0, kappa = 1000.00
2021-10-04 13:40:39,127 - PARyOpt.paryopt - WARNING - Could not find surrogate optima 0 (all points near population)
2021-10-04 13:40:39,128 - PARyOpt.paryopt - INFO - Saved optimizer state from iter 8 to 9
2021-10-04 13:40:39,128 - PARyOpt.paryopt - INFO - Cost function evaluated! Number completed: 0, failed: 0 and pending: 0
2021-10-04 13:40:39,128 - PARyOpt.paryopt - INFO - Surrogate without failed points created! (5 points) 
2021-10-04 13:40:39,129 - PARyOpt.paryopt - INFO - Surrogate with failed points created! (5 points) 
2021-10-04 13:40:39,130 - PARyOpt.paryopt - INFO - Saved optimizer state for iteration 9.
2021-10-04 13:40:39,130 - PARyOpt.paryopt - WARNING - Failed to evaluate any new points during iteration 9.
2021-10-04 13:40:39,131 - PARyOpt.paryopt - INFO - Saved optimizer state for iteration 9.
2021-10-04 13:40:39,131 - PARyOpt.paryopt - INFO - 1 iterations completed, total population: 5, number of iterations: 9!
2021-10-04 13:40:39,131 - PARyOpt.paryopt - INFO - Surrogate without failed points created! (5 points) 
2021-10-04 13:40:39,132 - PARyOpt.paryopt - INFO - Surrogate with failed points created! (5 points) 
2021-10-04 13:40:39,132 - PARyOpt.paryopt - INFO - Surrogate without failed points created! (5 points) 
2021-10-04 13:40:39,133 - PARyOpt.paryopt - INFO - Surrogate with failed points created! (5 points) 
2021-10-04 13:40:39,133 - PARyOpt.paryopt - INFO - Surrogate without failed points created! (5 points) 
2021-10-04 13:40:39,134 - PARyOpt.paryopt - INFO - Surrogate with failed points created! (5 points) 
2021-10-04 13:40:39,134 - PARyOpt.paryopt - INFO - Surrogate without failed points created! (5 points) 
2021-10-04 13:40:39,136 - PARyOpt.paryopt - INFO - Surrogate with failed points created! (5 points) 
2021-10-04 13:40:39,136 - PARyOpt.paryopt - INFO - Surrogate without failed points created! (5 points) 
2021-10-04 13:40:39,137 - PARyOpt.paryopt - INFO - Surrogate with failed points created! (5 points) 
2021-10-04 13:40:39,137 - PARyOpt.paryopt - INFO - Surrogate without failed points created! (5 points) 
2021-10-04 13:40:39,138 - PARyOpt.paryopt - INFO - Surrogate with failed points created! (5 points) 
2021-10-04 13:40:39,138 - PARyOpt.paryopt - INFO - Surrogate without failed points created! (5 points) 
2021-10-04 13:40:39,139 - PARyOpt.paryopt - INFO - Surrogate with failed points created! (5 points) 
2021-10-04 13:40:39,139 - PARyOpt.paryopt - INFO - Surrogate without failed points created! (5 points) 
2021-10-04 13:40:39,140 - PARyOpt.paryopt - INFO - Surrogate with failed points created! (5 points) 
2021-10-04 13:40:39,140 - PARyOpt.paryopt - INFO - Surrogate without failed points created! (5 points) 
2021-10-04 13:40:39,141 - PARyOpt.paryopt - INFO - Surrogate with failed points created! (5 points) 
2021-10-04 13:40:39,141 - PARyOpt.paryopt - INFO - Surrogate without failed points created! (5 points) 
2021-10-04 13:40:39,141 - PARyOpt.paryopt - INFO - Surrogate with failed points created! (5 points) 
2021-10-04 13:40:39,142 - PARyOpt.paryopt - INFO - Surrogate without failed points created! (5 points) 
2021-10-04 13:40:39,142 - PARyOpt.paryopt - INFO - Surrogate with failed points created! (5 points) 
2021-10-04 13:40:39,143 - PARyOpt.paryopt - INFO - Surrogate without failed points created! (5 points) 
2021-10-04 13:40:39,143 - PARyOpt.paryopt - INFO - Surrogate with failed points created! (5 points) 
2021-10-04 13:40:39,144 - PARyOpt.paryopt - INFO - Surrogate without failed points created! (5 points) 
2021-10-04 13:40:39,144 - PARyOpt.paryopt - INFO - Surrogate with failed points created! (5 points) 
2021-10-04 13:40:39,145 - PARyOpt.paryopt - INFO - Surrogate without failed points created! (5 points) 
2021-10-04 13:40:39,145 - PARyOpt.paryopt - INFO - Surrogate with failed points created! (5 points) 
2021-10-04 13:40:39,146 - PARyOpt.paryopt - INFO - Surrogate without failed points created! (5 points) 
2021-10-04 13:40:39,146 - PARyOpt.paryopt - INFO - Surrogate with failed points created! (5 points) 
2021-10-04 13:40:39,147 - PARyOpt.paryopt - INFO - Surrogate without failed points created! (5 points) 
2021-10-04 13:40:39,147 - PARyOpt.paryopt - INFO - Surrogate with failed points created! (5 points) 
2021-10-04 13:40:39,148 - PARyOpt.paryopt - INFO - Surrogate without failed points created! (5 points) 
2021-10-04 13:40:39,148 - PARyOpt.paryopt - INFO - Surrogate with failed points created! (5 points) 
2021-10-04 13:40:39,149 - PARyOpt.paryopt - INFO - Surrogate without failed points created! (5 points) 
2021-10-04 13:40:39,149 - PARyOpt.paryopt - INFO - Surrogate with failed points created! (5 points) 
2021-10-04 13:40:39,150 - PARyOpt.paryopt - INFO - Surrogate without failed points created! (5 points) 
2021-10-04 13:40:39,150 - PARyOpt.paryopt - INFO - Surrogate with failed points created! (5 points) 
2021-10-04 13:40:39,151 - PARyOpt.paryopt - INFO - Surrogate without failed points created! (5 points) 
2021-10-04 13:40:39,151 - PARyOpt.paryopt - INFO - Surrogate with failed points created! (5 points) 
2021-10-04 13:40:39,152 - PARyOpt.paryopt - INFO - Surrogate without failed points created! (5 points) 
2021-10-04 13:40:39,152 - PARyOpt.paryopt - INFO - Surrogate with failed points created! (5 points) 
2021-10-04 13:40:39,153 - PARyOpt.paryopt - INFO - Surrogate without failed points created! (5 points) 
2021-10-04 13:40:39,153 - PARyOpt.paryopt - INFO - Surrogate with failed points created! (5 points) 
2021-10-04 13:40:39,154 - PARyOpt.paryopt - INFO - Surrogate without failed points created! (5 points) 
2021-10-04 13:40:39,154 - PARyOpt.paryopt - INFO - Surrogate with failed points created! (5 points) 
2021-10-04 13:40:39,155 - PARyOpt.paryopt - INFO - Surrogate without failed points created! (5 points) 
2021-10-04 13:40:39,155 - PARyOpt.paryopt - INFO - Surrogate with failed points created! (5 points) 
2021-10-04 13:40:39,156 - PARyOpt.paryopt - INFO - Surrogate without failed points created! (5 points) 
2021-10-04 13:40:39,156 - PARyOpt.paryopt - INFO - Surrogate with failed points created! (5 points) 
2021-10-04 13:40:39,157 - PARyOpt.paryopt - INFO - Surrogate without failed points created! (5 points) 
2021-10-04 13:40:39,157 - PARyOpt.paryopt - INFO - Surrogate with failed points created! (5 points) 
2021-10-04 13:40:39,158 - PARyOpt.paryopt - INFO - Surrogate without failed points created! (5 points) 
2021-10-04 13:40:39,158 - PARyOpt.paryopt - INFO - Surrogate with failed points created! (5 points) 
2021-10-04 13:40:39,159 - PARyOpt.paryopt - INFO - Surrogate without failed points created! (5 points) 
2021-10-04 13:40:39,159 - PARyOpt.paryopt - INFO - Surrogate with failed points created! (5 points) 
2021-10-04 13:40:39,160 - PARyOpt.paryopt - INFO - Surrogate without failed points created! (5 points) 
2021-10-04 13:40:39,161 - PARyOpt.paryopt - INFO - Surrogate with failed points created! (5 points) 
2021-10-04 13:40:39,161 - PARyOpt.paryopt - INFO - Surrogate without failed points created! (5 points) 
2021-10-04 13:40:39,162 - PARyOpt.paryopt - INFO - Surrogate with failed points created! (5 points) 
2021-10-04 13:40:39,162 - PARyOpt.paryopt - INFO - Surrogate without failed points created! (5 points) 
2021-10-04 13:40:39,163 - PARyOpt.paryopt - INFO - Surrogate with failed points created! (5 points) 
2021-10-04 13:40:39,163 - PARyOpt.paryopt - INFO - Surrogate without failed points created! (5 points) 
2021-10-04 13:40:39,164 - PARyOpt.paryopt - INFO - Surrogate with failed points created! (5 points) 
2021-10-04 13:40:39,164 - PARyOpt.paryopt - INFO - Kernel function parameter optimized: theta: 3.855172413793104, theta0: 1.0
2021-10-04 13:40:39,164 - PARyOpt.paryopt - INFO - opt = 0, kappa = 1000.00
2021-10-04 13:40:39,171 - PARyOpt.paryopt - INFO - opt = 0, kappa = 1000.00
2021-10-04 13:40:39,177 - PARyOpt.paryopt - INFO - opt = 0, kappa = 1000.00
2021-10-04 13:40:39,187 - PARyOpt.paryopt - INFO - opt = 0, kappa = 1000.00
2021-10-04 13:40:39,196 - PARyOpt.paryopt - INFO - opt = 0, kappa = 1000.00
2021-10-04 13:40:39,203 - PARyOpt.paryopt - INFO - opt = 0, kappa = 1000.00
2021-10-04 13:40:39,212 - PARyOpt.paryopt - INFO - opt = 0, kappa = 1000.00
2021-10-04 13:40:39,221 - PARyOpt.paryopt - INFO - opt = 0, kappa = 1000.00
2021-10-04 13:40:39,230 - PARyOpt.paryopt - INFO - opt = 0, kappa = 1000.00
2021-10-04 13:40:39,240 - PARyOpt.paryopt - INFO - opt = 0, kappa = 1000.00
2021-10-04 13:40:39,249 - PARyOpt.paryopt - WARNING - Could not find surrogate optima 0 (all points near population)
2021-10-04 13:40:39,250 - PARyOpt.paryopt - INFO - Saved optimizer state from iter 9 to 10
2021-10-04 13:40:39,250 - PARyOpt.paryopt - INFO - Cost function evaluated! Number completed: 0, failed: 0 and pending: 0
2021-10-04 13:40:39,250 - PARyOpt.paryopt - INFO - Surrogate without failed points created! (5 points) 
2021-10-04 13:40:39,251 - PARyOpt.paryopt - INFO - Surrogate with failed points created! (5 points) 
2021-10-04 13:40:39,251 - PARyOpt.paryopt - INFO - Saved optimizer state for iteration 10.
2021-10-04 13:40:39,251 - PARyOpt.paryopt - WARNING - Failed to evaluate any new points during iteration 10.
2021-10-04 13:40:39,252 - PARyOpt.paryopt - INFO - Saved optimizer state for iteration 10.
2021-10-04 13:40:39,252 - PARyOpt.paryopt - INFO - 1 iterations completed, total population: 5, number of iterations: 10!
2021-10-04 13:40:39,253 - PARyOpt.paryopt - INFO - Surrogate without failed points created! (5 points) 
2021-10-04 13:40:39,253 - PARyOpt.paryopt - INFO - Surrogate with failed points created! (5 points) 
2021-10-04 13:40:39,254 - PARyOpt.paryopt - INFO - Surrogate without failed points created! (5 points) 
2021-10-04 13:40:39,254 - PARyOpt.paryopt - INFO - Surrogate with failed points created! (5 points) 
2021-10-04 13:40:39,256 - PARyOpt.paryopt - INFO - Surrogate without failed points created! (5 points) 
2021-10-04 13:40:39,256 - PARyOpt.paryopt - INFO - Surrogate with failed points created! (5 points) 
2021-10-04 13:40:39,258 - PARyOpt.paryopt - INFO - Surrogate without failed points created! (5 points) 
2021-10-04 13:40:39,260 - PARyOpt.paryopt - INFO - Surrogate with failed points created! (5 points) 
2021-10-04 13:40:39,261 - PARyOpt.paryopt - INFO - Surrogate without failed points created! (5 points) 
2021-10-04 13:40:39,262 - PARyOpt.paryopt - INFO - Surrogate with failed points created! (5 points) 
2021-10-04 13:40:39,262 - PARyOpt.paryopt - INFO - Surrogate without failed points created! (5 points) 
2021-10-04 13:40:39,263 - PARyOpt.paryopt - INFO - Surrogate with failed points created! (5 points) 
2021-10-04 13:40:39,263 - PARyOpt.paryopt - INFO - Surrogate without failed points created! (5 points) 
2021-10-04 13:40:39,264 - PARyOpt.paryopt - INFO - Surrogate with failed points created! (5 points) 
2021-10-04 13:40:39,264 - PARyOpt.paryopt - INFO - Surrogate without failed points created! (5 points) 
2021-10-04 13:40:39,265 - PARyOpt.paryopt - INFO - Surrogate with failed points created! (5 points) 
2021-10-04 13:40:39,265 - PARyOpt.paryopt - INFO - Surrogate without failed points created! (5 points) 
2021-10-04 13:40:39,266 - PARyOpt.paryopt - INFO - Surrogate with failed points created! (5 points) 
2021-10-04 13:40:39,266 - PARyOpt.paryopt - INFO - Surrogate without failed points created! (5 points) 
2021-10-04 13:40:39,266 - PARyOpt.paryopt - INFO - Surrogate with failed points created! (5 points) 
2021-10-04 13:40:39,267 - PARyOpt.paryopt - INFO - Surrogate without failed points created! (5 points) 
2021-10-04 13:40:39,267 - PARyOpt.paryopt - INFO - Surrogate with failed points created! (5 points) 
2021-10-04 13:40:39,268 - PARyOpt.paryopt - INFO - Surrogate without failed points created! (5 points) 
2021-10-04 13:40:39,268 - PARyOpt.paryopt - INFO - Surrogate with failed points created! (5 points) 
2021-10-04 13:40:39,269 - PARyOpt.paryopt - INFO - Surrogate without failed points created! (5 points) 
2021-10-04 13:40:39,269 - PARyOpt.paryopt - INFO - Surrogate with failed points created! (5 points) 
2021-10-04 13:40:39,270 - PARyOpt.paryopt - INFO - Surrogate without failed points created! (5 points) 
2021-10-04 13:40:39,270 - PARyOpt.paryopt - INFO - Surrogate with failed points created! (5 points) 
2021-10-04 13:40:39,271 - PARyOpt.paryopt - INFO - Surrogate without failed points created! (5 points) 
2021-10-04 13:40:39,271 - PARyOpt.paryopt - INFO - Surrogate with failed points created! (5 points) 
2021-10-04 13:40:39,272 - PARyOpt.paryopt - INFO - Surrogate without failed points created! (5 points) 
2021-10-04 13:40:39,272 - PARyOpt.paryopt - INFO - Surrogate with failed points created! (5 points) 
2021-10-04 13:40:39,273 - PARyOpt.paryopt - INFO - Surrogate without failed points created! (5 points) 
2021-10-04 13:40:39,273 - PARyOpt.paryopt - INFO - Surrogate with failed points created! (5 points) 
2021-10-04 13:40:39,274 - PARyOpt.paryopt - INFO - Surrogate without failed points created! (5 points) 
2021-10-04 13:40:39,274 - PARyOpt.paryopt - INFO - Surrogate with failed points created! (5 points) 
2021-10-04 13:40:39,275 - PARyOpt.paryopt - INFO - Surrogate without failed points created! (5 points) 
2021-10-04 13:40:39,275 - PARyOpt.paryopt - INFO - Surrogate with failed points created! (5 points) 
2021-10-04 13:40:39,276 - PARyOpt.paryopt - INFO - Surrogate without failed points created! (5 points) 
2021-10-04 13:40:39,276 - PARyOpt.paryopt - INFO - Surrogate with failed points created! (5 points) 
2021-10-04 13:40:39,277 - PARyOpt.paryopt - INFO - Surrogate without failed points created! (5 points) 
2021-10-04 13:40:39,277 - PARyOpt.paryopt - INFO - Surrogate with failed points created! (5 points) 
2021-10-04 13:40:39,278 - PARyOpt.paryopt - INFO - Surrogate without failed points created! (5 points) 
2021-10-04 13:40:39,278 - PARyOpt.paryopt - INFO - Surrogate with failed points created! (5 points) 
2021-10-04 13:40:39,278 - PARyOpt.paryopt - INFO - Surrogate without failed points created! (5 points) 
2021-10-04 13:40:39,279 - PARyOpt.paryopt - INFO - Surrogate with failed points created! (5 points) 
2021-10-04 13:40:39,279 - PARyOpt.paryopt - INFO - Surrogate without failed points created! (5 points) 
2021-10-04 13:40:39,280 - PARyOpt.paryopt - INFO - Surrogate with failed points created! (5 points) 
2021-10-04 13:40:39,280 - PARyOpt.paryopt - INFO - Surrogate without failed points created! (5 points) 
2021-10-04 13:40:39,281 - PARyOpt.paryopt - INFO - Surrogate with failed points created! (5 points) 
2021-10-04 13:40:39,281 - PARyOpt.paryopt - INFO - Surrogate without failed points created! (5 points) 
2021-10-04 13:40:39,282 - PARyOpt.paryopt - INFO - Surrogate with failed points created! (5 points) 
2021-10-04 13:40:39,282 - PARyOpt.paryopt - INFO - Surrogate without failed points created! (5 points) 
2021-10-04 13:40:39,283 - PARyOpt.paryopt - INFO - Surrogate with failed points created! (5 points) 
2021-10-04 13:40:39,283 - PARyOpt.paryopt - INFO - Surrogate without failed points created! (5 points) 
2021-10-04 13:40:39,283 - PARyOpt.paryopt - INFO - Surrogate with failed points created! (5 points) 
2021-10-04 13:40:39,284 - PARyOpt.paryopt - INFO - Surrogate without failed points created! (5 points) 
2021-10-04 13:40:39,284 - PARyOpt.paryopt - INFO - Surrogate with failed points created! (5 points) 
2021-10-04 13:40:39,285 - PARyOpt.paryopt - INFO - Surrogate without failed points created! (5 points) 
2021-10-04 13:40:39,285 - PARyOpt.paryopt - INFO - Surrogate with failed points created! (5 points) 
2021-10-04 13:40:39,287 - PARyOpt.paryopt - INFO - Surrogate without failed points created! (5 points) 
2021-10-04 13:40:39,287 - PARyOpt.paryopt - INFO - Surrogate with failed points created! (5 points) 
2021-10-04 13:40:39,288 - PARyOpt.paryopt - INFO - Surrogate without failed points created! (5 points) 
2021-10-04 13:40:39,288 - PARyOpt.paryopt - INFO - Surrogate with failed points created! (5 points) 
2021-10-04 13:40:39,288 - PARyOpt.paryopt - INFO - Kernel function parameter optimized: theta: 3.855172413793104, theta0: 1.0
2021-10-04 13:40:39,795 - root - INFO - Optimization done for 10 iterations, best evaluation is at [6.] with cost: 15.5625
2021-10-04 13:40:39,803 - root - INFO - Data exported to ../temp/example_0_data.csv
