2021-08-06 13:15:06,617 - root - INFO - Example run for Bayesian optimization
2021-08-06 13:15:06,641 - PARyOpt.paryopt - INFO - dimensionality: 1
2021-08-06 13:15:06,641 - PARyOpt.paryopt - INFO - Bounds: l_bound: [-12.], u_bound: [12.]
2021-08-06 13:15:06,642 - PARyOpt.paryopt - INFO - kernel function: sqr_exp
2021-08-06 13:15:06,642 - PARyOpt.paryopt - INFO - acquisition function: LCB
2021-08-06 13:15:06,642 - PARyOpt.paryopt - INFO - kernel function : theta: 1.0, theta0: 1.0
2021-08-06 13:15:06,642 - PARyOpt.paryopt - INFO - Init finished
2021-08-06 13:15:06,644 - PARyOpt.paryopt - INFO - Surrogate without failed points created! (2 points) 
2021-08-06 13:15:06,644 - PARyOpt.paryopt - INFO - Surrogate with failed points created! (2 points) 
2021-08-06 13:15:06,644 - root - INFO - BO initialized
2021-08-06 13:15:07,143 - PARyOpt.paryopt - INFO - opt = 0, kappa = 1000.00
2021-08-06 13:15:07,148 - PARyOpt.paryopt - INFO - Next location: [0.00491176], (acq value: [-1010.48430559])
2021-08-06 13:15:07,150 - PARyOpt.paryopt - INFO - Saved optimizer state from iter 0 to 1
2021-08-06 13:15:07,151 - PARyOpt.paryopt - INFO - Cost function evaluated! Number completed: 1, failed: 0 and pending: 0
2021-08-06 13:15:07,152 - PARyOpt.paryopt - INFO - Surrogate without failed points created! (3 points) 
2021-08-06 13:15:07,153 - PARyOpt.paryopt - INFO - Surrogate with failed points created! (3 points) 
2021-08-06 13:15:07,155 - PARyOpt.paryopt - INFO - Saved optimizer state for iteration 1.
2021-08-06 13:15:07,158 - PARyOpt.paryopt - INFO - Saved optimizer state for iteration 1.
2021-08-06 13:15:07,158 - PARyOpt.paryopt - INFO - 1 iterations completed, total population: 3, number of iterations: 1!
2021-08-06 13:15:07,161 - PARyOpt.paryopt - INFO - Surrogate without failed points created! (3 points) 
2021-08-06 13:15:07,162 - PARyOpt.paryopt - INFO - Surrogate with failed points created! (3 points) 
2021-08-06 13:15:07,164 - PARyOpt.paryopt - INFO - Surrogate without failed points created! (3 points) 
2021-08-06 13:15:07,165 - PARyOpt.paryopt - INFO - Surrogate with failed points created! (3 points) 
2021-08-06 13:15:07,166 - PARyOpt.paryopt - INFO - Surrogate without failed points created! (3 points) 
2021-08-06 13:15:07,166 - PARyOpt.paryopt - INFO - Surrogate with failed points created! (3 points) 
2021-08-06 13:15:07,168 - PARyOpt.paryopt - INFO - Surrogate without failed points created! (3 points) 
2021-08-06 13:15:07,168 - PARyOpt.paryopt - INFO - Surrogate with failed points created! (3 points) 
2021-08-06 13:15:07,169 - PARyOpt.paryopt - INFO - Surrogate without failed points created! (3 points) 
2021-08-06 13:15:07,170 - PARyOpt.paryopt - INFO - Surrogate with failed points created! (3 points) 
2021-08-06 13:15:07,171 - PARyOpt.paryopt - INFO - Surrogate without failed points created! (3 points) 
2021-08-06 13:15:07,172 - PARyOpt.paryopt - INFO - Surrogate with failed points created! (3 points) 
2021-08-06 13:15:07,173 - PARyOpt.paryopt - INFO - Surrogate without failed points created! (3 points) 
2021-08-06 13:15:07,173 - PARyOpt.paryopt - INFO - Surrogate with failed points created! (3 points) 
2021-08-06 13:15:07,175 - PARyOpt.paryopt - INFO - Surrogate without failed points created! (3 points) 
2021-08-06 13:15:07,176 - PARyOpt.paryopt - INFO - Surrogate with failed points created! (3 points) 
2021-08-06 13:15:07,177 - PARyOpt.paryopt - INFO - Surrogate without failed points created! (3 points) 
2021-08-06 13:15:07,178 - PARyOpt.paryopt - INFO - Surrogate with failed points created! (3 points) 
2021-08-06 13:15:07,179 - PARyOpt.paryopt - INFO - Surrogate without failed points created! (3 points) 
2021-08-06 13:15:07,180 - PARyOpt.paryopt - INFO - Surrogate with failed points created! (3 points) 
2021-08-06 13:15:07,181 - PARyOpt.paryopt - INFO - Surrogate without failed points created! (3 points) 
2021-08-06 13:15:07,182 - PARyOpt.paryopt - INFO - Surrogate with failed points created! (3 points) 
2021-08-06 13:15:07,183 - PARyOpt.paryopt - INFO - Surrogate without failed points created! (3 points) 
2021-08-06 13:15:07,183 - PARyOpt.paryopt - INFO - Surrogate with failed points created! (3 points) 
2021-08-06 13:15:07,184 - PARyOpt.paryopt - INFO - Surrogate without failed points created! (3 points) 
2021-08-06 13:15:07,185 - PARyOpt.paryopt - INFO - Surrogate with failed points created! (3 points) 
2021-08-06 13:15:07,186 - PARyOpt.paryopt - INFO - Surrogate without failed points created! (3 points) 
2021-08-06 13:15:07,186 - PARyOpt.paryopt - INFO - Surrogate with failed points created! (3 points) 
2021-08-06 13:15:07,187 - PARyOpt.paryopt - INFO - Surrogate without failed points created! (3 points) 
2021-08-06 13:15:07,188 - PARyOpt.paryopt - INFO - Surrogate with failed points created! (3 points) 
2021-08-06 13:15:07,189 - PARyOpt.paryopt - INFO - Surrogate without failed points created! (3 points) 
2021-08-06 13:15:07,189 - PARyOpt.paryopt - INFO - Surrogate with failed points created! (3 points) 
2021-08-06 13:15:07,190 - PARyOpt.paryopt - INFO - Surrogate without failed points created! (3 points) 
2021-08-06 13:15:07,191 - PARyOpt.paryopt - INFO - Surrogate with failed points created! (3 points) 
2021-08-06 13:15:07,193 - PARyOpt.paryopt - INFO - Surrogate without failed points created! (3 points) 
2021-08-06 13:15:07,193 - PARyOpt.paryopt - INFO - Surrogate with failed points created! (3 points) 
2021-08-06 13:15:07,195 - PARyOpt.paryopt - INFO - Surrogate without failed points created! (3 points) 
2021-08-06 13:15:07,195 - PARyOpt.paryopt - INFO - Surrogate with failed points created! (3 points) 
2021-08-06 13:15:07,196 - PARyOpt.paryopt - INFO - Surrogate without failed points created! (3 points) 
2021-08-06 13:15:07,197 - PARyOpt.paryopt - INFO - Surrogate with failed points created! (3 points) 
2021-08-06 13:15:07,198 - PARyOpt.paryopt - INFO - Surrogate without failed points created! (3 points) 
2021-08-06 13:15:07,199 - PARyOpt.paryopt - INFO - Surrogate with failed points created! (3 points) 
2021-08-06 13:15:07,200 - PARyOpt.paryopt - INFO - Surrogate without failed points created! (3 points) 
2021-08-06 13:15:07,200 - PARyOpt.paryopt - INFO - Surrogate with failed points created! (3 points) 
2021-08-06 13:15:07,201 - PARyOpt.paryopt - INFO - Surrogate without failed points created! (3 points) 
2021-08-06 13:15:07,202 - PARyOpt.paryopt - INFO - Surrogate with failed points created! (3 points) 
2021-08-06 13:15:07,203 - PARyOpt.paryopt - INFO - Surrogate without failed points created! (3 points) 
2021-08-06 13:15:07,204 - PARyOpt.paryopt - INFO - Surrogate with failed points created! (3 points) 
2021-08-06 13:15:07,207 - PARyOpt.paryopt - INFO - Surrogate without failed points created! (3 points) 
2021-08-06 13:15:07,208 - PARyOpt.paryopt - INFO - Surrogate with failed points created! (3 points) 
2021-08-06 13:15:07,210 - PARyOpt.paryopt - INFO - Surrogate without failed points created! (3 points) 
2021-08-06 13:15:07,211 - PARyOpt.paryopt - INFO - Surrogate with failed points created! (3 points) 
2021-08-06 13:15:07,212 - PARyOpt.paryopt - INFO - Surrogate without failed points created! (3 points) 
2021-08-06 13:15:07,213 - PARyOpt.paryopt - INFO - Surrogate with failed points created! (3 points) 
2021-08-06 13:15:07,214 - PARyOpt.paryopt - INFO - Surrogate without failed points created! (3 points) 
2021-08-06 13:15:07,214 - PARyOpt.paryopt - INFO - Surrogate with failed points created! (3 points) 
2021-08-06 13:15:07,215 - PARyOpt.paryopt - INFO - Surrogate without failed points created! (3 points) 
2021-08-06 13:15:07,216 - PARyOpt.paryopt - INFO - Surrogate with failed points created! (3 points) 
2021-08-06 13:15:07,217 - PARyOpt.paryopt - INFO - Surrogate without failed points created! (3 points) 
2021-08-06 13:15:07,217 - PARyOpt.paryopt - INFO - Surrogate with failed points created! (3 points) 
2021-08-06 13:15:07,218 - PARyOpt.paryopt - INFO - Surrogate without failed points created! (3 points) 
2021-08-06 13:15:07,219 - PARyOpt.paryopt - INFO - Surrogate with failed points created! (3 points) 
2021-08-06 13:15:07,220 - PARyOpt.paryopt - INFO - Surrogate without failed points created! (3 points) 
2021-08-06 13:15:07,220 - PARyOpt.paryopt - INFO - Surrogate with failed points created! (3 points) 
2021-08-06 13:15:07,220 - PARyOpt.paryopt - INFO - Kernel function parameter optimized: theta: 1.806896551724138, theta0: 1.0
2021-08-06 13:15:07,221 - PARyOpt.paryopt - INFO - opt = 0, kappa = 1000.00
2021-08-06 13:15:07,233 - PARyOpt.paryopt - INFO - Next location: [2.9789277], (acq value: [-940.71957053])
2021-08-06 13:15:07,235 - PARyOpt.paryopt - INFO - Saved optimizer state from iter 1 to 2
2021-08-06 13:15:07,235 - PARyOpt.paryopt - INFO - Cost function evaluated! Number completed: 1, failed: 0 and pending: 0
2021-08-06 13:15:07,236 - PARyOpt.paryopt - INFO - Surrogate without failed points created! (4 points) 
2021-08-06 13:15:07,237 - PARyOpt.paryopt - INFO - Surrogate with failed points created! (4 points) 
2021-08-06 13:15:07,238 - PARyOpt.paryopt - INFO - Saved optimizer state for iteration 2.
2021-08-06 13:15:07,239 - PARyOpt.paryopt - INFO - Saved optimizer state for iteration 2.
2021-08-06 13:15:07,239 - PARyOpt.paryopt - INFO - 1 iterations completed, total population: 4, number of iterations: 2!
2021-08-06 13:15:07,240 - PARyOpt.paryopt - INFO - Surrogate without failed points created! (4 points) 
2021-08-06 13:15:07,240 - PARyOpt.paryopt - INFO - Surrogate with failed points created! (4 points) 
2021-08-06 13:15:07,240 - PARyOpt.paryopt - INFO - Surrogate without failed points created! (4 points) 
2021-08-06 13:15:07,241 - PARyOpt.paryopt - INFO - Surrogate with failed points created! (4 points) 
2021-08-06 13:15:07,241 - PARyOpt.paryopt - INFO - Surrogate without failed points created! (4 points) 
2021-08-06 13:15:07,242 - PARyOpt.paryopt - INFO - Surrogate with failed points created! (4 points) 
2021-08-06 13:15:07,242 - PARyOpt.paryopt - INFO - Surrogate without failed points created! (4 points) 
2021-08-06 13:15:07,243 - PARyOpt.paryopt - INFO - Surrogate with failed points created! (4 points) 
2021-08-06 13:15:07,243 - PARyOpt.paryopt - INFO - Surrogate without failed points created! (4 points) 
2021-08-06 13:15:07,244 - PARyOpt.paryopt - INFO - Surrogate with failed points created! (4 points) 
2021-08-06 13:15:07,245 - PARyOpt.paryopt - INFO - Surrogate without failed points created! (4 points) 
2021-08-06 13:15:07,245 - PARyOpt.paryopt - INFO - Surrogate with failed points created! (4 points) 
2021-08-06 13:15:07,245 - PARyOpt.paryopt - INFO - Surrogate without failed points created! (4 points) 
2021-08-06 13:15:07,246 - PARyOpt.paryopt - INFO - Surrogate with failed points created! (4 points) 
2021-08-06 13:15:07,246 - PARyOpt.paryopt - INFO - Surrogate without failed points created! (4 points) 
2021-08-06 13:15:07,247 - PARyOpt.paryopt - INFO - Surrogate with failed points created! (4 points) 
2021-08-06 13:15:07,247 - PARyOpt.paryopt - INFO - Surrogate without failed points created! (4 points) 
2021-08-06 13:15:07,248 - PARyOpt.paryopt - INFO - Surrogate with failed points created! (4 points) 
2021-08-06 13:15:07,248 - PARyOpt.paryopt - INFO - Surrogate without failed points created! (4 points) 
2021-08-06 13:15:07,249 - PARyOpt.paryopt - INFO - Surrogate with failed points created! (4 points) 
2021-08-06 13:15:07,250 - PARyOpt.paryopt - INFO - Surrogate without failed points created! (4 points) 
2021-08-06 13:15:07,250 - PARyOpt.paryopt - INFO - Surrogate with failed points created! (4 points) 
2021-08-06 13:15:07,251 - PARyOpt.paryopt - INFO - Surrogate without failed points created! (4 points) 
2021-08-06 13:15:07,252 - PARyOpt.paryopt - INFO - Surrogate with failed points created! (4 points) 
2021-08-06 13:15:07,254 - PARyOpt.paryopt - INFO - Surrogate without failed points created! (4 points) 
2021-08-06 13:15:07,255 - PARyOpt.paryopt - INFO - Surrogate with failed points created! (4 points) 
2021-08-06 13:15:07,256 - PARyOpt.paryopt - INFO - Surrogate without failed points created! (4 points) 
2021-08-06 13:15:07,257 - PARyOpt.paryopt - INFO - Surrogate with failed points created! (4 points) 
2021-08-06 13:15:07,258 - PARyOpt.paryopt - INFO - Surrogate without failed points created! (4 points) 
2021-08-06 13:15:07,259 - PARyOpt.paryopt - INFO - Surrogate with failed points created! (4 points) 
2021-08-06 13:15:07,260 - PARyOpt.paryopt - INFO - Surrogate without failed points created! (4 points) 
2021-08-06 13:15:07,261 - PARyOpt.paryopt - INFO - Surrogate with failed points created! (4 points) 
2021-08-06 13:15:07,262 - PARyOpt.paryopt - INFO - Surrogate without failed points created! (4 points) 
2021-08-06 13:15:07,262 - PARyOpt.paryopt - INFO - Surrogate with failed points created! (4 points) 
2021-08-06 13:15:07,263 - PARyOpt.paryopt - INFO - Surrogate without failed points created! (4 points) 
2021-08-06 13:15:07,264 - PARyOpt.paryopt - INFO - Surrogate with failed points created! (4 points) 
2021-08-06 13:15:07,265 - PARyOpt.paryopt - INFO - Surrogate without failed points created! (4 points) 
2021-08-06 13:15:07,266 - PARyOpt.paryopt - INFO - Surrogate with failed points created! (4 points) 
2021-08-06 13:15:07,267 - PARyOpt.paryopt - INFO - Surrogate without failed points created! (4 points) 
2021-08-06 13:15:07,267 - PARyOpt.paryopt - INFO - Surrogate with failed points created! (4 points) 
2021-08-06 13:15:07,269 - PARyOpt.paryopt - INFO - Surrogate without failed points created! (4 points) 
2021-08-06 13:15:07,269 - PARyOpt.paryopt - INFO - Surrogate with failed points created! (4 points) 
2021-08-06 13:15:07,270 - PARyOpt.paryopt - INFO - Surrogate without failed points created! (4 points) 
2021-08-06 13:15:07,271 - PARyOpt.paryopt - INFO - Surrogate with failed points created! (4 points) 
2021-08-06 13:15:07,272 - PARyOpt.paryopt - INFO - Surrogate without failed points created! (4 points) 
2021-08-06 13:15:07,273 - PARyOpt.paryopt - INFO - Surrogate with failed points created! (4 points) 
2021-08-06 13:15:07,274 - PARyOpt.paryopt - INFO - Surrogate without failed points created! (4 points) 
2021-08-06 13:15:07,274 - PARyOpt.paryopt - INFO - Surrogate with failed points created! (4 points) 
2021-08-06 13:15:07,276 - PARyOpt.paryopt - INFO - Surrogate without failed points created! (4 points) 
2021-08-06 13:15:07,276 - PARyOpt.paryopt - INFO - Surrogate with failed points created! (4 points) 
2021-08-06 13:15:07,277 - PARyOpt.paryopt - INFO - Surrogate without failed points created! (4 points) 
2021-08-06 13:15:07,278 - PARyOpt.paryopt - INFO - Surrogate with failed points created! (4 points) 
2021-08-06 13:15:07,279 - PARyOpt.paryopt - INFO - Surrogate without failed points created! (4 points) 
2021-08-06 13:15:07,280 - PARyOpt.paryopt - INFO - Surrogate with failed points created! (4 points) 
2021-08-06 13:15:07,281 - PARyOpt.paryopt - INFO - Surrogate without failed points created! (4 points) 
2021-08-06 13:15:07,282 - PARyOpt.paryopt - INFO - Surrogate with failed points created! (4 points) 
2021-08-06 13:15:07,282 - PARyOpt.paryopt - INFO - Surrogate without failed points created! (4 points) 
2021-08-06 13:15:07,283 - PARyOpt.paryopt - INFO - Surrogate with failed points created! (4 points) 
2021-08-06 13:15:07,283 - PARyOpt.paryopt - INFO - Surrogate without failed points created! (4 points) 
2021-08-06 13:15:07,283 - PARyOpt.paryopt - INFO - Surrogate with failed points created! (4 points) 
2021-08-06 13:15:07,284 - PARyOpt.paryopt - INFO - Surrogate without failed points created! (4 points) 
2021-08-06 13:15:07,284 - PARyOpt.paryopt - INFO - Surrogate with failed points created! (4 points) 
2021-08-06 13:15:07,285 - PARyOpt.paryopt - INFO - Surrogate without failed points created! (4 points) 
2021-08-06 13:15:07,285 - PARyOpt.paryopt - INFO - Surrogate with failed points created! (4 points) 
2021-08-06 13:15:07,285 - PARyOpt.paryopt - INFO - Kernel function parameter optimized: theta: 3.855172413793104, theta0: 1.0
2021-08-06 13:15:07,774 - PARyOpt.paryopt - INFO - opt = 0, kappa = 1000.00
2021-08-06 13:15:07,786 - PARyOpt.paryopt - INFO - Next location: [1.0106097], (acq value: [-148.0563215])
2021-08-06 13:15:07,787 - PARyOpt.paryopt - INFO - Saved optimizer state from iter 2 to 3
2021-08-06 13:15:07,787 - PARyOpt.paryopt - INFO - Cost function evaluated! Number completed: 1, failed: 0 and pending: 0
2021-08-06 13:15:07,787 - PARyOpt.paryopt - INFO - Surrogate without failed points created! (5 points) 
2021-08-06 13:15:07,788 - PARyOpt.paryopt - INFO - Surrogate with failed points created! (5 points) 
2021-08-06 13:15:07,789 - PARyOpt.paryopt - INFO - Saved optimizer state for iteration 3.
2021-08-06 13:15:07,790 - PARyOpt.paryopt - INFO - Saved optimizer state for iteration 3.
2021-08-06 13:15:07,790 - PARyOpt.paryopt - INFO - 1 iterations completed, total population: 5, number of iterations: 3!
2021-08-06 13:15:07,790 - PARyOpt.paryopt - INFO - Surrogate without failed points created! (5 points) 
2021-08-06 13:15:07,791 - PARyOpt.paryopt - INFO - Surrogate with failed points created! (5 points) 
2021-08-06 13:15:07,792 - PARyOpt.paryopt - INFO - Surrogate without failed points created! (5 points) 
2021-08-06 13:15:07,792 - PARyOpt.paryopt - INFO - Surrogate with failed points created! (5 points) 
2021-08-06 13:15:07,793 - PARyOpt.paryopt - INFO - Surrogate without failed points created! (5 points) 
2021-08-06 13:15:07,794 - PARyOpt.paryopt - INFO - Surrogate with failed points created! (5 points) 
2021-08-06 13:15:07,795 - PARyOpt.paryopt - INFO - Surrogate without failed points created! (5 points) 
2021-08-06 13:15:07,796 - PARyOpt.paryopt - INFO - Surrogate with failed points created! (5 points) 
2021-08-06 13:15:07,797 - PARyOpt.paryopt - INFO - Surrogate without failed points created! (5 points) 
2021-08-06 13:15:07,798 - PARyOpt.paryopt - INFO - Surrogate with failed points created! (5 points) 
2021-08-06 13:15:07,799 - PARyOpt.paryopt - INFO - Surrogate without failed points created! (5 points) 
2021-08-06 13:15:07,800 - PARyOpt.paryopt - INFO - Surrogate with failed points created! (5 points) 
2021-08-06 13:15:07,801 - PARyOpt.paryopt - INFO - Surrogate without failed points created! (5 points) 
2021-08-06 13:15:07,802 - PARyOpt.paryopt - INFO - Surrogate with failed points created! (5 points) 
2021-08-06 13:15:07,803 - PARyOpt.paryopt - INFO - Surrogate without failed points created! (5 points) 
2021-08-06 13:15:07,803 - PARyOpt.paryopt - INFO - Surrogate with failed points created! (5 points) 
2021-08-06 13:15:07,804 - PARyOpt.paryopt - INFO - Surrogate without failed points created! (5 points) 
2021-08-06 13:15:07,805 - PARyOpt.paryopt - INFO - Surrogate with failed points created! (5 points) 
2021-08-06 13:15:07,806 - PARyOpt.paryopt - INFO - Surrogate without failed points created! (5 points) 
2021-08-06 13:15:07,806 - PARyOpt.paryopt - INFO - Surrogate with failed points created! (5 points) 
2021-08-06 13:15:07,807 - PARyOpt.paryopt - INFO - Surrogate without failed points created! (5 points) 
2021-08-06 13:15:07,807 - PARyOpt.paryopt - INFO - Surrogate with failed points created! (5 points) 
2021-08-06 13:15:07,808 - PARyOpt.paryopt - INFO - Surrogate without failed points created! (5 points) 
2021-08-06 13:15:07,808 - PARyOpt.paryopt - INFO - Surrogate with failed points created! (5 points) 
2021-08-06 13:15:07,809 - PARyOpt.paryopt - INFO - Surrogate without failed points created! (5 points) 
2021-08-06 13:15:07,809 - PARyOpt.paryopt - INFO - Surrogate with failed points created! (5 points) 
2021-08-06 13:15:07,810 - PARyOpt.paryopt - INFO - Surrogate without failed points created! (5 points) 
2021-08-06 13:15:07,811 - PARyOpt.paryopt - INFO - Surrogate with failed points created! (5 points) 
2021-08-06 13:15:07,811 - PARyOpt.paryopt - INFO - Surrogate without failed points created! (5 points) 
2021-08-06 13:15:07,812 - PARyOpt.paryopt - INFO - Surrogate with failed points created! (5 points) 
2021-08-06 13:15:07,812 - PARyOpt.paryopt - INFO - Surrogate without failed points created! (5 points) 
2021-08-06 13:15:07,813 - PARyOpt.paryopt - INFO - Surrogate with failed points created! (5 points) 
2021-08-06 13:15:07,814 - PARyOpt.paryopt - INFO - Surrogate without failed points created! (5 points) 
2021-08-06 13:15:07,814 - PARyOpt.paryopt - INFO - Surrogate with failed points created! (5 points) 
2021-08-06 13:15:07,815 - PARyOpt.paryopt - INFO - Surrogate without failed points created! (5 points) 
2021-08-06 13:15:07,815 - PARyOpt.paryopt - INFO - Surrogate with failed points created! (5 points) 
2021-08-06 13:15:07,816 - PARyOpt.paryopt - INFO - Surrogate without failed points created! (5 points) 
2021-08-06 13:15:07,816 - PARyOpt.paryopt - INFO - Surrogate with failed points created! (5 points) 
2021-08-06 13:15:07,817 - PARyOpt.paryopt - INFO - Surrogate without failed points created! (5 points) 
2021-08-06 13:15:07,818 - PARyOpt.paryopt - INFO - Surrogate with failed points created! (5 points) 
2021-08-06 13:15:07,819 - PARyOpt.paryopt - INFO - Surrogate without failed points created! (5 points) 
2021-08-06 13:15:07,819 - PARyOpt.paryopt - INFO - Surrogate with failed points created! (5 points) 
2021-08-06 13:15:07,820 - PARyOpt.paryopt - INFO - Surrogate without failed points created! (5 points) 
2021-08-06 13:15:07,820 - PARyOpt.paryopt - INFO - Surrogate with failed points created! (5 points) 
2021-08-06 13:15:07,822 - PARyOpt.paryopt - INFO - Surrogate without failed points created! (5 points) 
2021-08-06 13:15:07,823 - PARyOpt.paryopt - INFO - Surrogate with failed points created! (5 points) 
2021-08-06 13:15:07,824 - PARyOpt.paryopt - INFO - Surrogate without failed points created! (5 points) 
2021-08-06 13:15:07,825 - PARyOpt.paryopt - INFO - Surrogate with failed points created! (5 points) 
2021-08-06 13:15:07,826 - PARyOpt.paryopt - INFO - Surrogate without failed points created! (5 points) 
2021-08-06 13:15:07,827 - PARyOpt.paryopt - INFO - Surrogate with failed points created! (5 points) 
2021-08-06 13:15:07,829 - PARyOpt.paryopt - INFO - Surrogate without failed points created! (5 points) 
2021-08-06 13:15:07,830 - PARyOpt.paryopt - INFO - Surrogate with failed points created! (5 points) 
2021-08-06 13:15:07,831 - PARyOpt.paryopt - INFO - Surrogate without failed points created! (5 points) 
2021-08-06 13:15:07,832 - PARyOpt.paryopt - INFO - Surrogate with failed points created! (5 points) 
2021-08-06 13:15:07,833 - PARyOpt.paryopt - INFO - Surrogate without failed points created! (5 points) 
2021-08-06 13:15:07,833 - PARyOpt.paryopt - INFO - Surrogate with failed points created! (5 points) 
2021-08-06 13:15:07,834 - PARyOpt.paryopt - INFO - Surrogate without failed points created! (5 points) 
2021-08-06 13:15:07,834 - PARyOpt.paryopt - INFO - Surrogate with failed points created! (5 points) 
2021-08-06 13:15:07,835 - PARyOpt.paryopt - INFO - Surrogate without failed points created! (5 points) 
2021-08-06 13:15:07,835 - PARyOpt.paryopt - INFO - Surrogate with failed points created! (5 points) 
2021-08-06 13:15:07,836 - PARyOpt.paryopt - INFO - Surrogate without failed points created! (5 points) 
2021-08-06 13:15:07,837 - PARyOpt.paryopt - INFO - Surrogate with failed points created! (5 points) 
2021-08-06 13:15:07,837 - PARyOpt.paryopt - INFO - Surrogate without failed points created! (5 points) 
2021-08-06 13:15:07,838 - PARyOpt.paryopt - INFO - Surrogate with failed points created! (5 points) 
2021-08-06 13:15:07,838 - PARyOpt.paryopt - INFO - Kernel function parameter optimized: theta: 3.855172413793104, theta0: 1.0
2021-08-06 13:15:07,838 - PARyOpt.paryopt - INFO - opt = 0, kappa = 1000.00
2021-08-06 13:15:07,845 - PARyOpt.paryopt - INFO - opt = 0, kappa = 1000.00
2021-08-06 13:15:07,852 - PARyOpt.paryopt - INFO - opt = 0, kappa = 1000.00
2021-08-06 13:15:07,862 - PARyOpt.paryopt - INFO - opt = 0, kappa = 1000.00
2021-08-06 13:15:07,877 - PARyOpt.paryopt - INFO - opt = 0, kappa = 1000.00
2021-08-06 13:15:07,885 - PARyOpt.paryopt - INFO - opt = 0, kappa = 1000.00
2021-08-06 13:15:07,896 - PARyOpt.paryopt - INFO - opt = 0, kappa = 1000.00
2021-08-06 13:15:07,906 - PARyOpt.paryopt - INFO - opt = 0, kappa = 1000.00
2021-08-06 13:15:07,920 - PARyOpt.paryopt - INFO - opt = 0, kappa = 1000.00
2021-08-06 13:15:07,931 - PARyOpt.paryopt - INFO - opt = 0, kappa = 1000.00
2021-08-06 13:15:07,940 - PARyOpt.paryopt - WARNING - Could not find surrogate optima 0 (all points near population)
2021-08-06 13:15:07,941 - PARyOpt.paryopt - INFO - Saved optimizer state from iter 3 to 4
2021-08-06 13:15:07,941 - PARyOpt.paryopt - INFO - Cost function evaluated! Number completed: 0, failed: 0 and pending: 0
2021-08-06 13:15:07,941 - PARyOpt.paryopt - INFO - Surrogate without failed points created! (5 points) 
2021-08-06 13:15:07,942 - PARyOpt.paryopt - INFO - Surrogate with failed points created! (5 points) 
2021-08-06 13:15:07,943 - PARyOpt.paryopt - INFO - Saved optimizer state for iteration 4.
2021-08-06 13:15:07,943 - PARyOpt.paryopt - WARNING - Failed to evaluate any new points during iteration 4.
2021-08-06 13:15:07,944 - PARyOpt.paryopt - INFO - Saved optimizer state for iteration 4.
2021-08-06 13:15:07,944 - PARyOpt.paryopt - INFO - 1 iterations completed, total population: 5, number of iterations: 4!
2021-08-06 13:15:07,944 - PARyOpt.paryopt - INFO - Surrogate without failed points created! (5 points) 
2021-08-06 13:15:07,945 - PARyOpt.paryopt - INFO - Surrogate with failed points created! (5 points) 
2021-08-06 13:15:07,945 - PARyOpt.paryopt - INFO - Surrogate without failed points created! (5 points) 
2021-08-06 13:15:07,946 - PARyOpt.paryopt - INFO - Surrogate with failed points created! (5 points) 
2021-08-06 13:15:07,947 - PARyOpt.paryopt - INFO - Surrogate without failed points created! (5 points) 
2021-08-06 13:15:07,947 - PARyOpt.paryopt - INFO - Surrogate with failed points created! (5 points) 
2021-08-06 13:15:07,948 - PARyOpt.paryopt - INFO - Surrogate without failed points created! (5 points) 
2021-08-06 13:15:07,948 - PARyOpt.paryopt - INFO - Surrogate with failed points created! (5 points) 
2021-08-06 13:15:07,949 - PARyOpt.paryopt - INFO - Surrogate without failed points created! (5 points) 
2021-08-06 13:15:07,949 - PARyOpt.paryopt - INFO - Surrogate with failed points created! (5 points) 
2021-08-06 13:15:07,950 - PARyOpt.paryopt - INFO - Surrogate without failed points created! (5 points) 
2021-08-06 13:15:07,950 - PARyOpt.paryopt - INFO - Surrogate with failed points created! (5 points) 
2021-08-06 13:15:07,951 - PARyOpt.paryopt - INFO - Surrogate without failed points created! (5 points) 
2021-08-06 13:15:07,951 - PARyOpt.paryopt - INFO - Surrogate with failed points created! (5 points) 
2021-08-06 13:15:07,952 - PARyOpt.paryopt - INFO - Surrogate without failed points created! (5 points) 
2021-08-06 13:15:07,952 - PARyOpt.paryopt - INFO - Surrogate with failed points created! (5 points) 
2021-08-06 13:15:07,953 - PARyOpt.paryopt - INFO - Surrogate without failed points created! (5 points) 
2021-08-06 13:15:07,953 - PARyOpt.paryopt - INFO - Surrogate with failed points created! (5 points) 
2021-08-06 13:15:07,954 - PARyOpt.paryopt - INFO - Surrogate without failed points created! (5 points) 
2021-08-06 13:15:07,955 - PARyOpt.paryopt - INFO - Surrogate with failed points created! (5 points) 
2021-08-06 13:15:07,955 - PARyOpt.paryopt - INFO - Surrogate without failed points created! (5 points) 
2021-08-06 13:15:07,956 - PARyOpt.paryopt - INFO - Surrogate with failed points created! (5 points) 
2021-08-06 13:15:07,958 - PARyOpt.paryopt - INFO - Surrogate without failed points created! (5 points) 
2021-08-06 13:15:07,958 - PARyOpt.paryopt - INFO - Surrogate with failed points created! (5 points) 
2021-08-06 13:15:07,959 - PARyOpt.paryopt - INFO - Surrogate without failed points created! (5 points) 
2021-08-06 13:15:07,960 - PARyOpt.paryopt - INFO - Surrogate with failed points created! (5 points) 
2021-08-06 13:15:07,961 - PARyOpt.paryopt - INFO - Surrogate without failed points created! (5 points) 
2021-08-06 13:15:07,961 - PARyOpt.paryopt - INFO - Surrogate with failed points created! (5 points) 
2021-08-06 13:15:07,962 - PARyOpt.paryopt - INFO - Surrogate without failed points created! (5 points) 
2021-08-06 13:15:07,962 - PARyOpt.paryopt - INFO - Surrogate with failed points created! (5 points) 
2021-08-06 13:15:07,963 - PARyOpt.paryopt - INFO - Surrogate without failed points created! (5 points) 
2021-08-06 13:15:07,963 - PARyOpt.paryopt - INFO - Surrogate with failed points created! (5 points) 
2021-08-06 13:15:07,964 - PARyOpt.paryopt - INFO - Surrogate without failed points created! (5 points) 
2021-08-06 13:15:07,964 - PARyOpt.paryopt - INFO - Surrogate with failed points created! (5 points) 
2021-08-06 13:15:07,965 - PARyOpt.paryopt - INFO - Surrogate without failed points created! (5 points) 
2021-08-06 13:15:07,965 - PARyOpt.paryopt - INFO - Surrogate with failed points created! (5 points) 
2021-08-06 13:15:07,966 - PARyOpt.paryopt - INFO - Surrogate without failed points created! (5 points) 
2021-08-06 13:15:07,966 - PARyOpt.paryopt - INFO - Surrogate with failed points created! (5 points) 
2021-08-06 13:15:07,967 - PARyOpt.paryopt - INFO - Surrogate without failed points created! (5 points) 
2021-08-06 13:15:07,967 - PARyOpt.paryopt - INFO - Surrogate with failed points created! (5 points) 
2021-08-06 13:15:07,968 - PARyOpt.paryopt - INFO - Surrogate without failed points created! (5 points) 
2021-08-06 13:15:07,968 - PARyOpt.paryopt - INFO - Surrogate with failed points created! (5 points) 
2021-08-06 13:15:07,969 - PARyOpt.paryopt - INFO - Surrogate without failed points created! (5 points) 
2021-08-06 13:15:07,970 - PARyOpt.paryopt - INFO - Surrogate with failed points created! (5 points) 
2021-08-06 13:15:07,970 - PARyOpt.paryopt - INFO - Surrogate without failed points created! (5 points) 
2021-08-06 13:15:07,971 - PARyOpt.paryopt - INFO - Surrogate with failed points created! (5 points) 
2021-08-06 13:15:07,971 - PARyOpt.paryopt - INFO - Surrogate without failed points created! (5 points) 
2021-08-06 13:15:07,972 - PARyOpt.paryopt - INFO - Surrogate with failed points created! (5 points) 
2021-08-06 13:15:07,972 - PARyOpt.paryopt - INFO - Surrogate without failed points created! (5 points) 
2021-08-06 13:15:07,973 - PARyOpt.paryopt - INFO - Surrogate with failed points created! (5 points) 
2021-08-06 13:15:07,973 - PARyOpt.paryopt - INFO - Surrogate without failed points created! (5 points) 
2021-08-06 13:15:07,974 - PARyOpt.paryopt - INFO - Surrogate with failed points created! (5 points) 
2021-08-06 13:15:07,974 - PARyOpt.paryopt - INFO - Surrogate without failed points created! (5 points) 
2021-08-06 13:15:07,975 - PARyOpt.paryopt - INFO - Surrogate with failed points created! (5 points) 
2021-08-06 13:15:07,976 - PARyOpt.paryopt - INFO - Surrogate without failed points created! (5 points) 
2021-08-06 13:15:07,976 - PARyOpt.paryopt - INFO - Surrogate with failed points created! (5 points) 
2021-08-06 13:15:07,977 - PARyOpt.paryopt - INFO - Surrogate without failed points created! (5 points) 
2021-08-06 13:15:07,977 - PARyOpt.paryopt - INFO - Surrogate with failed points created! (5 points) 
2021-08-06 13:15:07,978 - PARyOpt.paryopt - INFO - Surrogate without failed points created! (5 points) 
2021-08-06 13:15:07,978 - PARyOpt.paryopt - INFO - Surrogate with failed points created! (5 points) 
2021-08-06 13:15:07,979 - PARyOpt.paryopt - INFO - Surrogate without failed points created! (5 points) 
2021-08-06 13:15:07,979 - PARyOpt.paryopt - INFO - Surrogate with failed points created! (5 points) 
2021-08-06 13:15:07,980 - PARyOpt.paryopt - INFO - Surrogate without failed points created! (5 points) 
2021-08-06 13:15:07,980 - PARyOpt.paryopt - INFO - Surrogate with failed points created! (5 points) 
2021-08-06 13:15:07,981 - PARyOpt.paryopt - INFO - Kernel function parameter optimized: theta: 3.855172413793104, theta0: 1.0
2021-08-06 13:15:08,555 - PARyOpt.paryopt - INFO - opt = 0, kappa = 1000.00
2021-08-06 13:15:08,571 - PARyOpt.paryopt - INFO - opt = 0, kappa = 1000.00
2021-08-06 13:15:08,582 - PARyOpt.paryopt - INFO - opt = 0, kappa = 1000.00
2021-08-06 13:15:08,598 - PARyOpt.paryopt - INFO - opt = 0, kappa = 1000.00
2021-08-06 13:15:08,615 - PARyOpt.paryopt - INFO - opt = 0, kappa = 1000.00
2021-08-06 13:15:08,625 - PARyOpt.paryopt - INFO - opt = 0, kappa = 1000.00
2021-08-06 13:15:08,636 - PARyOpt.paryopt - INFO - opt = 0, kappa = 1000.00
2021-08-06 13:15:08,646 - PARyOpt.paryopt - INFO - opt = 0, kappa = 1000.00
2021-08-06 13:15:08,658 - PARyOpt.paryopt - INFO - opt = 0, kappa = 1000.00
2021-08-06 13:15:08,670 - PARyOpt.paryopt - INFO - opt = 0, kappa = 1000.00
2021-08-06 13:15:08,681 - PARyOpt.paryopt - WARNING - Could not find surrogate optima 0 (all points near population)
2021-08-06 13:15:08,682 - PARyOpt.paryopt - INFO - Saved optimizer state from iter 4 to 5
2021-08-06 13:15:08,682 - PARyOpt.paryopt - INFO - Cost function evaluated! Number completed: 0, failed: 0 and pending: 0
2021-08-06 13:15:08,683 - PARyOpt.paryopt - INFO - Surrogate without failed points created! (5 points) 
2021-08-06 13:15:08,683 - PARyOpt.paryopt - INFO - Surrogate with failed points created! (5 points) 
2021-08-06 13:15:08,684 - PARyOpt.paryopt - INFO - Saved optimizer state for iteration 5.
2021-08-06 13:15:08,684 - PARyOpt.paryopt - WARNING - Failed to evaluate any new points during iteration 5.
2021-08-06 13:15:08,685 - PARyOpt.paryopt - INFO - Saved optimizer state for iteration 5.
2021-08-06 13:15:08,685 - PARyOpt.paryopt - INFO - 1 iterations completed, total population: 5, number of iterations: 5!
2021-08-06 13:15:08,686 - PARyOpt.paryopt - INFO - Surrogate without failed points created! (5 points) 
2021-08-06 13:15:08,686 - PARyOpt.paryopt - INFO - Surrogate with failed points created! (5 points) 
2021-08-06 13:15:08,687 - PARyOpt.paryopt - INFO - Surrogate without failed points created! (5 points) 
2021-08-06 13:15:08,687 - PARyOpt.paryopt - INFO - Surrogate with failed points created! (5 points) 
2021-08-06 13:15:08,688 - PARyOpt.paryopt - INFO - Surrogate without failed points created! (5 points) 
2021-08-06 13:15:08,688 - PARyOpt.paryopt - INFO - Surrogate with failed points created! (5 points) 
2021-08-06 13:15:08,689 - PARyOpt.paryopt - INFO - Surrogate without failed points created! (5 points) 
2021-08-06 13:15:08,689 - PARyOpt.paryopt - INFO - Surrogate with failed points created! (5 points) 
2021-08-06 13:15:08,690 - PARyOpt.paryopt - INFO - Surrogate without failed points created! (5 points) 
2021-08-06 13:15:08,690 - PARyOpt.paryopt - INFO - Surrogate with failed points created! (5 points) 
2021-08-06 13:15:08,691 - PARyOpt.paryopt - INFO - Surrogate without failed points created! (5 points) 
2021-08-06 13:15:08,691 - PARyOpt.paryopt - INFO - Surrogate with failed points created! (5 points) 
2021-08-06 13:15:08,692 - PARyOpt.paryopt - INFO - Surrogate without failed points created! (5 points) 
2021-08-06 13:15:08,692 - PARyOpt.paryopt - INFO - Surrogate with failed points created! (5 points) 
2021-08-06 13:15:08,693 - PARyOpt.paryopt - INFO - Surrogate without failed points created! (5 points) 
2021-08-06 13:15:08,694 - PARyOpt.paryopt - INFO - Surrogate with failed points created! (5 points) 
2021-08-06 13:15:08,695 - PARyOpt.paryopt - INFO - Surrogate without failed points created! (5 points) 
2021-08-06 13:15:08,695 - PARyOpt.paryopt - INFO - Surrogate with failed points created! (5 points) 
2021-08-06 13:15:08,697 - PARyOpt.paryopt - INFO - Surrogate without failed points created! (5 points) 
2021-08-06 13:15:08,697 - PARyOpt.paryopt - INFO - Surrogate with failed points created! (5 points) 
2021-08-06 13:15:08,699 - PARyOpt.paryopt - INFO - Surrogate without failed points created! (5 points) 
2021-08-06 13:15:08,699 - PARyOpt.paryopt - INFO - Surrogate with failed points created! (5 points) 
2021-08-06 13:15:08,703 - PARyOpt.paryopt - INFO - Surrogate without failed points created! (5 points) 
2021-08-06 13:15:08,704 - PARyOpt.paryopt - INFO - Surrogate with failed points created! (5 points) 
2021-08-06 13:15:08,706 - PARyOpt.paryopt - INFO - Surrogate without failed points created! (5 points) 
2021-08-06 13:15:08,709 - PARyOpt.paryopt - INFO - Surrogate with failed points created! (5 points) 
2021-08-06 13:15:08,710 - PARyOpt.paryopt - INFO - Surrogate without failed points created! (5 points) 
2021-08-06 13:15:08,711 - PARyOpt.paryopt - INFO - Surrogate with failed points created! (5 points) 
2021-08-06 13:15:08,712 - PARyOpt.paryopt - INFO - Surrogate without failed points created! (5 points) 
2021-08-06 13:15:08,712 - PARyOpt.paryopt - INFO - Surrogate with failed points created! (5 points) 
2021-08-06 13:15:08,713 - PARyOpt.paryopt - INFO - Surrogate without failed points created! (5 points) 
2021-08-06 13:15:08,713 - PARyOpt.paryopt - INFO - Surrogate with failed points created! (5 points) 
2021-08-06 13:15:08,714 - PARyOpt.paryopt - INFO - Surrogate without failed points created! (5 points) 
2021-08-06 13:15:08,714 - PARyOpt.paryopt - INFO - Surrogate with failed points created! (5 points) 
2021-08-06 13:15:08,715 - PARyOpt.paryopt - INFO - Surrogate without failed points created! (5 points) 
2021-08-06 13:15:08,716 - PARyOpt.paryopt - INFO - Surrogate with failed points created! (5 points) 
2021-08-06 13:15:08,716 - PARyOpt.paryopt - INFO - Surrogate without failed points created! (5 points) 
2021-08-06 13:15:08,717 - PARyOpt.paryopt - INFO - Surrogate with failed points created! (5 points) 
2021-08-06 13:15:08,718 - PARyOpt.paryopt - INFO - Surrogate without failed points created! (5 points) 
2021-08-06 13:15:08,718 - PARyOpt.paryopt - INFO - Surrogate with failed points created! (5 points) 
2021-08-06 13:15:08,719 - PARyOpt.paryopt - INFO - Surrogate without failed points created! (5 points) 
2021-08-06 13:15:08,719 - PARyOpt.paryopt - INFO - Surrogate with failed points created! (5 points) 
2021-08-06 13:15:08,720 - PARyOpt.paryopt - INFO - Surrogate without failed points created! (5 points) 
2021-08-06 13:15:08,721 - PARyOpt.paryopt - INFO - Surrogate with failed points created! (5 points) 
2021-08-06 13:15:08,722 - PARyOpt.paryopt - INFO - Surrogate without failed points created! (5 points) 
2021-08-06 13:15:08,723 - PARyOpt.paryopt - INFO - Surrogate with failed points created! (5 points) 
2021-08-06 13:15:08,724 - PARyOpt.paryopt - INFO - Surrogate without failed points created! (5 points) 
2021-08-06 13:15:08,725 - PARyOpt.paryopt - INFO - Surrogate with failed points created! (5 points) 
2021-08-06 13:15:08,726 - PARyOpt.paryopt - INFO - Surrogate without failed points created! (5 points) 
2021-08-06 13:15:08,726 - PARyOpt.paryopt - INFO - Surrogate with failed points created! (5 points) 
2021-08-06 13:15:08,727 - PARyOpt.paryopt - INFO - Surrogate without failed points created! (5 points) 
2021-08-06 13:15:08,727 - PARyOpt.paryopt - INFO - Surrogate with failed points created! (5 points) 
2021-08-06 13:15:08,728 - PARyOpt.paryopt - INFO - Surrogate without failed points created! (5 points) 
2021-08-06 13:15:08,728 - PARyOpt.paryopt - INFO - Surrogate with failed points created! (5 points) 
2021-08-06 13:15:08,729 - PARyOpt.paryopt - INFO - Surrogate without failed points created! (5 points) 
2021-08-06 13:15:08,729 - PARyOpt.paryopt - INFO - Surrogate with failed points created! (5 points) 
2021-08-06 13:15:08,730 - PARyOpt.paryopt - INFO - Surrogate without failed points created! (5 points) 
2021-08-06 13:15:08,731 - PARyOpt.paryopt - INFO - Surrogate with failed points created! (5 points) 
2021-08-06 13:15:08,732 - PARyOpt.paryopt - INFO - Surrogate without failed points created! (5 points) 
2021-08-06 13:15:08,733 - PARyOpt.paryopt - INFO - Surrogate with failed points created! (5 points) 
2021-08-06 13:15:08,734 - PARyOpt.paryopt - INFO - Surrogate without failed points created! (5 points) 
2021-08-06 13:15:08,735 - PARyOpt.paryopt - INFO - Surrogate with failed points created! (5 points) 
2021-08-06 13:15:08,735 - PARyOpt.paryopt - INFO - Surrogate without failed points created! (5 points) 
2021-08-06 13:15:08,736 - PARyOpt.paryopt - INFO - Surrogate with failed points created! (5 points) 
2021-08-06 13:15:08,736 - PARyOpt.paryopt - INFO - Kernel function parameter optimized: theta: 3.855172413793104, theta0: 1.0
2021-08-06 13:15:08,736 - PARyOpt.paryopt - INFO - opt = 0, kappa = 1000.00
2021-08-06 13:15:08,743 - PARyOpt.paryopt - INFO - opt = 0, kappa = 1000.00
2021-08-06 13:15:08,753 - PARyOpt.paryopt - INFO - opt = 0, kappa = 1000.00
2021-08-06 13:15:08,771 - PARyOpt.paryopt - INFO - opt = 0, kappa = 1000.00
2021-08-06 13:15:08,784 - PARyOpt.paryopt - INFO - opt = 0, kappa = 1000.00
2021-08-06 13:15:08,792 - PARyOpt.paryopt - INFO - opt = 0, kappa = 1000.00
2021-08-06 13:15:08,810 - PARyOpt.paryopt - INFO - opt = 0, kappa = 1000.00
2021-08-06 13:15:08,823 - PARyOpt.paryopt - INFO - opt = 0, kappa = 1000.00
2021-08-06 13:15:08,833 - PARyOpt.paryopt - INFO - opt = 0, kappa = 1000.00
2021-08-06 13:15:08,844 - PARyOpt.paryopt - INFO - opt = 0, kappa = 1000.00
2021-08-06 13:15:08,855 - PARyOpt.paryopt - WARNING - Could not find surrogate optima 0 (all points near population)
2021-08-06 13:15:08,857 - PARyOpt.paryopt - INFO - Saved optimizer state from iter 5 to 6
2021-08-06 13:15:08,857 - PARyOpt.paryopt - INFO - Cost function evaluated! Number completed: 0, failed: 0 and pending: 0
2021-08-06 13:15:08,858 - PARyOpt.paryopt - INFO - Surrogate without failed points created! (5 points) 
2021-08-06 13:15:08,858 - PARyOpt.paryopt - INFO - Surrogate with failed points created! (5 points) 
2021-08-06 13:15:08,860 - PARyOpt.paryopt - INFO - Saved optimizer state for iteration 6.
2021-08-06 13:15:08,860 - PARyOpt.paryopt - WARNING - Failed to evaluate any new points during iteration 6.
2021-08-06 13:15:08,861 - PARyOpt.paryopt - INFO - Saved optimizer state for iteration 6.
2021-08-06 13:15:08,861 - PARyOpt.paryopt - INFO - 1 iterations completed, total population: 5, number of iterations: 6!
2021-08-06 13:15:08,862 - PARyOpt.paryopt - INFO - Surrogate without failed points created! (5 points) 
2021-08-06 13:15:08,862 - PARyOpt.paryopt - INFO - Surrogate with failed points created! (5 points) 
2021-08-06 13:15:08,863 - PARyOpt.paryopt - INFO - Surrogate without failed points created! (5 points) 
2021-08-06 13:15:08,863 - PARyOpt.paryopt - INFO - Surrogate with failed points created! (5 points) 
2021-08-06 13:15:08,864 - PARyOpt.paryopt - INFO - Surrogate without failed points created! (5 points) 
2021-08-06 13:15:08,864 - PARyOpt.paryopt - INFO - Surrogate with failed points created! (5 points) 
2021-08-06 13:15:08,865 - PARyOpt.paryopt - INFO - Surrogate without failed points created! (5 points) 
2021-08-06 13:15:08,865 - PARyOpt.paryopt - INFO - Surrogate with failed points created! (5 points) 
2021-08-06 13:15:08,866 - PARyOpt.paryopt - INFO - Surrogate without failed points created! (5 points) 
2021-08-06 13:15:08,867 - PARyOpt.paryopt - INFO - Surrogate with failed points created! (5 points) 
2021-08-06 13:15:08,868 - PARyOpt.paryopt - INFO - Surrogate without failed points created! (5 points) 
2021-08-06 13:15:08,868 - PARyOpt.paryopt - INFO - Surrogate with failed points created! (5 points) 
2021-08-06 13:15:08,869 - PARyOpt.paryopt - INFO - Surrogate without failed points created! (5 points) 
2021-08-06 13:15:08,869 - PARyOpt.paryopt - INFO - Surrogate with failed points created! (5 points) 
2021-08-06 13:15:08,870 - PARyOpt.paryopt - INFO - Surrogate without failed points created! (5 points) 
2021-08-06 13:15:08,870 - PARyOpt.paryopt - INFO - Surrogate with failed points created! (5 points) 
2021-08-06 13:15:08,871 - PARyOpt.paryopt - INFO - Surrogate without failed points created! (5 points) 
2021-08-06 13:15:08,871 - PARyOpt.paryopt - INFO - Surrogate with failed points created! (5 points) 
2021-08-06 13:15:08,872 - PARyOpt.paryopt - INFO - Surrogate without failed points created! (5 points) 
2021-08-06 13:15:08,872 - PARyOpt.paryopt - INFO - Surrogate with failed points created! (5 points) 
2021-08-06 13:15:08,873 - PARyOpt.paryopt - INFO - Surrogate without failed points created! (5 points) 
2021-08-06 13:15:08,873 - PARyOpt.paryopt - INFO - Surrogate with failed points created! (5 points) 
2021-08-06 13:15:08,874 - PARyOpt.paryopt - INFO - Surrogate without failed points created! (5 points) 
2021-08-06 13:15:08,874 - PARyOpt.paryopt - INFO - Surrogate with failed points created! (5 points) 
2021-08-06 13:15:08,875 - PARyOpt.paryopt - INFO - Surrogate without failed points created! (5 points) 
2021-08-06 13:15:08,875 - PARyOpt.paryopt - INFO - Surrogate with failed points created! (5 points) 
2021-08-06 13:15:08,876 - PARyOpt.paryopt - INFO - Surrogate without failed points created! (5 points) 
2021-08-06 13:15:08,876 - PARyOpt.paryopt - INFO - Surrogate with failed points created! (5 points) 
2021-08-06 13:15:08,877 - PARyOpt.paryopt - INFO - Surrogate without failed points created! (5 points) 
2021-08-06 13:15:08,877 - PARyOpt.paryopt - INFO - Surrogate with failed points created! (5 points) 
2021-08-06 13:15:08,878 - PARyOpt.paryopt - INFO - Surrogate without failed points created! (5 points) 
2021-08-06 13:15:08,878 - PARyOpt.paryopt - INFO - Surrogate with failed points created! (5 points) 
2021-08-06 13:15:08,879 - PARyOpt.paryopt - INFO - Surrogate without failed points created! (5 points) 
2021-08-06 13:15:08,879 - PARyOpt.paryopt - INFO - Surrogate with failed points created! (5 points) 
2021-08-06 13:15:08,880 - PARyOpt.paryopt - INFO - Surrogate without failed points created! (5 points) 
2021-08-06 13:15:08,881 - PARyOpt.paryopt - INFO - Surrogate with failed points created! (5 points) 
2021-08-06 13:15:08,881 - PARyOpt.paryopt - INFO - Surrogate without failed points created! (5 points) 
2021-08-06 13:15:08,882 - PARyOpt.paryopt - INFO - Surrogate with failed points created! (5 points) 
2021-08-06 13:15:08,882 - PARyOpt.paryopt - INFO - Surrogate without failed points created! (5 points) 
2021-08-06 13:15:08,883 - PARyOpt.paryopt - INFO - Surrogate with failed points created! (5 points) 
2021-08-06 13:15:08,883 - PARyOpt.paryopt - INFO - Surrogate without failed points created! (5 points) 
2021-08-06 13:15:08,884 - PARyOpt.paryopt - INFO - Surrogate with failed points created! (5 points) 
2021-08-06 13:15:08,884 - PARyOpt.paryopt - INFO - Surrogate without failed points created! (5 points) 
2021-08-06 13:15:08,885 - PARyOpt.paryopt - INFO - Surrogate with failed points created! (5 points) 
2021-08-06 13:15:08,885 - PARyOpt.paryopt - INFO - Surrogate without failed points created! (5 points) 
2021-08-06 13:15:08,886 - PARyOpt.paryopt - INFO - Surrogate with failed points created! (5 points) 
2021-08-06 13:15:08,886 - PARyOpt.paryopt - INFO - Surrogate without failed points created! (5 points) 
2021-08-06 13:15:08,887 - PARyOpt.paryopt - INFO - Surrogate with failed points created! (5 points) 
2021-08-06 13:15:08,887 - PARyOpt.paryopt - INFO - Surrogate without failed points created! (5 points) 
2021-08-06 13:15:08,888 - PARyOpt.paryopt - INFO - Surrogate with failed points created! (5 points) 
2021-08-06 13:15:08,888 - PARyOpt.paryopt - INFO - Surrogate without failed points created! (5 points) 
2021-08-06 13:15:08,889 - PARyOpt.paryopt - INFO - Surrogate with failed points created! (5 points) 
2021-08-06 13:15:08,889 - PARyOpt.paryopt - INFO - Surrogate without failed points created! (5 points) 
2021-08-06 13:15:08,890 - PARyOpt.paryopt - INFO - Surrogate with failed points created! (5 points) 
2021-08-06 13:15:08,890 - PARyOpt.paryopt - INFO - Surrogate without failed points created! (5 points) 
2021-08-06 13:15:08,891 - PARyOpt.paryopt - INFO - Surrogate with failed points created! (5 points) 
2021-08-06 13:15:08,891 - PARyOpt.paryopt - INFO - Surrogate without failed points created! (5 points) 
2021-08-06 13:15:08,892 - PARyOpt.paryopt - INFO - Surrogate with failed points created! (5 points) 
2021-08-06 13:15:08,893 - PARyOpt.paryopt - INFO - Surrogate without failed points created! (5 points) 
2021-08-06 13:15:08,893 - PARyOpt.paryopt - INFO - Surrogate with failed points created! (5 points) 
2021-08-06 13:15:08,894 - PARyOpt.paryopt - INFO - Surrogate without failed points created! (5 points) 
2021-08-06 13:15:08,894 - PARyOpt.paryopt - INFO - Surrogate with failed points created! (5 points) 
2021-08-06 13:15:08,895 - PARyOpt.paryopt - INFO - Surrogate without failed points created! (5 points) 
2021-08-06 13:15:08,895 - PARyOpt.paryopt - INFO - Surrogate with failed points created! (5 points) 
2021-08-06 13:15:08,895 - PARyOpt.paryopt - INFO - Kernel function parameter optimized: theta: 3.855172413793104, theta0: 1.0
2021-08-06 13:15:09,426 - PARyOpt.paryopt - INFO - opt = 0, kappa = 1000.00
2021-08-06 13:15:09,438 - PARyOpt.paryopt - INFO - opt = 0, kappa = 1000.00
2021-08-06 13:15:09,448 - PARyOpt.paryopt - INFO - opt = 0, kappa = 1000.00
2021-08-06 13:15:09,458 - PARyOpt.paryopt - INFO - opt = 0, kappa = 1000.00
2021-08-06 13:15:09,468 - PARyOpt.paryopt - INFO - opt = 0, kappa = 1000.00
2021-08-06 13:15:09,477 - PARyOpt.paryopt - INFO - opt = 0, kappa = 1000.00
2021-08-06 13:15:09,492 - PARyOpt.paryopt - INFO - opt = 0, kappa = 1000.00
2021-08-06 13:15:09,501 - PARyOpt.paryopt - INFO - opt = 0, kappa = 1000.00
2021-08-06 13:15:09,510 - PARyOpt.paryopt - INFO - opt = 0, kappa = 1000.00
2021-08-06 13:15:09,521 - PARyOpt.paryopt - INFO - opt = 0, kappa = 1000.00
2021-08-06 13:15:09,531 - PARyOpt.paryopt - WARNING - Could not find surrogate optima 0 (all points near population)
2021-08-06 13:15:09,532 - PARyOpt.paryopt - INFO - Saved optimizer state from iter 6 to 7
2021-08-06 13:15:09,532 - PARyOpt.paryopt - INFO - Cost function evaluated! Number completed: 0, failed: 0 and pending: 0
2021-08-06 13:15:09,533 - PARyOpt.paryopt - INFO - Surrogate without failed points created! (5 points) 
2021-08-06 13:15:09,533 - PARyOpt.paryopt - INFO - Surrogate with failed points created! (5 points) 
2021-08-06 13:15:09,534 - PARyOpt.paryopt - INFO - Saved optimizer state for iteration 7.
2021-08-06 13:15:09,534 - PARyOpt.paryopt - WARNING - Failed to evaluate any new points during iteration 7.
2021-08-06 13:15:09,535 - PARyOpt.paryopt - INFO - Saved optimizer state for iteration 7.
2021-08-06 13:15:09,535 - PARyOpt.paryopt - INFO - 1 iterations completed, total population: 5, number of iterations: 7!
2021-08-06 13:15:09,536 - PARyOpt.paryopt - INFO - Surrogate without failed points created! (5 points) 
2021-08-06 13:15:09,536 - PARyOpt.paryopt - INFO - Surrogate with failed points created! (5 points) 
2021-08-06 13:15:09,537 - PARyOpt.paryopt - INFO - Surrogate without failed points created! (5 points) 
2021-08-06 13:15:09,537 - PARyOpt.paryopt - INFO - Surrogate with failed points created! (5 points) 
2021-08-06 13:15:09,538 - PARyOpt.paryopt - INFO - Surrogate without failed points created! (5 points) 
2021-08-06 13:15:09,538 - PARyOpt.paryopt - INFO - Surrogate with failed points created! (5 points) 
2021-08-06 13:15:09,539 - PARyOpt.paryopt - INFO - Surrogate without failed points created! (5 points) 
2021-08-06 13:15:09,539 - PARyOpt.paryopt - INFO - Surrogate with failed points created! (5 points) 
2021-08-06 13:15:09,540 - PARyOpt.paryopt - INFO - Surrogate without failed points created! (5 points) 
2021-08-06 13:15:09,540 - PARyOpt.paryopt - INFO - Surrogate with failed points created! (5 points) 
2021-08-06 13:15:09,541 - PARyOpt.paryopt - INFO - Surrogate without failed points created! (5 points) 
2021-08-06 13:15:09,541 - PARyOpt.paryopt - INFO - Surrogate with failed points created! (5 points) 
2021-08-06 13:15:09,542 - PARyOpt.paryopt - INFO - Surrogate without failed points created! (5 points) 
2021-08-06 13:15:09,542 - PARyOpt.paryopt - INFO - Surrogate with failed points created! (5 points) 
2021-08-06 13:15:09,543 - PARyOpt.paryopt - INFO - Surrogate without failed points created! (5 points) 
2021-08-06 13:15:09,543 - PARyOpt.paryopt - INFO - Surrogate with failed points created! (5 points) 
2021-08-06 13:15:09,544 - PARyOpt.paryopt - INFO - Surrogate without failed points created! (5 points) 
2021-08-06 13:15:09,544 - PARyOpt.paryopt - INFO - Surrogate with failed points created! (5 points) 
2021-08-06 13:15:09,545 - PARyOpt.paryopt - INFO - Surrogate without failed points created! (5 points) 
2021-08-06 13:15:09,545 - PARyOpt.paryopt - INFO - Surrogate with failed points created! (5 points) 
2021-08-06 13:15:09,546 - PARyOpt.paryopt - INFO - Surrogate without failed points created! (5 points) 
2021-08-06 13:15:09,546 - PARyOpt.paryopt - INFO - Surrogate with failed points created! (5 points) 
2021-08-06 13:15:09,547 - PARyOpt.paryopt - INFO - Surrogate without failed points created! (5 points) 
2021-08-06 13:15:09,547 - PARyOpt.paryopt - INFO - Surrogate with failed points created! (5 points) 
2021-08-06 13:15:09,548 - PARyOpt.paryopt - INFO - Surrogate without failed points created! (5 points) 
2021-08-06 13:15:09,548 - PARyOpt.paryopt - INFO - Surrogate with failed points created! (5 points) 
2021-08-06 13:15:09,549 - PARyOpt.paryopt - INFO - Surrogate without failed points created! (5 points) 
2021-08-06 13:15:09,550 - PARyOpt.paryopt - INFO - Surrogate with failed points created! (5 points) 
2021-08-06 13:15:09,550 - PARyOpt.paryopt - INFO - Surrogate without failed points created! (5 points) 
2021-08-06 13:15:09,551 - PARyOpt.paryopt - INFO - Surrogate with failed points created! (5 points) 
2021-08-06 13:15:09,551 - PARyOpt.paryopt - INFO - Surrogate without failed points created! (5 points) 
2021-08-06 13:15:09,552 - PARyOpt.paryopt - INFO - Surrogate with failed points created! (5 points) 
2021-08-06 13:15:09,552 - PARyOpt.paryopt - INFO - Surrogate without failed points created! (5 points) 
2021-08-06 13:15:09,553 - PARyOpt.paryopt - INFO - Surrogate with failed points created! (5 points) 
2021-08-06 13:15:09,553 - PARyOpt.paryopt - INFO - Surrogate without failed points created! (5 points) 
2021-08-06 13:15:09,554 - PARyOpt.paryopt - INFO - Surrogate with failed points created! (5 points) 
2021-08-06 13:15:09,554 - PARyOpt.paryopt - INFO - Surrogate without failed points created! (5 points) 
2021-08-06 13:15:09,555 - PARyOpt.paryopt - INFO - Surrogate with failed points created! (5 points) 
2021-08-06 13:15:09,555 - PARyOpt.paryopt - INFO - Surrogate without failed points created! (5 points) 
2021-08-06 13:15:09,556 - PARyOpt.paryopt - INFO - Surrogate with failed points created! (5 points) 
2021-08-06 13:15:09,556 - PARyOpt.paryopt - INFO - Surrogate without failed points created! (5 points) 
2021-08-06 13:15:09,557 - PARyOpt.paryopt - INFO - Surrogate with failed points created! (5 points) 
2021-08-06 13:15:09,557 - PARyOpt.paryopt - INFO - Surrogate without failed points created! (5 points) 
2021-08-06 13:15:09,558 - PARyOpt.paryopt - INFO - Surrogate with failed points created! (5 points) 
2021-08-06 13:15:09,559 - PARyOpt.paryopt - INFO - Surrogate without failed points created! (5 points) 
2021-08-06 13:15:09,559 - PARyOpt.paryopt - INFO - Surrogate with failed points created! (5 points) 
2021-08-06 13:15:09,560 - PARyOpt.paryopt - INFO - Surrogate without failed points created! (5 points) 
2021-08-06 13:15:09,560 - PARyOpt.paryopt - INFO - Surrogate with failed points created! (5 points) 
2021-08-06 13:15:09,561 - PARyOpt.paryopt - INFO - Surrogate without failed points created! (5 points) 
2021-08-06 13:15:09,561 - PARyOpt.paryopt - INFO - Surrogate with failed points created! (5 points) 
2021-08-06 13:15:09,562 - PARyOpt.paryopt - INFO - Surrogate without failed points created! (5 points) 
2021-08-06 13:15:09,562 - PARyOpt.paryopt - INFO - Surrogate with failed points created! (5 points) 
2021-08-06 13:15:09,564 - PARyOpt.paryopt - INFO - Surrogate without failed points created! (5 points) 
2021-08-06 13:15:09,564 - PARyOpt.paryopt - INFO - Surrogate with failed points created! (5 points) 
2021-08-06 13:15:09,566 - PARyOpt.paryopt - INFO - Surrogate without failed points created! (5 points) 
2021-08-06 13:15:09,568 - PARyOpt.paryopt - INFO - Surrogate with failed points created! (5 points) 
2021-08-06 13:15:09,569 - PARyOpt.paryopt - INFO - Surrogate without failed points created! (5 points) 
2021-08-06 13:15:09,570 - PARyOpt.paryopt - INFO - Surrogate with failed points created! (5 points) 
2021-08-06 13:15:09,571 - PARyOpt.paryopt - INFO - Surrogate without failed points created! (5 points) 
2021-08-06 13:15:09,572 - PARyOpt.paryopt - INFO - Surrogate with failed points created! (5 points) 
2021-08-06 13:15:09,573 - PARyOpt.paryopt - INFO - Surrogate without failed points created! (5 points) 
2021-08-06 13:15:09,574 - PARyOpt.paryopt - INFO - Surrogate with failed points created! (5 points) 
2021-08-06 13:15:09,576 - PARyOpt.paryopt - INFO - Surrogate without failed points created! (5 points) 
2021-08-06 13:15:09,576 - PARyOpt.paryopt - INFO - Surrogate with failed points created! (5 points) 
2021-08-06 13:15:09,576 - PARyOpt.paryopt - INFO - Kernel function parameter optimized: theta: 3.855172413793104, theta0: 1.0
2021-08-06 13:15:09,577 - PARyOpt.paryopt - INFO - opt = 0, kappa = 1000.00
2021-08-06 13:15:09,592 - PARyOpt.paryopt - INFO - opt = 0, kappa = 1000.00
2021-08-06 13:15:09,606 - PARyOpt.paryopt - INFO - opt = 0, kappa = 1000.00
2021-08-06 13:15:09,627 - PARyOpt.paryopt - INFO - opt = 0, kappa = 1000.00
2021-08-06 13:15:09,642 - PARyOpt.paryopt - INFO - opt = 0, kappa = 1000.00
2021-08-06 13:15:09,650 - PARyOpt.paryopt - INFO - opt = 0, kappa = 1000.00
2021-08-06 13:15:09,662 - PARyOpt.paryopt - INFO - opt = 0, kappa = 1000.00
2021-08-06 13:15:09,671 - PARyOpt.paryopt - INFO - opt = 0, kappa = 1000.00
2021-08-06 13:15:09,680 - PARyOpt.paryopt - INFO - opt = 0, kappa = 1000.00
2021-08-06 13:15:09,691 - PARyOpt.paryopt - INFO - opt = 0, kappa = 1000.00
2021-08-06 13:15:09,701 - PARyOpt.paryopt - WARNING - Could not find surrogate optima 0 (all points near population)
2021-08-06 13:15:09,702 - PARyOpt.paryopt - INFO - Saved optimizer state from iter 7 to 8
2021-08-06 13:15:09,702 - PARyOpt.paryopt - INFO - Cost function evaluated! Number completed: 0, failed: 0 and pending: 0
2021-08-06 13:15:09,703 - PARyOpt.paryopt - INFO - Surrogate without failed points created! (5 points) 
2021-08-06 13:15:09,703 - PARyOpt.paryopt - INFO - Surrogate with failed points created! (5 points) 
2021-08-06 13:15:09,704 - PARyOpt.paryopt - INFO - Saved optimizer state for iteration 8.
2021-08-06 13:15:09,704 - PARyOpt.paryopt - WARNING - Failed to evaluate any new points during iteration 8.
2021-08-06 13:15:09,705 - PARyOpt.paryopt - INFO - Saved optimizer state for iteration 8.
2021-08-06 13:15:09,705 - PARyOpt.paryopt - INFO - 1 iterations completed, total population: 5, number of iterations: 8!
2021-08-06 13:15:09,706 - PARyOpt.paryopt - INFO - Surrogate without failed points created! (5 points) 
2021-08-06 13:15:09,706 - PARyOpt.paryopt - INFO - Surrogate with failed points created! (5 points) 
2021-08-06 13:15:09,707 - PARyOpt.paryopt - INFO - Surrogate without failed points created! (5 points) 
2021-08-06 13:15:09,707 - PARyOpt.paryopt - INFO - Surrogate with failed points created! (5 points) 
2021-08-06 13:15:09,708 - PARyOpt.paryopt - INFO - Surrogate without failed points created! (5 points) 
2021-08-06 13:15:09,708 - PARyOpt.paryopt - INFO - Surrogate with failed points created! (5 points) 
2021-08-06 13:15:09,709 - PARyOpt.paryopt - INFO - Surrogate without failed points created! (5 points) 
2021-08-06 13:15:09,710 - PARyOpt.paryopt - INFO - Surrogate with failed points created! (5 points) 
2021-08-06 13:15:09,711 - PARyOpt.paryopt - INFO - Surrogate without failed points created! (5 points) 
2021-08-06 13:15:09,711 - PARyOpt.paryopt - INFO - Surrogate with failed points created! (5 points) 
2021-08-06 13:15:09,712 - PARyOpt.paryopt - INFO - Surrogate without failed points created! (5 points) 
2021-08-06 13:15:09,712 - PARyOpt.paryopt - INFO - Surrogate with failed points created! (5 points) 
2021-08-06 13:15:09,713 - PARyOpt.paryopt - INFO - Surrogate without failed points created! (5 points) 
2021-08-06 13:15:09,713 - PARyOpt.paryopt - INFO - Surrogate with failed points created! (5 points) 
2021-08-06 13:15:09,714 - PARyOpt.paryopt - INFO - Surrogate without failed points created! (5 points) 
2021-08-06 13:15:09,714 - PARyOpt.paryopt - INFO - Surrogate with failed points created! (5 points) 
2021-08-06 13:15:09,715 - PARyOpt.paryopt - INFO - Surrogate without failed points created! (5 points) 
2021-08-06 13:15:09,715 - PARyOpt.paryopt - INFO - Surrogate with failed points created! (5 points) 
2021-08-06 13:15:09,716 - PARyOpt.paryopt - INFO - Surrogate without failed points created! (5 points) 
2021-08-06 13:15:09,716 - PARyOpt.paryopt - INFO - Surrogate with failed points created! (5 points) 
2021-08-06 13:15:09,717 - PARyOpt.paryopt - INFO - Surrogate without failed points created! (5 points) 
2021-08-06 13:15:09,717 - PARyOpt.paryopt - INFO - Surrogate with failed points created! (5 points) 
2021-08-06 13:15:09,718 - PARyOpt.paryopt - INFO - Surrogate without failed points created! (5 points) 
2021-08-06 13:15:09,718 - PARyOpt.paryopt - INFO - Surrogate with failed points created! (5 points) 
2021-08-06 13:15:09,719 - PARyOpt.paryopt - INFO - Surrogate without failed points created! (5 points) 
2021-08-06 13:15:09,719 - PARyOpt.paryopt - INFO - Surrogate with failed points created! (5 points) 
2021-08-06 13:15:09,720 - PARyOpt.paryopt - INFO - Surrogate without failed points created! (5 points) 
2021-08-06 13:15:09,720 - PARyOpt.paryopt - INFO - Surrogate with failed points created! (5 points) 
2021-08-06 13:15:09,721 - PARyOpt.paryopt - INFO - Surrogate without failed points created! (5 points) 
2021-08-06 13:15:09,721 - PARyOpt.paryopt - INFO - Surrogate with failed points created! (5 points) 
2021-08-06 13:15:09,722 - PARyOpt.paryopt - INFO - Surrogate without failed points created! (5 points) 
2021-08-06 13:15:09,722 - PARyOpt.paryopt - INFO - Surrogate with failed points created! (5 points) 
2021-08-06 13:15:09,723 - PARyOpt.paryopt - INFO - Surrogate without failed points created! (5 points) 
2021-08-06 13:15:09,723 - PARyOpt.paryopt - INFO - Surrogate with failed points created! (5 points) 
2021-08-06 13:15:09,724 - PARyOpt.paryopt - INFO - Surrogate without failed points created! (5 points) 
2021-08-06 13:15:09,725 - PARyOpt.paryopt - INFO - Surrogate with failed points created! (5 points) 
2021-08-06 13:15:09,726 - PARyOpt.paryopt - INFO - Surrogate without failed points created! (5 points) 
2021-08-06 13:15:09,726 - PARyOpt.paryopt - INFO - Surrogate with failed points created! (5 points) 
2021-08-06 13:15:09,727 - PARyOpt.paryopt - INFO - Surrogate without failed points created! (5 points) 
2021-08-06 13:15:09,727 - PARyOpt.paryopt - INFO - Surrogate with failed points created! (5 points) 
2021-08-06 13:15:09,728 - PARyOpt.paryopt - INFO - Surrogate without failed points created! (5 points) 
2021-08-06 13:15:09,728 - PARyOpt.paryopt - INFO - Surrogate with failed points created! (5 points) 
2021-08-06 13:15:09,729 - PARyOpt.paryopt - INFO - Surrogate without failed points created! (5 points) 
2021-08-06 13:15:09,729 - PARyOpt.paryopt - INFO - Surrogate with failed points created! (5 points) 
2021-08-06 13:15:09,730 - PARyOpt.paryopt - INFO - Surrogate without failed points created! (5 points) 
2021-08-06 13:15:09,730 - PARyOpt.paryopt - INFO - Surrogate with failed points created! (5 points) 
2021-08-06 13:15:09,731 - PARyOpt.paryopt - INFO - Surrogate without failed points created! (5 points) 
2021-08-06 13:15:09,731 - PARyOpt.paryopt - INFO - Surrogate with failed points created! (5 points) 
2021-08-06 13:15:09,732 - PARyOpt.paryopt - INFO - Surrogate without failed points created! (5 points) 
2021-08-06 13:15:09,733 - PARyOpt.paryopt - INFO - Surrogate with failed points created! (5 points) 
2021-08-06 13:15:09,733 - PARyOpt.paryopt - INFO - Surrogate without failed points created! (5 points) 
2021-08-06 13:15:09,734 - PARyOpt.paryopt - INFO - Surrogate with failed points created! (5 points) 
2021-08-06 13:15:09,734 - PARyOpt.paryopt - INFO - Surrogate without failed points created! (5 points) 
2021-08-06 13:15:09,735 - PARyOpt.paryopt - INFO - Surrogate with failed points created! (5 points) 
2021-08-06 13:15:09,735 - PARyOpt.paryopt - INFO - Surrogate without failed points created! (5 points) 
2021-08-06 13:15:09,736 - PARyOpt.paryopt - INFO - Surrogate with failed points created! (5 points) 
2021-08-06 13:15:09,736 - PARyOpt.paryopt - INFO - Surrogate without failed points created! (5 points) 
2021-08-06 13:15:09,737 - PARyOpt.paryopt - INFO - Surrogate with failed points created! (5 points) 
2021-08-06 13:15:09,739 - PARyOpt.paryopt - INFO - Surrogate without failed points created! (5 points) 
2021-08-06 13:15:09,740 - PARyOpt.paryopt - INFO - Surrogate with failed points created! (5 points) 
2021-08-06 13:15:09,741 - PARyOpt.paryopt - INFO - Surrogate without failed points created! (5 points) 
2021-08-06 13:15:09,742 - PARyOpt.paryopt - INFO - Surrogate with failed points created! (5 points) 
2021-08-06 13:15:09,743 - PARyOpt.paryopt - INFO - Surrogate without failed points created! (5 points) 
2021-08-06 13:15:09,743 - PARyOpt.paryopt - INFO - Surrogate with failed points created! (5 points) 
2021-08-06 13:15:09,744 - PARyOpt.paryopt - INFO - Kernel function parameter optimized: theta: 3.855172413793104, theta0: 1.0
2021-08-06 13:15:10,323 - PARyOpt.paryopt - INFO - opt = 0, kappa = 1000.00
2021-08-06 13:15:10,332 - PARyOpt.paryopt - INFO - opt = 0, kappa = 1000.00
2021-08-06 13:15:10,340 - PARyOpt.paryopt - INFO - opt = 0, kappa = 1000.00
2021-08-06 13:15:10,356 - PARyOpt.paryopt - INFO - opt = 0, kappa = 1000.00
2021-08-06 13:15:10,365 - PARyOpt.paryopt - INFO - opt = 0, kappa = 1000.00
2021-08-06 13:15:10,373 - PARyOpt.paryopt - INFO - opt = 0, kappa = 1000.00
2021-08-06 13:15:10,383 - PARyOpt.paryopt - INFO - opt = 0, kappa = 1000.00
2021-08-06 13:15:10,394 - PARyOpt.paryopt - INFO - opt = 0, kappa = 1000.00
2021-08-06 13:15:10,403 - PARyOpt.paryopt - INFO - opt = 0, kappa = 1000.00
2021-08-06 13:15:10,414 - PARyOpt.paryopt - INFO - opt = 0, kappa = 1000.00
2021-08-06 13:15:10,423 - PARyOpt.paryopt - WARNING - Could not find surrogate optima 0 (all points near population)
2021-08-06 13:15:10,424 - PARyOpt.paryopt - INFO - Saved optimizer state from iter 8 to 9
2021-08-06 13:15:10,424 - PARyOpt.paryopt - INFO - Cost function evaluated! Number completed: 0, failed: 0 and pending: 0
2021-08-06 13:15:10,424 - PARyOpt.paryopt - INFO - Surrogate without failed points created! (5 points) 
2021-08-06 13:15:10,425 - PARyOpt.paryopt - INFO - Surrogate with failed points created! (5 points) 
2021-08-06 13:15:10,426 - PARyOpt.paryopt - INFO - Saved optimizer state for iteration 9.
2021-08-06 13:15:10,426 - PARyOpt.paryopt - WARNING - Failed to evaluate any new points during iteration 9.
2021-08-06 13:15:10,427 - PARyOpt.paryopt - INFO - Saved optimizer state for iteration 9.
2021-08-06 13:15:10,427 - PARyOpt.paryopt - INFO - 1 iterations completed, total population: 5, number of iterations: 9!
2021-08-06 13:15:10,428 - PARyOpt.paryopt - INFO - Surrogate without failed points created! (5 points) 
2021-08-06 13:15:10,428 - PARyOpt.paryopt - INFO - Surrogate with failed points created! (5 points) 
2021-08-06 13:15:10,430 - PARyOpt.paryopt - INFO - Surrogate without failed points created! (5 points) 
2021-08-06 13:15:10,431 - PARyOpt.paryopt - INFO - Surrogate with failed points created! (5 points) 
2021-08-06 13:15:10,433 - PARyOpt.paryopt - INFO - Surrogate without failed points created! (5 points) 
2021-08-06 13:15:10,433 - PARyOpt.paryopt - INFO - Surrogate with failed points created! (5 points) 
2021-08-06 13:15:10,434 - PARyOpt.paryopt - INFO - Surrogate without failed points created! (5 points) 
2021-08-06 13:15:10,434 - PARyOpt.paryopt - INFO - Surrogate with failed points created! (5 points) 
2021-08-06 13:15:10,435 - PARyOpt.paryopt - INFO - Surrogate without failed points created! (5 points) 
2021-08-06 13:15:10,435 - PARyOpt.paryopt - INFO - Surrogate with failed points created! (5 points) 
2021-08-06 13:15:10,436 - PARyOpt.paryopt - INFO - Surrogate without failed points created! (5 points) 
2021-08-06 13:15:10,436 - PARyOpt.paryopt - INFO - Surrogate with failed points created! (5 points) 
2021-08-06 13:15:10,437 - PARyOpt.paryopt - INFO - Surrogate without failed points created! (5 points) 
2021-08-06 13:15:10,437 - PARyOpt.paryopt - INFO - Surrogate with failed points created! (5 points) 
2021-08-06 13:15:10,438 - PARyOpt.paryopt - INFO - Surrogate without failed points created! (5 points) 
2021-08-06 13:15:10,439 - PARyOpt.paryopt - INFO - Surrogate with failed points created! (5 points) 
2021-08-06 13:15:10,439 - PARyOpt.paryopt - INFO - Surrogate without failed points created! (5 points) 
2021-08-06 13:15:10,440 - PARyOpt.paryopt - INFO - Surrogate with failed points created! (5 points) 
2021-08-06 13:15:10,440 - PARyOpt.paryopt - INFO - Surrogate without failed points created! (5 points) 
2021-08-06 13:15:10,441 - PARyOpt.paryopt - INFO - Surrogate with failed points created! (5 points) 
2021-08-06 13:15:10,441 - PARyOpt.paryopt - INFO - Surrogate without failed points created! (5 points) 
2021-08-06 13:15:10,442 - PARyOpt.paryopt - INFO - Surrogate with failed points created! (5 points) 
2021-08-06 13:15:10,443 - PARyOpt.paryopt - INFO - Surrogate without failed points created! (5 points) 
2021-08-06 13:15:10,443 - PARyOpt.paryopt - INFO - Surrogate with failed points created! (5 points) 
2021-08-06 13:15:10,444 - PARyOpt.paryopt - INFO - Surrogate without failed points created! (5 points) 
2021-08-06 13:15:10,444 - PARyOpt.paryopt - INFO - Surrogate with failed points created! (5 points) 
2021-08-06 13:15:10,445 - PARyOpt.paryopt - INFO - Surrogate without failed points created! (5 points) 
2021-08-06 13:15:10,445 - PARyOpt.paryopt - INFO - Surrogate with failed points created! (5 points) 
2021-08-06 13:15:10,446 - PARyOpt.paryopt - INFO - Surrogate without failed points created! (5 points) 
2021-08-06 13:15:10,446 - PARyOpt.paryopt - INFO - Surrogate with failed points created! (5 points) 
2021-08-06 13:15:10,447 - PARyOpt.paryopt - INFO - Surrogate without failed points created! (5 points) 
2021-08-06 13:15:10,447 - PARyOpt.paryopt - INFO - Surrogate with failed points created! (5 points) 
2021-08-06 13:15:10,448 - PARyOpt.paryopt - INFO - Surrogate without failed points created! (5 points) 
2021-08-06 13:15:10,448 - PARyOpt.paryopt - INFO - Surrogate with failed points created! (5 points) 
2021-08-06 13:15:10,449 - PARyOpt.paryopt - INFO - Surrogate without failed points created! (5 points) 
2021-08-06 13:15:10,449 - PARyOpt.paryopt - INFO - Surrogate with failed points created! (5 points) 
2021-08-06 13:15:10,450 - PARyOpt.paryopt - INFO - Surrogate without failed points created! (5 points) 
2021-08-06 13:15:10,451 - PARyOpt.paryopt - INFO - Surrogate with failed points created! (5 points) 
2021-08-06 13:15:10,451 - PARyOpt.paryopt - INFO - Surrogate without failed points created! (5 points) 
2021-08-06 13:15:10,452 - PARyOpt.paryopt - INFO - Surrogate with failed points created! (5 points) 
2021-08-06 13:15:10,452 - PARyOpt.paryopt - INFO - Surrogate without failed points created! (5 points) 
2021-08-06 13:15:10,453 - PARyOpt.paryopt - INFO - Surrogate with failed points created! (5 points) 
2021-08-06 13:15:10,454 - PARyOpt.paryopt - INFO - Surrogate without failed points created! (5 points) 
2021-08-06 13:15:10,454 - PARyOpt.paryopt - INFO - Surrogate with failed points created! (5 points) 
2021-08-06 13:15:10,455 - PARyOpt.paryopt - INFO - Surrogate without failed points created! (5 points) 
2021-08-06 13:15:10,455 - PARyOpt.paryopt - INFO - Surrogate with failed points created! (5 points) 
2021-08-06 13:15:10,456 - PARyOpt.paryopt - INFO - Surrogate without failed points created! (5 points) 
2021-08-06 13:15:10,456 - PARyOpt.paryopt - INFO - Surrogate with failed points created! (5 points) 
2021-08-06 13:15:10,457 - PARyOpt.paryopt - INFO - Surrogate without failed points created! (5 points) 
2021-08-06 13:15:10,457 - PARyOpt.paryopt - INFO - Surrogate with failed points created! (5 points) 
2021-08-06 13:15:10,458 - PARyOpt.paryopt - INFO - Surrogate without failed points created! (5 points) 
2021-08-06 13:15:10,459 - PARyOpt.paryopt - INFO - Surrogate with failed points created! (5 points) 
2021-08-06 13:15:10,459 - PARyOpt.paryopt - INFO - Surrogate without failed points created! (5 points) 
2021-08-06 13:15:10,460 - PARyOpt.paryopt - INFO - Surrogate with failed points created! (5 points) 
2021-08-06 13:15:10,460 - PARyOpt.paryopt - INFO - Surrogate without failed points created! (5 points) 
2021-08-06 13:15:10,461 - PARyOpt.paryopt - INFO - Surrogate with failed points created! (5 points) 
2021-08-06 13:15:10,461 - PARyOpt.paryopt - INFO - Surrogate without failed points created! (5 points) 
2021-08-06 13:15:10,462 - PARyOpt.paryopt - INFO - Surrogate with failed points created! (5 points) 
2021-08-06 13:15:10,462 - PARyOpt.paryopt - INFO - Surrogate without failed points created! (5 points) 
2021-08-06 13:15:10,463 - PARyOpt.paryopt - INFO - Surrogate with failed points created! (5 points) 
2021-08-06 13:15:10,464 - PARyOpt.paryopt - INFO - Surrogate without failed points created! (5 points) 
2021-08-06 13:15:10,464 - PARyOpt.paryopt - INFO - Surrogate with failed points created! (5 points) 
2021-08-06 13:15:10,465 - PARyOpt.paryopt - INFO - Surrogate without failed points created! (5 points) 
2021-08-06 13:15:10,465 - PARyOpt.paryopt - INFO - Surrogate with failed points created! (5 points) 
2021-08-06 13:15:10,465 - PARyOpt.paryopt - INFO - Kernel function parameter optimized: theta: 3.855172413793104, theta0: 1.0
2021-08-06 13:15:10,465 - PARyOpt.paryopt - INFO - opt = 0, kappa = 1000.00
2021-08-06 13:15:10,473 - PARyOpt.paryopt - INFO - opt = 0, kappa = 1000.00
2021-08-06 13:15:10,485 - PARyOpt.paryopt - INFO - opt = 0, kappa = 1000.00
2021-08-06 13:15:10,495 - PARyOpt.paryopt - INFO - opt = 0, kappa = 1000.00
2021-08-06 13:15:10,504 - PARyOpt.paryopt - INFO - opt = 0, kappa = 1000.00
2021-08-06 13:15:10,512 - PARyOpt.paryopt - INFO - opt = 0, kappa = 1000.00
2021-08-06 13:15:10,529 - PARyOpt.paryopt - INFO - opt = 0, kappa = 1000.00
2021-08-06 13:15:10,546 - PARyOpt.paryopt - INFO - opt = 0, kappa = 1000.00
2021-08-06 13:15:10,555 - PARyOpt.paryopt - INFO - opt = 0, kappa = 1000.00
2021-08-06 13:15:10,567 - PARyOpt.paryopt - INFO - opt = 0, kappa = 1000.00
2021-08-06 13:15:10,576 - PARyOpt.paryopt - WARNING - Could not find surrogate optima 0 (all points near population)
2021-08-06 13:15:10,578 - PARyOpt.paryopt - INFO - Saved optimizer state from iter 9 to 10
2021-08-06 13:15:10,578 - PARyOpt.paryopt - INFO - Cost function evaluated! Number completed: 0, failed: 0 and pending: 0
2021-08-06 13:15:10,578 - PARyOpt.paryopt - INFO - Surrogate without failed points created! (5 points) 
2021-08-06 13:15:10,579 - PARyOpt.paryopt - INFO - Surrogate with failed points created! (5 points) 
2021-08-06 13:15:10,580 - PARyOpt.paryopt - INFO - Saved optimizer state for iteration 10.
2021-08-06 13:15:10,581 - PARyOpt.paryopt - WARNING - Failed to evaluate any new points during iteration 10.
2021-08-06 13:15:10,582 - PARyOpt.paryopt - INFO - Saved optimizer state for iteration 10.
2021-08-06 13:15:10,582 - PARyOpt.paryopt - INFO - 1 iterations completed, total population: 5, number of iterations: 10!
2021-08-06 13:15:10,584 - PARyOpt.paryopt - INFO - Surrogate without failed points created! (5 points) 
2021-08-06 13:15:10,584 - PARyOpt.paryopt - INFO - Surrogate with failed points created! (5 points) 
2021-08-06 13:15:10,586 - PARyOpt.paryopt - INFO - Surrogate without failed points created! (5 points) 
2021-08-06 13:15:10,587 - PARyOpt.paryopt - INFO - Surrogate with failed points created! (5 points) 
2021-08-06 13:15:10,588 - PARyOpt.paryopt - INFO - Surrogate without failed points created! (5 points) 
2021-08-06 13:15:10,589 - PARyOpt.paryopt - INFO - Surrogate with failed points created! (5 points) 
2021-08-06 13:15:10,590 - PARyOpt.paryopt - INFO - Surrogate without failed points created! (5 points) 
2021-08-06 13:15:10,591 - PARyOpt.paryopt - INFO - Surrogate with failed points created! (5 points) 
2021-08-06 13:15:10,592 - PARyOpt.paryopt - INFO - Surrogate without failed points created! (5 points) 
2021-08-06 13:15:10,593 - PARyOpt.paryopt - INFO - Surrogate with failed points created! (5 points) 
2021-08-06 13:15:10,594 - PARyOpt.paryopt - INFO - Surrogate without failed points created! (5 points) 
2021-08-06 13:15:10,595 - PARyOpt.paryopt - INFO - Surrogate with failed points created! (5 points) 
2021-08-06 13:15:10,596 - PARyOpt.paryopt - INFO - Surrogate without failed points created! (5 points) 
2021-08-06 13:15:10,597 - PARyOpt.paryopt - INFO - Surrogate with failed points created! (5 points) 
2021-08-06 13:15:10,598 - PARyOpt.paryopt - INFO - Surrogate without failed points created! (5 points) 
2021-08-06 13:15:10,599 - PARyOpt.paryopt - INFO - Surrogate with failed points created! (5 points) 
2021-08-06 13:15:10,600 - PARyOpt.paryopt - INFO - Surrogate without failed points created! (5 points) 
2021-08-06 13:15:10,601 - PARyOpt.paryopt - INFO - Surrogate with failed points created! (5 points) 
2021-08-06 13:15:10,602 - PARyOpt.paryopt - INFO - Surrogate without failed points created! (5 points) 
2021-08-06 13:15:10,604 - PARyOpt.paryopt - INFO - Surrogate with failed points created! (5 points) 
2021-08-06 13:15:10,607 - PARyOpt.paryopt - INFO - Surrogate without failed points created! (5 points) 
2021-08-06 13:15:10,607 - PARyOpt.paryopt - INFO - Surrogate with failed points created! (5 points) 
2021-08-06 13:15:10,609 - PARyOpt.paryopt - INFO - Surrogate without failed points created! (5 points) 
2021-08-06 13:15:10,610 - PARyOpt.paryopt - INFO - Surrogate with failed points created! (5 points) 
2021-08-06 13:15:10,611 - PARyOpt.paryopt - INFO - Surrogate without failed points created! (5 points) 
2021-08-06 13:15:10,611 - PARyOpt.paryopt - INFO - Surrogate with failed points created! (5 points) 
2021-08-06 13:15:10,612 - PARyOpt.paryopt - INFO - Surrogate without failed points created! (5 points) 
2021-08-06 13:15:10,612 - PARyOpt.paryopt - INFO - Surrogate with failed points created! (5 points) 
2021-08-06 13:15:10,613 - PARyOpt.paryopt - INFO - Surrogate without failed points created! (5 points) 
2021-08-06 13:15:10,613 - PARyOpt.paryopt - INFO - Surrogate with failed points created! (5 points) 
2021-08-06 13:15:10,614 - PARyOpt.paryopt - INFO - Surrogate without failed points created! (5 points) 
2021-08-06 13:15:10,615 - PARyOpt.paryopt - INFO - Surrogate with failed points created! (5 points) 
2021-08-06 13:15:10,615 - PARyOpt.paryopt - INFO - Surrogate without failed points created! (5 points) 
2021-08-06 13:15:10,616 - PARyOpt.paryopt - INFO - Surrogate with failed points created! (5 points) 
2021-08-06 13:15:10,616 - PARyOpt.paryopt - INFO - Surrogate without failed points created! (5 points) 
2021-08-06 13:15:10,617 - PARyOpt.paryopt - INFO - Surrogate with failed points created! (5 points) 
2021-08-06 13:15:10,617 - PARyOpt.paryopt - INFO - Surrogate without failed points created! (5 points) 
2021-08-06 13:15:10,618 - PARyOpt.paryopt - INFO - Surrogate with failed points created! (5 points) 
2021-08-06 13:15:10,618 - PARyOpt.paryopt - INFO - Surrogate without failed points created! (5 points) 
2021-08-06 13:15:10,619 - PARyOpt.paryopt - INFO - Surrogate with failed points created! (5 points) 
2021-08-06 13:15:10,620 - PARyOpt.paryopt - INFO - Surrogate without failed points created! (5 points) 
2021-08-06 13:15:10,620 - PARyOpt.paryopt - INFO - Surrogate with failed points created! (5 points) 
2021-08-06 13:15:10,621 - PARyOpt.paryopt - INFO - Surrogate without failed points created! (5 points) 
2021-08-06 13:15:10,621 - PARyOpt.paryopt - INFO - Surrogate with failed points created! (5 points) 
2021-08-06 13:15:10,622 - PARyOpt.paryopt - INFO - Surrogate without failed points created! (5 points) 
2021-08-06 13:15:10,622 - PARyOpt.paryopt - INFO - Surrogate with failed points created! (5 points) 
2021-08-06 13:15:10,623 - PARyOpt.paryopt - INFO - Surrogate without failed points created! (5 points) 
2021-08-06 13:15:10,623 - PARyOpt.paryopt - INFO - Surrogate with failed points created! (5 points) 
2021-08-06 13:15:10,624 - PARyOpt.paryopt - INFO - Surrogate without failed points created! (5 points) 
2021-08-06 13:15:10,624 - PARyOpt.paryopt - INFO - Surrogate with failed points created! (5 points) 
2021-08-06 13:15:10,625 - PARyOpt.paryopt - INFO - Surrogate without failed points created! (5 points) 
2021-08-06 13:15:10,625 - PARyOpt.paryopt - INFO - Surrogate with failed points created! (5 points) 
2021-08-06 13:15:10,626 - PARyOpt.paryopt - INFO - Surrogate without failed points created! (5 points) 
2021-08-06 13:15:10,627 - PARyOpt.paryopt - INFO - Surrogate with failed points created! (5 points) 
2021-08-06 13:15:10,627 - PARyOpt.paryopt - INFO - Surrogate without failed points created! (5 points) 
2021-08-06 13:15:10,628 - PARyOpt.paryopt - INFO - Surrogate with failed points created! (5 points) 
2021-08-06 13:15:10,628 - PARyOpt.paryopt - INFO - Surrogate without failed points created! (5 points) 
2021-08-06 13:15:10,629 - PARyOpt.paryopt - INFO - Surrogate with failed points created! (5 points) 
2021-08-06 13:15:10,629 - PARyOpt.paryopt - INFO - Surrogate without failed points created! (5 points) 
2021-08-06 13:15:10,630 - PARyOpt.paryopt - INFO - Surrogate with failed points created! (5 points) 
2021-08-06 13:15:10,631 - PARyOpt.paryopt - INFO - Surrogate without failed points created! (5 points) 
2021-08-06 13:15:10,631 - PARyOpt.paryopt - INFO - Surrogate with failed points created! (5 points) 
2021-08-06 13:15:10,632 - PARyOpt.paryopt - INFO - Surrogate without failed points created! (5 points) 
2021-08-06 13:15:10,632 - PARyOpt.paryopt - INFO - Surrogate with failed points created! (5 points) 
2021-08-06 13:15:10,632 - PARyOpt.paryopt - INFO - Kernel function parameter optimized: theta: 3.855172413793104, theta0: 1.0
2021-08-06 13:15:11,176 - root - INFO - Optimization done for 10 iterations, best evaluation is at [6.] with cost: 15.5625
2021-08-06 13:15:11,186 - root - INFO - Data exported to ../temp/example_0_data.csv
