2022-02-21 20:29:26,920 [MainThread] INFO  commons.py::log_init(@Line:74) Logger init. filename=application.log level=10 mode=a append=False 
2022-02-21 20:29:26,921 [MainThread] INFO  properties.py::_parse(@Line:141) Successfully loaded 3 properties from:
	=>/Users/hjunior/GIT-Repository/GitHub/hspylib/modules/vault/src/main/vault/resources/application.properties 
2022-02-21 20:29:26,921 [MainThread] INFO  app_config.py::__init__(@Line:54) 
-=-=-=-=-=-=-=-=-=-=-=-=-=-=-=-=-=-=-=-=-=-=-=-=-=-=-=-=-=-=-=-=-=-=-=-=-=-=-=-=
AppConfigs
  |-RunDir = /Users/hjunior/GIT-Repository/GitHub/hspylib/modules/vault/src/main/vault
  |-ResourceDir = /Users/hjunior/GIT-Repository/GitHub/hspylib/modules/vault/src/main/vault/resources
  |-LogFile = /Users/hjunior/GIT-Repository/GitHub/hspylib/modules/vault/src/main/vault/resources/log/application.log
  |-AppProperties:
   \-hhs.vault.file=
   |-hhs.vault.user=
   |-hhs.vault.passphrase=
-=-=-=-=-=-=-=-=-=-=-=-=-=-=-=-=-=-=-=-=-=-=-=-=-=-=-=-=-=-=-=-=-=-=-=-=-=-=-=-= 
2022-02-21 20:29:26,922 [MainThread] DEBUG file_storage.py::load(@Line:38) File storage filename=resources/sample.vault.unlocked loaded 0 entries 
2022-02-21 20:29:26,922 [MainThread] DEBUG file_storage.py::__init__(@Line:28) File storage filename=resources/sample.vault.unlocked created and loaded entries=0 
2022-02-21 20:29:26,922 [MainThread] INFO  application.py::run(@Line:89) Run started 2022-02-21 20:29:26.922689 
2022-02-21 20:29:26,925 [MainThread] INFO  __main__.py::_main(@Line:74) 
HSPyLib Vault v0.9.8

Settings ==============================
        VAULT_USER: test
        VAULT_FILE: resources/sample.vault
        STARTED: 2022-02-21 20:29:26
 
2022-02-21 20:29:30,052 [MainThread] DEBUG vault.py::_unlock_vault(@Line:211) Vault file is decrypted 
2022-02-21 20:29:30,053 [MainThread] DEBUG vault.py::open(@Line:56) Vault open and unlocked 
2022-02-21 20:29:30,055 [MainThread] DEBUG file_storage.py::load(@Line:38) File storage filename=resources/sample.vault.unlocked loaded 2 entries 
2022-02-21 20:29:30,056 [MainThread] DEBUG vault.py::get(@Line:127) Vault get issued. User=hjunior 
2022-02-21 20:29:30,130 [MainThread] DEBUG vault.py::_lock_vault(@Line:198) Vault file is encrypted 
2022-02-21 20:29:30,131 [MainThread] DEBUG vault.py::close(@Line:71) Vault closed and locked 
2022-02-21 20:29:30,131 [MainThread] DEBUG application.py::run(@Line:95) Command line arguments: Namespace(operation='get', name='Test1') 
2022-02-21 20:29:30,131 [MainThread] INFO  application.py::run(@Line:100) Run finished 2022-02-21 20:29:30.131574 
